#
# There is insufficient memory for the Java Runtime Environment to continue.
# Native memory allocation (mmap) failed to map 268435456 bytes for G1 virtual space
# Possible reasons:
#   The system is out of physical RAM or swap space
#   The process is running with CompressedOops enabled, and the Java Heap may be blocking the growth of the native heap
# Possible solutions:
#   Reduce memory load on the system
#   Increase physical memory or swap space
#   Check if swap backing store is full
#   Decrease Java heap size (-Xmx/-Xms)
#   Decrease number of Java threads
#   Decrease Java thread stack sizes (-Xss)
#   Set larger code cache with -XX:ReservedCodeCacheSize=
#   JVM is running with Zero Based Compressed Oops mode in which the Java heap is
#     placed in the first 32GB address space. The Java Heap base address is the
#     maximum limit for the native heap growth. Please use -XX:HeapBaseMinAddress
#     to set the Java Heap base and to place the Java Heap above 32GB virtual address.
# This output file may be truncated or incomplete.
#
#  Out of Memory Error (os_windows.cpp:3825), pid=9488, tid=4896
#
# JRE version:  (17.0.9) (build )
# Java VM: OpenJDK 64-Bit Server VM (17.0.9+0--11185874, mixed mode, sharing, tiered, compressed oops, compressed class ptrs, g1 gc, windows-amd64)
# No core dump will be written. Minidumps are not enabled by default on client versions of Windows
#

---------------  S U M M A R Y ------------

Command Line: git4idea.http.GitAskPassApp Username for 'https://github.com': 

Host: Intel(R) Xeon(R) CPU E3-1535M v5 @ 2.90GHz, 8 cores, 15G,  Windows 10 , 64 bit Build 19041 (10.0.19041.3031)
Time: Tue Apr 30 19:49:39 2024 Egypt Daylight Time elapsed time: 0.386509 seconds (0d 0h 0m 0s)

---------------  T H R E A D  ---------------

Current thread (0x0000017e9bfc23f0):  JavaThread "Unknown thread" [_thread_in_vm, id=4896, stack(0x0000001131a00000,0x0000001131b00000)]

Stack: [0x0000001131a00000,0x0000001131b00000]
Native frames: (J=compiled Java code, j=interpreted, Vv=VM code, C=native code)
V  [jvm.dll+0x6886e9]
V  [jvm.dll+0x841e4a]
V  [jvm.dll+0x843a8e]
V  [jvm.dll+0x8440f3]
V  [jvm.dll+0x24c14f]
V  [jvm.dll+0x685499]
V  [jvm.dll+0x679c2a]
V  [jvm.dll+0x30cf9b]
V  [jvm.dll+0x314446]
V  [jvm.dll+0x36425e]
V  [jvm.dll+0x36448f]
V  [jvm.dll+0x2e2d68]
V  [jvm.dll+0x2e3cd4]
V  [jvm.dll+0x8129f1]
V  [jvm.dll+0x3720c1]
V  [jvm.dll+0x7f152c]
V  [jvm.dll+0x3f5d4f]
V  [jvm.dll+0x3f7981]
C  [jli.dll+0x528f]
C  [ucrtbase.dll+0x21bb2]
C  [KERNEL32.DLL+0x17614]
C  [ntdll.dll+0x526f1]


---------------  P R O C E S S  ---------------

Threads class SMR info:
_java_thread_list=0x00007ffb9ea1ef18, length=0, elements={
}

Java Threads: ( => current thread )

Other Threads:
  0x0000017e9c030c60 GCTaskThread "GC Thread#0" [stack: 0x0000001131b00000,0x0000001131c00000] [id=1760]
  0x0000017e9c041a60 ConcurrentGCThread "G1 Main Marker" [stack: 0x0000001131c00000,0x0000001131d00000] [id=13176]
  0x0000017e9c042b30 ConcurrentGCThread "G1 Conc#0" [stack: 0x0000001131d00000,0x0000001131e00000] [id=17440]

[error occurred during error reporting (printing all threads), id 0xc0000005, EXCEPTION_ACCESS_VIOLATION (0xc0000005) at pc=0x00007ffb9e1d3937]

VM state: not at safepoint (not fully initialized)

VM Mutex/Monitor currently owned by a thread:  ([mutex/lock_event])
[0x0000017e9bfbd9b0] Heap_lock - owner thread: 0x0000017e9bfc23f0

Heap address: 0x0000000701200000, size: 4078 MB, Compressed Oops mode: Zero based, Oop shift amount: 3

CDS archive(s) mapped at: [0x0000000000000000-0x0000000000000000-0x0000000000000000), size 0, SharedBaseAddress: 0x0000000800000000, ArchiveRelocationMode: 1.
Narrow klass base: 0x0000000000000000, Narrow klass shift: 0, Narrow klass range: 0x0

GC Precious Log:
<Empty>

Heap:
 garbage-first heap   total 0K, used 0K [0x0000000701200000, 0x0000000800000000)
  region size 2048K, 0 young (0K), 0 survivors (0K)
 Metaspace       used 0K, committed 0K, reserved 0K
  class space    used 0K, committed 0K, reserved 0K

Heap Regions: E=young(eden), S=young(survivor), O=old, HS=humongous(starts), HC=humongous(continues), CS=collection set, F=free, OA=open archive, CA=closed archive, TAMS=top-at-mark-start (previous, next)

Card table byte_map: [0x0000017eaefd0000,0x0000017eaf7d0000] _byte_map_base: 0x0000017eab7c7000

Marking Bits (Prev, Next): (CMBitMap*) 0x0000017e9c031190, (CMBitMap*) 0x0000017e9c0311d0
 Prev Bits: [0x0000017eaffd0000, 0x0000017eb3f88000)
 Next Bits: [0x0000017eb3f90000, 0x0000017eb7f48000)

GC Heap History (0 events):
No events

Dll operation events (1 events):
Event: 0.047 Loaded shared library C:\Program Files\Android\Android Studio3\jbr\bin\java.dll

Deoptimization events (0 events):
No events

Classes unloaded (0 events):
No events

Classes redefined (0 events):
No events

Internal exceptions (0 events):
No events

VM Operations (0 events):
No events

Events (0 events):
No events


Dynamic libraries:
0x00007ff7d6d80000 - 0x00007ff7d6d8a000 	C:\Program Files\Android\Android Studio3\jbr\bin\java.exe
0x00007ffbf4350000 - 0x00007ffbf4548000 	C:\WINDOWS\SYSTEM32\ntdll.dll
0x00007ffbbfb70000 - 0x00007ffbbfb89000 	C:\Program Files\Avast Software\Avast\aswhook.dll
0x00007ffbf23d0000 - 0x00007ffbf248f000 	C:\WINDOWS\System32\KERNEL32.DLL
0x00007ffbf1a60000 - 0x00007ffbf1d56000 	C:\WINDOWS\System32\KERNELBASE.dll
0x00007ffbf1d60000 - 0x00007ffbf1e60000 	C:\WINDOWS\System32\ucrtbase.dll
0x00007ffbe39b0000 - 0x00007ffbe39cb000 	C:\Program Files\Android\Android Studio3\jbr\bin\VCRUNTIME140.dll
0x00007ffbe8f50000 - 0x00007ffbe8f67000 	C:\Program Files\Android\Android Studio3\jbr\bin\jli.dll
0x00007ffbf2870000 - 0x00007ffbf2a0d000 	C:\WINDOWS\System32\USER32.dll
0x00007ffbf1eb0000 - 0x00007ffbf1ed2000 	C:\WINDOWS\System32\win32u.dll
0x00007ffbe2320000 - 0x00007ffbe25ba000 	C:\WINDOWS\WinSxS\amd64_microsoft.windows.common-controls_6595b64144ccf1df_6.0.19041.1110_none_60b5254171f9507e\COMCTL32.dll
0x00007ffbf39b0000 - 0x00007ffbf39dc000 	C:\WINDOWS\System32\GDI32.dll
0x00007ffbf2fb0000 - 0x00007ffbf304e000 	C:\WINDOWS\System32\msvcrt.dll
0x00007ffbf2010000 - 0x00007ffbf2125000 	C:\WINDOWS\System32\gdi32full.dll
0x00007ffbf1ee0000 - 0x00007ffbf1f7d000 	C:\WINDOWS\System32\msvcp_win.dll
0x00007ffbf3510000 - 0x00007ffbf3540000 	C:\WINDOWS\System32\IMM32.DLL
0x00007ffbeb070000 - 0x00007ffbeb07c000 	C:\Program Files\Android\Android Studio3\jbr\bin\vcruntime140_1.dll
0x00007ffbd2400000 - 0x00007ffbd248d000 	C:\Program Files\Android\Android Studio3\jbr\bin\msvcp140.dll
0x00007ffb9dee0000 - 0x00007ffb9eb63000 	C:\Program Files\Android\Android Studio3\jbr\bin\server\jvm.dll
0x00007ffbf2d50000 - 0x00007ffbf2dff000 	C:\WINDOWS\System32\ADVAPI32.dll
0x00007ffbf2c50000 - 0x00007ffbf2cec000 	C:\WINDOWS\System32\sechost.dll
0x00007ffbf2740000 - 0x00007ffbf2866000 	C:\WINDOWS\System32\RPCRT4.dll
0x00007ffbe37a0000 - 0x00007ffbe37c7000 	C:\WINDOWS\SYSTEM32\WINMM.dll
0x00007ffbe8420000 - 0x00007ffbe842a000 	C:\WINDOWS\SYSTEM32\VERSION.dll
0x00007ffbdb120000 - 0x00007ffbdb129000 	C:\WINDOWS\SYSTEM32\WSOCK32.dll
0x00007ffbf0fa0000 - 0x00007ffbf0feb000 	C:\WINDOWS\SYSTEM32\POWRPROF.dll
0x00007ffbf30b0000 - 0x00007ffbf311b000 	C:\WINDOWS\System32\WS2_32.dll
0x00007ffbf0e60000 - 0x00007ffbf0e72000 	C:\WINDOWS\SYSTEM32\UMPDC.dll
0x00007ffbf0260000 - 0x00007ffbf0272000 	C:\WINDOWS\SYSTEM32\kernel.appcore.dll
0x00007ffbedca0000 - 0x00007ffbedcaa000 	C:\Program Files\Android\Android Studio3\jbr\bin\jimage.dll
0x00007ffbef090000 - 0x00007ffbef274000 	C:\WINDOWS\SYSTEM32\DBGHELP.DLL
0x00007ffbe6740000 - 0x00007ffbe6774000 	C:\WINDOWS\SYSTEM32\dbgcore.DLL
0x00007ffbf1f80000 - 0x00007ffbf2002000 	C:\WINDOWS\System32\bcryptPrimitives.dll
0x00007ffbe9a00000 - 0x00007ffbe9a25000 	C:\Program Files\Android\Android Studio3\jbr\bin\java.dll

dbghelp: loaded successfully - version: 4.0.5 - missing functions: none
symbol engine: initialized successfully - sym options: 0x614 - pdb path: .;C:\Program Files\Android\Android Studio3\jbr\bin;C:\WINDOWS\SYSTEM32;C:\Program Files\Avast Software\Avast;C:\WINDOWS\WinSxS\amd64_microsoft.windows.common-controls_6595b64144ccf1df_6.0.19041.1110_none_60b5254171f9507e;C:\Program Files\Android\Android Studio3\jbr\bin\server

VM Arguments:
java_command: git4idea.http.GitAskPassApp Username for 'https://github.com': 
java_class_path (initial): C:/Program Files/Android/Android Studio3/plugins/vcs-git/lib/git4idea-rt.jar;C:/Program Files/Android/Android Studio3/lib/externalProcess-rt.jar
Launcher Type: SUN_STANDARD

[Global flags]
     intx CICompilerCount                          = 4                                         {product} {ergonomic}
     uint ConcGCThreads                            = 2                                         {product} {ergonomic}
     uint G1ConcRefinementThreads                  = 8                                         {product} {ergonomic}
   size_t G1HeapRegionSize                         = 2097152                                   {product} {ergonomic}
    uintx GCDrainStackTargetSize                   = 64                                        {product} {ergonomic}
   size_t InitialHeapSize                          = 268435456                                 {product} {ergonomic}
   size_t MarkStackSize                            = 4194304                                   {product} {ergonomic}
   size_t MaxHeapSize                              = 4276092928                                {product} {ergonomic}
   size_t MinHeapDeltaBytes                        = 2097152                                   {product} {ergonomic}
   size_t MinHeapSize                              = 8388608                                   {product} {ergonomic}
    uintx NonNMethodCodeHeapSize                   = 5839372                                {pd product} {ergonomic}
    uintx NonProfiledCodeHeapSize                  = 122909434                              {pd product} {ergonomic}
    uintx ProfiledCodeHeapSize                     = 122909434                              {pd product} {ergonomic}
    uintx ReservedCodeCacheSize                    = 251658240                              {pd product} {ergonomic}
     bool SegmentedCodeCache                       = true                                      {product} {ergonomic}
   size_t SoftMaxHeapSize                          = 4276092928                             {manageable} {ergonomic}
     bool UseCompressedClassPointers               = true                           {product lp64_product} {ergonomic}
     bool UseCompressedOops                        = true                           {product lp64_product} {ergonomic}
     bool UseG1GC                                  = true                                      {product} {ergonomic}
     bool UseLargePagesIndividualAllocation        = false                                  {pd product} {ergonomic}

Logging:
Log output configuration:
 #0: stdout all=warning uptime,level,tags
 #1: stderr all=off uptime,level,tags

Environment Variables:
PATH=C:\Program Files\Git\mingw64\libexec\git-core;C:\Program Files\Git\mingw64\libexec\git-core;C:\Program Files\Git\mingw64\bin;C:\Program Files\Git\usr\bin;C:\Users\Dell 7710\bin;C:\Program Files (x86)\VMware\VMware Workstation\bin;C:\Program Files (x86)\Common Files\Oracle\Java\javapath;C:\Windows\system32;C:\Windows;C:\Windows\System32\Wbem;C:\Windows\System32\WindowsPowerShell\v1.0;C:\Windows\System32\OpenSSH;C:\Program Files (x86)\NVIDIA Corporation\PhysX\Common;C:\WINDOWS\system32;C:\WINDOWS;C:\WINDOWS\System32\Wbem;C:\WINDOWS\System32\WindowsPowerShell\v1.0;C:\WINDOWS\System32\OpenSSH;C:\Program Files\NVIDIA Corporation\NVIDIA NvDLISR;C:\Program Files (x86)\dotnet;C:\Program Files\dotnet;C:\Program Files\Git\cmd;C:\Users\Dell 7710\AppData\Local\Programs\Python\Python312\Scripts;C:\Users\Dell 7710\AppData\Local\Programs\Python\Python312;C:\Users\Dell 7710\AppData\Local\Programs\Python\Launcher;C:\Users\Dell 7710\AppData\Local\Microsoft\WindowsApps;E:\Microsoft VS Code\bin
USERNAME=Dell 7710
DISPLAY=:0.0
LC_ALL=en_US.UTF-8
TERM=cygwin
TMPDIR=C:\Users\Dell 7710\AppData\Local\Temp
OS=Windows_NT
PROCESSOR_IDENTIFIER=Intel64 Family 6 Model 94 Stepping 3, GenuineIntel
TMP=C:\Users\Dell 7710\AppData\Local\Temp
TEMP=C:\Users\Dell 7710\AppData\Local\Temp



Periodic native trim disabled

JNI global refs:
JNI global refs: 0, weak refs: 0

JNI global refs memory usage: 0, weak refs: 0

OOME stack traces (most recent first):
Classloader memory used:


---------------  S Y S T E M  ---------------

OS:
 Windows 10 , 64 bit Build 19041 (10.0.19041.3031)
OS uptime: 10 days 0:34 hours

CPU: total 8 (initial active 8) (4 cores per cpu, 2 threads per core) family 6 model 94 stepping 3 microcode 0xcc, cx8, cmov, fxsr, ht, mmx, 3dnowpref, sse, sse2, sse3, ssse3, sse4.1, sse4.2, popcnt, lzcnt, tsc, tscinvbit, avx, avx2, aes, erms, clmul, bmi1, bmi2, rtm, adx, fma, vzeroupper, clflush, clflushopt
Processor Information for all 8 processors :
  Max Mhz: 2901, Current Mhz: 2901, Mhz Limit: 2901

Memory: 4k page, system-wide physical 16308M (1130M free)
TotalPageFile size 18355M (AvailPageFile size 103M)
current process WorkingSet (physical memory assigned to process): 11M, peak: 11M
current process commit charge ("private bytes"): 60M, peak: 316M

vm_info: OpenJDK 64-Bit Server VM (17.0.9+0--11185874) for windows-amd64 JRE (17.0.9+0--11185874), built on Dec  6 2023 18:57:44 by "androidbuild" with MS VC++ 16.10 / 16.11 (VS2019)

END.
