#
# There is insufficient memory for the Java Runtime Environment to continue.
# Native memory allocation (malloc) failed to allocate 420336 bytes for Chunk::new
# Possible reasons:
#   The system is out of physical RAM or swap space
#   The process is running with CompressedOops enabled, and the Java Heap may be blocking the growth of the native heap
# Possible solutions:
#   Reduce memory load on the system
#   Increase physical memory or swap space
#   Check if swap backing store is full
#   Decrease Java heap size (-Xmx/-Xms)
#   Decrease number of Java threads
#   Decrease Java thread stack sizes (-Xss)
#   Set larger code cache with -XX:ReservedCodeCacheSize=
#   JVM is running with Zero Based Compressed Oops mode in which the Java heap is
#     placed in the first 32GB address space. The Java Heap base address is the
#     maximum limit for the native heap growth. Please use -XX:HeapBaseMinAddress
#     to set the Java Heap base and to place the Java Heap above 32GB virtual address.
# This output file may be truncated or incomplete.
#
#  Out of Memory Error (arena.cpp:191), pid=6040, tid=21592
#
# JRE version: OpenJDK Runtime Environment (17.0.9) (build 17.0.9+0--11185874)
# Java VM: OpenJDK 64-Bit Server VM (17.0.9+0--11185874, mixed mode, tiered, compressed oops, compressed class ptrs, g1 gc, windows-amd64)
# No core dump will be written. Minidumps are not enabled by default on client versions of Windows
#

---------------  S U M M A R Y ------------

Command Line: org.jetbrains.kotlin.cli.jvm.K2JVMCompiler @C:\Users\Dell 7710\Desktop\Mido\Projects\Restaurant\app\build\20240501_259990215275423655.compiler.options

Host: Intel(R) Xeon(R) CPU E3-1535M v5 @ 2.90GHz, 8 cores, 15G,  Windows 10 , 64 bit Build 19041 (10.0.19041.3031)
Time: Wed May  1 19:40:31 2024 Egypt Daylight Time elapsed time: 1.429241 seconds (0d 0h 0m 1s)

---------------  T H R E A D  ---------------

Current thread (0x000001d74f76ce10):  JavaThread "C2 CompilerThread0" daemon [_thread_in_native, id=21592, stack(0x000000ce1d600000,0x000000ce1d700000)]


Current CompileTask:
C2:   1429 1443       4       org.jetbrains.kotlin.cli.common.arguments.ParseCommandLineArgumentsKt::parsePreprocessedCommandLineArguments$matches (240 bytes)

Stack: [0x000000ce1d600000,0x000000ce1d700000]
Native frames: (J=compiled Java code, j=interpreted, Vv=VM code, C=native code)
V  [jvm.dll+0x6886e9]
V  [jvm.dll+0x841e4a]
V  [jvm.dll+0x843a8e]
V  [jvm.dll+0x8440f3]
V  [jvm.dll+0x24c14f]
V  [jvm.dll+0xac44c]
V  [jvm.dll+0xaca9c]
V  [jvm.dll+0x2b376f]
V  [jvm.dll+0x590767]
V  [jvm.dll+0x226762]
V  [jvm.dll+0x21f802]
V  [jvm.dll+0x21d0c1]
V  [jvm.dll+0x1a674d]
V  [jvm.dll+0x22d088]
V  [jvm.dll+0x22b1c0]
V  [jvm.dll+0x7f62f7]
V  [jvm.dll+0x7f06aa]
V  [jvm.dll+0x687565]
C  [ucrtbase.dll+0x21bb2]
C  [KERNEL32.DLL+0x17614]
C  [ntdll.dll+0x526f1]


---------------  P R O C E S S  ---------------

Threads class SMR info:
_java_thread_list=0x000001d754356c90, length=13, elements={
0x000001d730b4cd60, 0x000001d74f57b1a0, 0x000001d74f57c020, 0x000001d74f709f70,
0x000001d74f70ab30, 0x000001d74f74c5e0, 0x000001d74f74df90, 0x000001d74f76ce10,
0x000001d74f76f7e0, 0x000001d74f7700f0, 0x000001d74f8ccd90, 0x000001d74f8cd420,
0x000001d7542f3100
}

Java Threads: ( => current thread )
  0x000001d730b4cd60 JavaThread "main" [_thread_in_vm, id=8424, stack(0x000000ce1c900000,0x000000ce1ca00000)]
  0x000001d74f57b1a0 JavaThread "Reference Handler" daemon [_thread_blocked, id=12620, stack(0x000000ce1d000000,0x000000ce1d100000)]
  0x000001d74f57c020 JavaThread "Finalizer" daemon [_thread_blocked, id=18332, stack(0x000000ce1d100000,0x000000ce1d200000)]
  0x000001d74f709f70 JavaThread "Signal Dispatcher" daemon [_thread_blocked, id=18552, stack(0x000000ce1d200000,0x000000ce1d300000)]
  0x000001d74f70ab30 JavaThread "Attach Listener" daemon [_thread_blocked, id=16852, stack(0x000000ce1d300000,0x000000ce1d400000)]
  0x000001d74f74c5e0 JavaThread "Service Thread" daemon [_thread_blocked, id=4960, stack(0x000000ce1d400000,0x000000ce1d500000)]
  0x000001d74f74df90 JavaThread "Monitor Deflation Thread" daemon [_thread_blocked, id=3220, stack(0x000000ce1d500000,0x000000ce1d600000)]
=>0x000001d74f76ce10 JavaThread "C2 CompilerThread0" daemon [_thread_in_native, id=21592, stack(0x000000ce1d600000,0x000000ce1d700000)]
  0x000001d74f76f7e0 JavaThread "C1 CompilerThread0" daemon [_thread_blocked, id=22964, stack(0x000000ce1d700000,0x000000ce1d800000)]
  0x000001d74f7700f0 JavaThread "Sweeper thread" daemon [_thread_blocked, id=5640, stack(0x000000ce1d800000,0x000000ce1d900000)]
  0x000001d74f8ccd90 JavaThread "Notification Thread" daemon [_thread_blocked, id=2372, stack(0x000000ce1d900000,0x000000ce1da00000)]
  0x000001d74f8cd420 JavaThread "Common-Cleaner" daemon [_thread_blocked, id=6948, stack(0x000000ce1db00000,0x000000ce1dc00000)]
  0x000001d7542f3100 JavaThread "C2 CompilerThread1" daemon [_thread_blocked, id=5136, stack(0x000000ce1e100000,0x000000ce1e200000)]

Other Threads:
  0x000001d74f6f9830 VMThread "VM Thread" [stack: 0x000000ce1cf00000,0x000000ce1d000000] [id=15608]
  0x000001d74f8dfa00 WatcherThread [stack: 0x000000ce1da00000,0x000000ce1db00000] [id=21260]
  0x000001d730bb91e0 GCTaskThread "GC Thread#0" [stack: 0x000000ce1ca00000,0x000000ce1cb00000] [id=15892]
  0x000001d7542ea4e0 GCTaskThread "GC Thread#1" [stack: 0x000000ce1dc00000,0x000000ce1dd00000] [id=11636]
  0x000001d7542cd430 GCTaskThread "GC Thread#2" [stack: 0x000000ce1dd00000,0x000000ce1de00000] [id=10388]
  0x000001d7542cd6f0 GCTaskThread "GC Thread#3" [stack: 0x000000ce1de00000,0x000000ce1df00000] [id=17244]
  0x000001d7542cd9b0 GCTaskThread "GC Thread#4" [stack: 0x000000ce1df00000,0x000000ce1e000000] [id=9144]
  0x000001d75428d3c0 GCTaskThread "GC Thread#5" [stack: 0x000000ce1e000000,0x000000ce1e100000] [id=21488]
  0x000001d730bcc0f0 ConcurrentGCThread "G1 Main Marker" [stack: 0x000000ce1cb00000,0x000000ce1cc00000] [id=15316]
  0x000001d730bccb10 ConcurrentGCThread "G1 Conc#0" [stack: 0x000000ce1cc00000,0x000000ce1cd00000] [id=22232]
  0x000001d74f418110 ConcurrentGCThread "G1 Refine#0" [stack: 0x000000ce1cd00000,0x000000ce1ce00000] [id=10844]
  0x000001d74f418950 ConcurrentGCThread "G1 Service" [stack: 0x000000ce1ce00000,0x000000ce1cf00000] [id=11940]

Threads with active compile tasks:
C2 CompilerThread0     1475 1443       4       org.jetbrains.kotlin.cli.common.arguments.ParseCommandLineArgumentsKt::parsePreprocessedCommandLineArguments$matches (240 bytes)

VM state: not at safepoint (normal execution)

VM Mutex/Monitor currently owned by a thread: None

Heap address: 0x0000000701200000, size: 4078 MB, Compressed Oops mode: Zero based, Oop shift amount: 3

CDS archive(s) not mapped
Compressed class space mapped at: 0x0000000800000000-0x0000000840000000, reserved size: 1073741824
Narrow klass base: 0x0000000800000000, Narrow klass shift: 0, Narrow klass range: 0x40000000

GC Precious Log:
 CPUs: 8 total, 8 available
 Memory: 16308M
 Large Page Support: Disabled
 NUMA Support: Disabled
 Compressed Oops: Enabled (Zero based)
 Heap Region Size: 2M
 Heap Min Capacity: 8M
 Heap Initial Capacity: 256M
 Heap Max Capacity: 4078M
 Pre-touch: Disabled
 Parallel Workers: 8
 Concurrent Workers: 2
 Concurrent Refinement Workers: 8
 Periodic GC: Disabled

Heap:
 garbage-first heap   total 262144K, used 35527K [0x0000000701200000, 0x0000000800000000)
  region size 2048K, 17 young (34816K), 2 survivors (4096K)
 Metaspace       used 17571K, committed 17728K, reserved 1114112K
  class space    used 1779K, committed 1856K, reserved 1048576K

Heap Regions: E=young(eden), S=young(survivor), O=old, HS=humongous(starts), HC=humongous(continues), CS=collection set, F=free, OA=open archive, CA=closed archive, TAMS=top-at-mark-start (previous, next)
|   0|0x0000000701200000, 0x0000000701400000, 0x0000000701400000|100%|HS|  |TAMS 0x0000000701200000, 0x0000000701200000| Complete 
|   1|0x0000000701400000, 0x0000000701600000, 0x0000000701600000|100%|HC|  |TAMS 0x0000000701400000, 0x0000000701400000| Complete 
|   2|0x0000000701600000, 0x0000000701600000, 0x0000000701800000|  0%| F|  |TAMS 0x0000000701600000, 0x0000000701600000| Untracked 
|   3|0x0000000701800000, 0x0000000701800000, 0x0000000701a00000|  0%| F|  |TAMS 0x0000000701800000, 0x0000000701800000| Untracked 
|   4|0x0000000701a00000, 0x0000000701a00000, 0x0000000701c00000|  0%| F|  |TAMS 0x0000000701a00000, 0x0000000701a00000| Untracked 
|   5|0x0000000701c00000, 0x0000000701c00000, 0x0000000701e00000|  0%| F|  |TAMS 0x0000000701c00000, 0x0000000701c00000| Untracked 
|   6|0x0000000701e00000, 0x0000000701e00000, 0x0000000702000000|  0%| F|  |TAMS 0x0000000701e00000, 0x0000000701e00000| Untracked 
|   7|0x0000000702000000, 0x0000000702000000, 0x0000000702200000|  0%| F|  |TAMS 0x0000000702000000, 0x0000000702000000| Untracked 
|   8|0x0000000702200000, 0x0000000702200000, 0x0000000702400000|  0%| F|  |TAMS 0x0000000702200000, 0x0000000702200000| Untracked 
|   9|0x0000000702400000, 0x0000000702400000, 0x0000000702600000|  0%| F|  |TAMS 0x0000000702400000, 0x0000000702400000| Untracked 
|  10|0x0000000702600000, 0x0000000702600000, 0x0000000702800000|  0%| F|  |TAMS 0x0000000702600000, 0x0000000702600000| Untracked 
|  11|0x0000000702800000, 0x0000000702800000, 0x0000000702a00000|  0%| F|  |TAMS 0x0000000702800000, 0x0000000702800000| Untracked 
|  12|0x0000000702a00000, 0x0000000702a00000, 0x0000000702c00000|  0%| F|  |TAMS 0x0000000702a00000, 0x0000000702a00000| Untracked 
|  13|0x0000000702c00000, 0x0000000702c00000, 0x0000000702e00000|  0%| F|  |TAMS 0x0000000702c00000, 0x0000000702c00000| Untracked 
|  14|0x0000000702e00000, 0x0000000702e00000, 0x0000000703000000|  0%| F|  |TAMS 0x0000000702e00000, 0x0000000702e00000| Untracked 
|  15|0x0000000703000000, 0x0000000703000000, 0x0000000703200000|  0%| F|  |TAMS 0x0000000703000000, 0x0000000703000000| Untracked 
|  16|0x0000000703200000, 0x0000000703200000, 0x0000000703400000|  0%| F|  |TAMS 0x0000000703200000, 0x0000000703200000| Untracked 
|  17|0x0000000703400000, 0x0000000703400000, 0x0000000703600000|  0%| F|  |TAMS 0x0000000703400000, 0x0000000703400000| Untracked 
|  18|0x0000000703600000, 0x0000000703600000, 0x0000000703800000|  0%| F|  |TAMS 0x0000000703600000, 0x0000000703600000| Untracked 
|  19|0x0000000703800000, 0x0000000703800000, 0x0000000703a00000|  0%| F|  |TAMS 0x0000000703800000, 0x0000000703800000| Untracked 
|  20|0x0000000703a00000, 0x0000000703a00000, 0x0000000703c00000|  0%| F|  |TAMS 0x0000000703a00000, 0x0000000703a00000| Untracked 
|  21|0x0000000703c00000, 0x0000000703c00000, 0x0000000703e00000|  0%| F|  |TAMS 0x0000000703c00000, 0x0000000703c00000| Untracked 
|  22|0x0000000703e00000, 0x0000000703e00000, 0x0000000704000000|  0%| F|  |TAMS 0x0000000703e00000, 0x0000000703e00000| Untracked 
|  23|0x0000000704000000, 0x0000000704000000, 0x0000000704200000|  0%| F|  |TAMS 0x0000000704000000, 0x0000000704000000| Untracked 
|  24|0x0000000704200000, 0x0000000704200000, 0x0000000704400000|  0%| F|  |TAMS 0x0000000704200000, 0x0000000704200000| Untracked 
|  25|0x0000000704400000, 0x0000000704400000, 0x0000000704600000|  0%| F|  |TAMS 0x0000000704400000, 0x0000000704400000| Untracked 
|  26|0x0000000704600000, 0x0000000704600000, 0x0000000704800000|  0%| F|  |TAMS 0x0000000704600000, 0x0000000704600000| Untracked 
|  27|0x0000000704800000, 0x0000000704800000, 0x0000000704a00000|  0%| F|  |TAMS 0x0000000704800000, 0x0000000704800000| Untracked 
|  28|0x0000000704a00000, 0x0000000704a00000, 0x0000000704c00000|  0%| F|  |TAMS 0x0000000704a00000, 0x0000000704a00000| Untracked 
|  29|0x0000000704c00000, 0x0000000704c00000, 0x0000000704e00000|  0%| F|  |TAMS 0x0000000704c00000, 0x0000000704c00000| Untracked 
|  30|0x0000000704e00000, 0x0000000704e00000, 0x0000000705000000|  0%| F|  |TAMS 0x0000000704e00000, 0x0000000704e00000| Untracked 
|  31|0x0000000705000000, 0x0000000705000000, 0x0000000705200000|  0%| F|  |TAMS 0x0000000705000000, 0x0000000705000000| Untracked 
|  32|0x0000000705200000, 0x0000000705200000, 0x0000000705400000|  0%| F|  |TAMS 0x0000000705200000, 0x0000000705200000| Untracked 
|  33|0x0000000705400000, 0x0000000705400000, 0x0000000705600000|  0%| F|  |TAMS 0x0000000705400000, 0x0000000705400000| Untracked 
|  34|0x0000000705600000, 0x0000000705600000, 0x0000000705800000|  0%| F|  |TAMS 0x0000000705600000, 0x0000000705600000| Untracked 
|  35|0x0000000705800000, 0x0000000705800000, 0x0000000705a00000|  0%| F|  |TAMS 0x0000000705800000, 0x0000000705800000| Untracked 
|  36|0x0000000705a00000, 0x0000000705a00000, 0x0000000705c00000|  0%| F|  |TAMS 0x0000000705a00000, 0x0000000705a00000| Untracked 
|  37|0x0000000705c00000, 0x0000000705c00000, 0x0000000705e00000|  0%| F|  |TAMS 0x0000000705c00000, 0x0000000705c00000| Untracked 
|  38|0x0000000705e00000, 0x0000000705e00000, 0x0000000706000000|  0%| F|  |TAMS 0x0000000705e00000, 0x0000000705e00000| Untracked 
|  39|0x0000000706000000, 0x0000000706000000, 0x0000000706200000|  0%| F|  |TAMS 0x0000000706000000, 0x0000000706000000| Untracked 
|  40|0x0000000706200000, 0x0000000706200000, 0x0000000706400000|  0%| F|  |TAMS 0x0000000706200000, 0x0000000706200000| Untracked 
|  41|0x0000000706400000, 0x0000000706400000, 0x0000000706600000|  0%| F|  |TAMS 0x0000000706400000, 0x0000000706400000| Untracked 
|  42|0x0000000706600000, 0x0000000706600000, 0x0000000706800000|  0%| F|  |TAMS 0x0000000706600000, 0x0000000706600000| Untracked 
|  43|0x0000000706800000, 0x0000000706800000, 0x0000000706a00000|  0%| F|  |TAMS 0x0000000706800000, 0x0000000706800000| Untracked 
|  44|0x0000000706a00000, 0x0000000706a00000, 0x0000000706c00000|  0%| F|  |TAMS 0x0000000706a00000, 0x0000000706a00000| Untracked 
|  45|0x0000000706c00000, 0x0000000706c00000, 0x0000000706e00000|  0%| F|  |TAMS 0x0000000706c00000, 0x0000000706c00000| Untracked 
|  46|0x0000000706e00000, 0x0000000706e00000, 0x0000000707000000|  0%| F|  |TAMS 0x0000000706e00000, 0x0000000706e00000| Untracked 
|  47|0x0000000707000000, 0x0000000707000000, 0x0000000707200000|  0%| F|  |TAMS 0x0000000707000000, 0x0000000707000000| Untracked 
|  48|0x0000000707200000, 0x0000000707200000, 0x0000000707400000|  0%| F|  |TAMS 0x0000000707200000, 0x0000000707200000| Untracked 
|  49|0x0000000707400000, 0x0000000707400000, 0x0000000707600000|  0%| F|  |TAMS 0x0000000707400000, 0x0000000707400000| Untracked 
|  50|0x0000000707600000, 0x0000000707600000, 0x0000000707800000|  0%| F|  |TAMS 0x0000000707600000, 0x0000000707600000| Untracked 
|  51|0x0000000707800000, 0x0000000707800000, 0x0000000707a00000|  0%| F|  |TAMS 0x0000000707800000, 0x0000000707800000| Untracked 
|  52|0x0000000707a00000, 0x0000000707a00000, 0x0000000707c00000|  0%| F|  |TAMS 0x0000000707a00000, 0x0000000707a00000| Untracked 
|  53|0x0000000707c00000, 0x0000000707c00000, 0x0000000707e00000|  0%| F|  |TAMS 0x0000000707c00000, 0x0000000707c00000| Untracked 
|  54|0x0000000707e00000, 0x0000000707e00000, 0x0000000708000000|  0%| F|  |TAMS 0x0000000707e00000, 0x0000000707e00000| Untracked 
|  55|0x0000000708000000, 0x0000000708000000, 0x0000000708200000|  0%| F|  |TAMS 0x0000000708000000, 0x0000000708000000| Untracked 
|  56|0x0000000708200000, 0x0000000708200000, 0x0000000708400000|  0%| F|  |TAMS 0x0000000708200000, 0x0000000708200000| Untracked 
|  57|0x0000000708400000, 0x0000000708400000, 0x0000000708600000|  0%| F|  |TAMS 0x0000000708400000, 0x0000000708400000| Untracked 
|  58|0x0000000708600000, 0x0000000708600000, 0x0000000708800000|  0%| F|  |TAMS 0x0000000708600000, 0x0000000708600000| Untracked 
|  59|0x0000000708800000, 0x0000000708800000, 0x0000000708a00000|  0%| F|  |TAMS 0x0000000708800000, 0x0000000708800000| Untracked 
|  60|0x0000000708a00000, 0x0000000708a00000, 0x0000000708c00000|  0%| F|  |TAMS 0x0000000708a00000, 0x0000000708a00000| Untracked 
|  61|0x0000000708c00000, 0x0000000708c00000, 0x0000000708e00000|  0%| F|  |TAMS 0x0000000708c00000, 0x0000000708c00000| Untracked 
|  62|0x0000000708e00000, 0x0000000708e00000, 0x0000000709000000|  0%| F|  |TAMS 0x0000000708e00000, 0x0000000708e00000| Untracked 
|  63|0x0000000709000000, 0x0000000709000000, 0x0000000709200000|  0%| F|  |TAMS 0x0000000709000000, 0x0000000709000000| Untracked 
|  64|0x0000000709200000, 0x0000000709200000, 0x0000000709400000|  0%| F|  |TAMS 0x0000000709200000, 0x0000000709200000| Untracked 
|  65|0x0000000709400000, 0x0000000709400000, 0x0000000709600000|  0%| F|  |TAMS 0x0000000709400000, 0x0000000709400000| Untracked 
|  66|0x0000000709600000, 0x0000000709600000, 0x0000000709800000|  0%| F|  |TAMS 0x0000000709600000, 0x0000000709600000| Untracked 
|  67|0x0000000709800000, 0x0000000709800000, 0x0000000709a00000|  0%| F|  |TAMS 0x0000000709800000, 0x0000000709800000| Untracked 
|  68|0x0000000709a00000, 0x0000000709a00000, 0x0000000709c00000|  0%| F|  |TAMS 0x0000000709a00000, 0x0000000709a00000| Untracked 
|  69|0x0000000709c00000, 0x0000000709c00000, 0x0000000709e00000|  0%| F|  |TAMS 0x0000000709c00000, 0x0000000709c00000| Untracked 
|  70|0x0000000709e00000, 0x0000000709e00000, 0x000000070a000000|  0%| F|  |TAMS 0x0000000709e00000, 0x0000000709e00000| Untracked 
|  71|0x000000070a000000, 0x000000070a000000, 0x000000070a200000|  0%| F|  |TAMS 0x000000070a000000, 0x000000070a000000| Untracked 
|  72|0x000000070a200000, 0x000000070a200000, 0x000000070a400000|  0%| F|  |TAMS 0x000000070a200000, 0x000000070a200000| Untracked 
|  73|0x000000070a400000, 0x000000070a400000, 0x000000070a600000|  0%| F|  |TAMS 0x000000070a400000, 0x000000070a400000| Untracked 
|  74|0x000000070a600000, 0x000000070a600000, 0x000000070a800000|  0%| F|  |TAMS 0x000000070a600000, 0x000000070a600000| Untracked 
|  75|0x000000070a800000, 0x000000070a800000, 0x000000070aa00000|  0%| F|  |TAMS 0x000000070a800000, 0x000000070a800000| Untracked 
|  76|0x000000070aa00000, 0x000000070aa00000, 0x000000070ac00000|  0%| F|  |TAMS 0x000000070aa00000, 0x000000070aa00000| Untracked 
|  77|0x000000070ac00000, 0x000000070ac00000, 0x000000070ae00000|  0%| F|  |TAMS 0x000000070ac00000, 0x000000070ac00000| Untracked 
|  78|0x000000070ae00000, 0x000000070ae00000, 0x000000070b000000|  0%| F|  |TAMS 0x000000070ae00000, 0x000000070ae00000| Untracked 
|  79|0x000000070b000000, 0x000000070b000000, 0x000000070b200000|  0%| F|  |TAMS 0x000000070b000000, 0x000000070b000000| Untracked 
|  80|0x000000070b200000, 0x000000070b200000, 0x000000070b400000|  0%| F|  |TAMS 0x000000070b200000, 0x000000070b200000| Untracked 
|  81|0x000000070b400000, 0x000000070b400000, 0x000000070b600000|  0%| F|  |TAMS 0x000000070b400000, 0x000000070b400000| Untracked 
|  82|0x000000070b600000, 0x000000070b600000, 0x000000070b800000|  0%| F|  |TAMS 0x000000070b600000, 0x000000070b600000| Untracked 
|  83|0x000000070b800000, 0x000000070b800000, 0x000000070ba00000|  0%| F|  |TAMS 0x000000070b800000, 0x000000070b800000| Untracked 
|  84|0x000000070ba00000, 0x000000070ba00000, 0x000000070bc00000|  0%| F|  |TAMS 0x000000070ba00000, 0x000000070ba00000| Untracked 
|  85|0x000000070bc00000, 0x000000070bc00000, 0x000000070be00000|  0%| F|  |TAMS 0x000000070bc00000, 0x000000070bc00000| Untracked 
|  86|0x000000070be00000, 0x000000070be00000, 0x000000070c000000|  0%| F|  |TAMS 0x000000070be00000, 0x000000070be00000| Untracked 
|  87|0x000000070c000000, 0x000000070c000000, 0x000000070c200000|  0%| F|  |TAMS 0x000000070c000000, 0x000000070c000000| Untracked 
|  88|0x000000070c200000, 0x000000070c200000, 0x000000070c400000|  0%| F|  |TAMS 0x000000070c200000, 0x000000070c200000| Untracked 
|  89|0x000000070c400000, 0x000000070c400000, 0x000000070c600000|  0%| F|  |TAMS 0x000000070c400000, 0x000000070c400000| Untracked 
|  90|0x000000070c600000, 0x000000070c600000, 0x000000070c800000|  0%| F|  |TAMS 0x000000070c600000, 0x000000070c600000| Untracked 
|  91|0x000000070c800000, 0x000000070c800000, 0x000000070ca00000|  0%| F|  |TAMS 0x000000070c800000, 0x000000070c800000| Untracked 
|  92|0x000000070ca00000, 0x000000070ca00000, 0x000000070cc00000|  0%| F|  |TAMS 0x000000070ca00000, 0x000000070ca00000| Untracked 
|  93|0x000000070cc00000, 0x000000070cc00000, 0x000000070ce00000|  0%| F|  |TAMS 0x000000070cc00000, 0x000000070cc00000| Untracked 
|  94|0x000000070ce00000, 0x000000070ce00000, 0x000000070d000000|  0%| F|  |TAMS 0x000000070ce00000, 0x000000070ce00000| Untracked 
|  95|0x000000070d000000, 0x000000070d000000, 0x000000070d200000|  0%| F|  |TAMS 0x000000070d000000, 0x000000070d000000| Untracked 
|  96|0x000000070d200000, 0x000000070d200000, 0x000000070d400000|  0%| F|  |TAMS 0x000000070d200000, 0x000000070d200000| Untracked 
|  97|0x000000070d400000, 0x000000070d400000, 0x000000070d600000|  0%| F|  |TAMS 0x000000070d400000, 0x000000070d400000| Untracked 
|  98|0x000000070d600000, 0x000000070d600000, 0x000000070d800000|  0%| F|  |TAMS 0x000000070d600000, 0x000000070d600000| Untracked 
|  99|0x000000070d800000, 0x000000070d800000, 0x000000070da00000|  0%| F|  |TAMS 0x000000070d800000, 0x000000070d800000| Untracked 
| 100|0x000000070da00000, 0x000000070da00000, 0x000000070dc00000|  0%| F|  |TAMS 0x000000070da00000, 0x000000070da00000| Untracked 
| 101|0x000000070dc00000, 0x000000070dc00000, 0x000000070de00000|  0%| F|  |TAMS 0x000000070dc00000, 0x000000070dc00000| Untracked 
| 102|0x000000070de00000, 0x000000070de00000, 0x000000070e000000|  0%| F|  |TAMS 0x000000070de00000, 0x000000070de00000| Untracked 
| 103|0x000000070e000000, 0x000000070e000000, 0x000000070e200000|  0%| F|  |TAMS 0x000000070e000000, 0x000000070e000000| Untracked 
| 104|0x000000070e200000, 0x000000070e200000, 0x000000070e400000|  0%| F|  |TAMS 0x000000070e200000, 0x000000070e200000| Untracked 
| 105|0x000000070e400000, 0x000000070e400000, 0x000000070e600000|  0%| F|  |TAMS 0x000000070e400000, 0x000000070e400000| Untracked 
| 106|0x000000070e600000, 0x000000070e600000, 0x000000070e800000|  0%| F|  |TAMS 0x000000070e600000, 0x000000070e600000| Untracked 
| 107|0x000000070e800000, 0x000000070e800000, 0x000000070ea00000|  0%| F|  |TAMS 0x000000070e800000, 0x000000070e800000| Untracked 
| 108|0x000000070ea00000, 0x000000070ea00000, 0x000000070ec00000|  0%| F|  |TAMS 0x000000070ea00000, 0x000000070ea00000| Untracked 
| 109|0x000000070ec00000, 0x000000070ec00000, 0x000000070ee00000|  0%| F|  |TAMS 0x000000070ec00000, 0x000000070ec00000| Untracked 
| 110|0x000000070ee00000, 0x000000070ee00000, 0x000000070f000000|  0%| F|  |TAMS 0x000000070ee00000, 0x000000070ee00000| Untracked 
| 111|0x000000070f000000, 0x000000070f1e4b70, 0x000000070f200000| 94%| E|  |TAMS 0x000000070f000000, 0x000000070f000000| Complete 
| 112|0x000000070f200000, 0x000000070f400000, 0x000000070f400000|100%| E|CS|TAMS 0x000000070f200000, 0x000000070f200000| Complete 
| 113|0x000000070f400000, 0x000000070f600000, 0x000000070f600000|100%| E|CS|TAMS 0x000000070f400000, 0x000000070f400000| Complete 
| 114|0x000000070f600000, 0x000000070f800000, 0x000000070f800000|100%| E|CS|TAMS 0x000000070f600000, 0x000000070f600000| Complete 
| 115|0x000000070f800000, 0x000000070f8b1c68, 0x000000070fa00000| 34%| S|CS|TAMS 0x000000070f800000, 0x000000070f800000| Complete 
| 116|0x000000070fa00000, 0x000000070fc00000, 0x000000070fc00000|100%| S|CS|TAMS 0x000000070fa00000, 0x000000070fa00000| Complete 
| 117|0x000000070fc00000, 0x000000070fe00000, 0x000000070fe00000|100%| E|CS|TAMS 0x000000070fc00000, 0x000000070fc00000| Complete 
| 118|0x000000070fe00000, 0x0000000710000000, 0x0000000710000000|100%| E|CS|TAMS 0x000000070fe00000, 0x000000070fe00000| Complete 
| 119|0x0000000710000000, 0x0000000710200000, 0x0000000710200000|100%| E|CS|TAMS 0x0000000710000000, 0x0000000710000000| Complete 
| 120|0x0000000710200000, 0x0000000710400000, 0x0000000710400000|100%| E|CS|TAMS 0x0000000710200000, 0x0000000710200000| Complete 
| 121|0x0000000710400000, 0x0000000710600000, 0x0000000710600000|100%| E|CS|TAMS 0x0000000710400000, 0x0000000710400000| Complete 
| 122|0x0000000710600000, 0x0000000710800000, 0x0000000710800000|100%| E|CS|TAMS 0x0000000710600000, 0x0000000710600000| Complete 
| 123|0x0000000710800000, 0x0000000710a00000, 0x0000000710a00000|100%| E|CS|TAMS 0x0000000710800000, 0x0000000710800000| Complete 
| 124|0x0000000710a00000, 0x0000000710c00000, 0x0000000710c00000|100%| E|CS|TAMS 0x0000000710a00000, 0x0000000710a00000| Complete 
| 125|0x0000000710c00000, 0x0000000710e00000, 0x0000000710e00000|100%| E|CS|TAMS 0x0000000710c00000, 0x0000000710c00000| Complete 
| 126|0x0000000710e00000, 0x0000000711000000, 0x0000000711000000|100%| E|CS|TAMS 0x0000000710e00000, 0x0000000710e00000| Complete 
| 127|0x0000000711000000, 0x0000000711200000, 0x0000000711200000|100%| E|CS|TAMS 0x0000000711000000, 0x0000000711000000| Complete 

Card table byte_map: [0x000001d743b60000,0x000001d744360000] _byte_map_base: 0x000001d740357000

Marking Bits (Prev, Next): (CMBitMap*) 0x000001d730bba810, (CMBitMap*) 0x000001d730bba850
 Prev Bits: [0x000001d744b60000, 0x000001d748b18000)
 Next Bits: [0x000001d748b20000, 0x000001d74cad8000)

Polling page: 0x000001d72ea40000

Metaspace:

Usage:
  Non-class:     15.51 MB used.
      Class:      1.77 MB used.
       Both:     17.28 MB used.

Virtual space:
  Non-class space:       64.00 MB reserved,      15.56 MB ( 24%) committed,  1 nodes.
      Class space:        1.00 GB reserved,       1.81 MB ( <1%) committed,  1 nodes.
             Both:        1.06 GB reserved,      17.38 MB (  2%) committed. 

Chunk freelists:
   Non-Class:  176.00 KB
       Class:  14.00 MB
        Both:  14.17 MB

MaxMetaspaceSize: unlimited
CompressedClassSpaceSize: 1.00 GB
Initial GC threshold: 21.00 MB
Current GC threshold: 21.00 MB
CDS: off
MetaspaceReclaimPolicy: balanced
 - commit_granule_bytes: 65536.
 - commit_granule_words: 8192.
 - virtual_space_node_default_size: 8388608.
 - enlarge_chunks_in_place: 1.
 - new_chunks_are_fully_committed: 0.
 - uncommit_free_chunks: 1.
 - use_allocation_guard: 0.
 - handle_deallocations: 1.


Internal statistics:

num_allocs_failed_limit: 0.
num_arena_births: 116.
num_arena_deaths: 0.
num_vsnodes_births: 2.
num_vsnodes_deaths: 0.
num_space_committed: 279.
num_space_uncommitted: 0.
num_chunks_returned_to_freelist: 0.
num_chunks_taken_from_freelist: 451.
num_chunk_merges: 0.
num_chunk_splits: 356.
num_chunks_enlarged: 301.
num_inconsistent_stats: 0.

CodeHeap 'non-profiled nmethods': size=120000Kb used=518Kb max_used=518Kb free=119481Kb
 bounds [0x000001d73bb00000, 0x000001d73bd70000, 0x000001d743030000]
CodeHeap 'profiled nmethods': size=120000Kb used=2776Kb max_used=2776Kb free=117223Kb
 bounds [0x000001d734030000, 0x000001d7342f0000, 0x000001d73b560000]
CodeHeap 'non-nmethods': size=5760Kb used=1184Kb max_used=1192Kb free=4575Kb
 bounds [0x000001d73b560000, 0x000001d73b7d0000, 0x000001d73bb00000]
 total_blobs=2034 nmethods=1557 adapters=389
 compilation: enabled
              stopped_count=0, restarted_count=0
 full_count=0

Compilation events (20 events):
Event: 1.424 Thread 0x000001d74f76f7e0 nmethod 1500 0x000001d7342cfa10 code [0x000001d7342cfbc0, 0x000001d7342cfe88]
Event: 1.425 Thread 0x000001d74f76f7e0 1501       3       java.lang.invoke.MethodTypeForm::canonicalizeAll (63 bytes)
Event: 1.425 Thread 0x000001d74f76f7e0 nmethod 1501 0x000001d7342cff90 code [0x000001d7342d0180, 0x000001d7342d07f8]
Event: 1.425 Thread 0x000001d74f76f7e0 1504       3       java.lang.invoke.MemberName::isConstructor (8 bytes)
Event: 1.425 Thread 0x000001d74f76f7e0 nmethod 1504 0x000001d7342d0a10 code [0x000001d7342d0bc0, 0x000001d7342d0df8]
Event: 1.425 Thread 0x000001d74f76f7e0 1502       3       java.lang.invoke.MethodType$ConcurrentWeakInternSet$WeakEntry::<init> (15 bytes)
Event: 1.425 Thread 0x000001d7542f3100 1508       4       java.lang.StringLatin1::charAt (28 bytes)
Event: 1.425 Thread 0x000001d74f76f7e0 nmethod 1502 0x000001d7342d0f10 code [0x000001d7342d10e0, 0x000001d7342d1508]
Event: 1.425 Thread 0x000001d74f76f7e0 1507       3       java.lang.invoke.LambdaForm::argument (27 bytes)
Event: 1.426 Thread 0x000001d74f76f7e0 nmethod 1507 0x000001d7342d1690 code [0x000001d7342d1840, 0x000001d7342d1aa8]
Event: 1.426 Thread 0x000001d74f76f7e0 1509       3       jdk.internal.org.objectweb.asm.ByteVector::put11 (52 bytes)
Event: 1.426 Thread 0x000001d74f76f7e0 nmethod 1509 0x000001d7342d1c10 code [0x000001d7342d1dc0, 0x000001d7342d1fe8]
Event: 1.426 Thread 0x000001d74f76f7e0 1510       3       jdk.internal.org.objectweb.asm.Handler::getExceptionTableSize (10 bytes)
Event: 1.426 Thread 0x000001d74f76f7e0 nmethod 1510 0x000001d7342d2110 code [0x000001d7342d22c0, 0x000001d7342d24b8]
Event: 1.426 Thread 0x000001d74f76f7e0 1511       3       jdk.internal.org.objectweb.asm.SymbolTable::addConstantMethodref (24 bytes)
Event: 1.426 Thread 0x000001d7542f3100 nmethod 1508 0x000001d73bb7ec10 code [0x000001d73bb7ed80, 0x000001d73bb7ee18]
Event: 1.426 Thread 0x000001d74f76f7e0 nmethod 1511 0x000001d7342d2610 code [0x000001d7342d27c0, 0x000001d7342d2968]
Event: 1.427 Thread 0x000001d74f76f7e0 1513       3       java.lang.invoke.MethodType::parameterSlotCount (8 bytes)
Event: 1.427 Thread 0x000001d74f76f7e0 nmethod 1513 0x000001d7342d2a10 code [0x000001d7342d2ba0, 0x000001d7342d2cd8]
Event: 1.427 Thread 0x000001d74f76f7e0 1514       1       java.lang.invoke.MethodTypeForm::basicType (5 bytes)

GC Heap History (2 events):
Event: 0.839 GC heap before
{Heap before GC invocations=0 (full 0):
 garbage-first heap   total 262144K, used 24576K [0x0000000701200000, 0x0000000800000000)
  region size 2048K, 11 young (22528K), 0 survivors (0K)
 Metaspace       used 12787K, committed 12928K, reserved 1114112K
  class space    used 1216K, committed 1280K, reserved 1048576K
}
Event: 0.841 GC heap after
{Heap after GC invocations=1 (full 0):
 garbage-first heap   total 262144K, used 6855K [0x0000000701200000, 0x0000000800000000)
  region size 2048K, 2 young (4096K), 2 survivors (4096K)
 Metaspace       used 12787K, committed 12928K, reserved 1114112K
  class space    used 1216K, committed 1280K, reserved 1048576K
}

Dll operation events (1 events):
Event: 0.013 Loaded shared library C:\Program Files\Android\Android Studio3\jbr\bin\java.dll

Deoptimization events (20 events):
Event: 0.675 Thread 0x000001d730b4cd60 DEOPT PACKING pc=0x000001d734067cd0 sp=0x000000ce1c9fd3d0
Event: 0.675 Thread 0x000001d730b4cd60 DEOPT UNPACKING pc=0x000001d73b5b7143 sp=0x000000ce1c9fc890 mode 0
Event: 0.800 Thread 0x000001d730b4cd60 DEOPT PACKING pc=0x000001d734083748 sp=0x000000ce1c9fcc70
Event: 0.800 Thread 0x000001d730b4cd60 DEOPT UNPACKING pc=0x000001d73b5b7143 sp=0x000000ce1c9fc188 mode 0
Event: 0.800 Thread 0x000001d730b4cd60 DEOPT PACKING pc=0x000001d73407f4e5 sp=0x000000ce1c9fc910
Event: 0.800 Thread 0x000001d730b4cd60 DEOPT UNPACKING pc=0x000001d73b5b7143 sp=0x000000ce1c9fbd60 mode 0
Event: 0.957 Thread 0x000001d730b4cd60 Uncommon trap: trap_request=0xffffff45 fr.pc=0x000001d73bb30ab0 relative=0x0000000000000210
Event: 0.957 Thread 0x000001d730b4cd60 Uncommon trap: reason=unstable_if action=reinterpret pc=0x000001d73bb30ab0 method=kotlin.reflect.jvm.internal.impl.protobuf.CodedInputStream.readRawVarint32()I @ 10 c2
Event: 0.957 Thread 0x000001d730b4cd60 DEOPT PACKING pc=0x000001d73bb30ab0 sp=0x000000ce1c9fba60
Event: 0.957 Thread 0x000001d730b4cd60 DEOPT UNPACKING pc=0x000001d73b5b69a3 sp=0x000000ce1c9fb9e0 mode 2
Event: 0.993 Thread 0x000001d730b4cd60 Uncommon trap: trap_request=0xffffff45 fr.pc=0x000001d73bb2bc04 relative=0x0000000000000444
Event: 0.993 Thread 0x000001d730b4cd60 Uncommon trap: reason=unstable_if action=reinterpret pc=0x000001d73bb2bc04 method=java.util.concurrent.ConcurrentHashMap.get(Ljava/lang/Object;)Ljava/lang/Object; @ 152 c2
Event: 0.993 Thread 0x000001d730b4cd60 DEOPT PACKING pc=0x000001d73bb2bc04 sp=0x000000ce1c9fc540
Event: 0.993 Thread 0x000001d730b4cd60 DEOPT UNPACKING pc=0x000001d73b5b69a3 sp=0x000000ce1c9fc4c8 mode 2
Event: 1.079 Thread 0x000001d730b4cd60 Uncommon trap: trap_request=0xffffff45 fr.pc=0x000001d73bb45a98 relative=0x00000000000006f8
Event: 1.079 Thread 0x000001d730b4cd60 Uncommon trap: reason=unstable_if action=reinterpret pc=0x000001d73bb45a98 method=java.util.ArrayList.grow(I)[Ljava/lang/Object; @ 17 c2
Event: 1.079 Thread 0x000001d730b4cd60 DEOPT PACKING pc=0x000001d73bb45a98 sp=0x000000ce1c9fdd60
Event: 1.079 Thread 0x000001d730b4cd60 DEOPT UNPACKING pc=0x000001d73b5b69a3 sp=0x000000ce1c9fdbf8 mode 2
Event: 1.314 Thread 0x000001d730b4cd60 DEOPT PACKING pc=0x000001d734268334 sp=0x000000ce1c9fe0c0
Event: 1.314 Thread 0x000001d730b4cd60 DEOPT UNPACKING pc=0x000001d73b5b7143 sp=0x000000ce1c9fd690 mode 0

Classes unloaded (0 events):
No events

Classes redefined (0 events):
No events

Internal exceptions (11 events):
Event: 1.257 Thread 0x000001d730b4cd60 Exception <a 'java/lang/NoSuchMethodError'{0x0000000710048bb0}: 'java.lang.Object java.lang.invoke.DirectMethodHandle$Holder.newInvokeSpecial(java.lang.Object, java.lang.Object, java.lang.Object, java.lang.Object, java.lang.Object)'> (0x0000000710048bb0) 
thrown [s\src\hotspot\share\interpreter\linkResolver.cpp, line 771]
Event: 1.409 Thread 0x000001d730b4cd60 Exception <a 'java/lang/NoSuchMethodError'{0x000000070f376388}: 'int java.lang.invoke.DelegatingMethodHandle$Holder.reinvoke_L(java.lang.Object, java.lang.Object, java.lang.Object, long, int, int)'> (0x000000070f376388) 
thrown [s\src\hotspot\share\interpreter\linkResolver.cpp, line 771]
Event: 1.412 Thread 0x000001d730b4cd60 Exception <a 'java/lang/NoSuchMethodError'{0x000000070f385790}: 'int java.lang.invoke.DelegatingMethodHandle$Holder.reinvoke_L(java.lang.Object, java.lang.Object, java.lang.Object, long, long, long)'> (0x000000070f385790) 
thrown [s\src\hotspot\share\interpreter\linkResolver.cpp, line 771]
Event: 1.415 Thread 0x000001d730b4cd60 Exception <a 'java/lang/NoSuchMethodError'{0x000000070f3943d0}: 'int java.lang.invoke.DelegatingMethodHandle$Holder.reinvoke_L(java.lang.Object, java.lang.Object, java.lang.Object, long, java.lang.Object, java.lang.Object)'> (0x000000070f3943d0) 
thrown [s\src\hotspot\share\interpreter\linkResolver.cpp, line 771]
Event: 1.417 Thread 0x000001d730b4cd60 Exception <a 'java/lang/NoSuchMethodError'{0x000000070f3a2f50}: 'void java.lang.invoke.DelegatingMethodHandle$Holder.reinvoke_L(java.lang.Object, java.lang.Object, java.lang.Object, long, java.lang.Object)'> (0x000000070f3a2f50) 
thrown [s\src\hotspot\share\interpreter\linkResolver.cpp, line 771]
Event: 1.419 Thread 0x000001d730b4cd60 Exception <a 'java/lang/NoSuchMethodError'{0x000000070f3aab88}: 'java.lang.Object java.lang.invoke.DirectMethodHandle$Holder.invokeSpecial(java.lang.Object, java.lang.Object, java.lang.Object, java.lang.Object, long)'> (0x000000070f3aab88) 
thrown [s\src\hotspot\share\interpreter\linkResolver.cpp, line 771]
Event: 1.421 Thread 0x000001d730b4cd60 Exception <a 'java/lang/NoSuchMethodError'{0x000000070f3c33a8}: 'long java.lang.invoke.Invokers$Holder.invoke_MT(java.lang.Object, java.lang.Object, java.lang.Object, java.lang.Object)'> (0x000000070f3c33a8) 
thrown [s\src\hotspot\share\interpreter\linkResolver.cpp, line 771]
Event: 1.422 Thread 0x000001d730b4cd60 Exception <a 'java/lang/NoSuchMethodError'{0x000000070f3cee28}: 'int java.lang.invoke.DirectMethodHandle$Holder.invokeSpecial(java.lang.Object, java.lang.Object, java.lang.Object)'> (0x000000070f3cee28) 
thrown [s\src\hotspot\share\interpreter\linkResolver.cpp, line 771]
Event: 1.423 Thread 0x000001d730b4cd60 Exception <a 'java/lang/NoSuchMethodError'{0x000000070f3d2e58}: 'int java.lang.invoke.DirectMethodHandle$Holder.invokeSpecial(java.lang.Object, java.lang.Object, java.lang.Object, java.lang.Object)'> (0x000000070f3d2e58) 
thrown [s\src\hotspot\share\interpreter\linkResolver.cpp, line 771]
Event: 1.423 Thread 0x000001d730b4cd60 Exception <a 'java/lang/NoSuchMethodError'{0x000000070f3d64c0}: 'int java.lang.invoke.Invokers$Holder.invoke_MT(java.lang.Object, java.lang.Object, java.lang.Object, java.lang.Object)'> (0x000000070f3d64c0) 
thrown [s\src\hotspot\share\interpreter\linkResolver.cpp, line 771]
Event: 1.425 Thread 0x000001d730b4cd60 Exception <a 'java/lang/NoSuchMethodError'{0x000000070f3e60e0}: 'int java.lang.invoke.DelegatingMethodHandle$Holder.reinvoke_L(java.lang.Object, java.lang.Object, java.lang.Object, long, int)'> (0x000000070f3e60e0) 
thrown [s\src\hotspot\share\interpreter\linkResolver.cpp, line 771]

VM Operations (14 events):
Event: 0.197 Executing VM operation: HandshakeAllThreads
Event: 0.197 Executing VM operation: HandshakeAllThreads done
Event: 0.397 Executing VM operation: HandshakeAllThreads
Event: 0.397 Executing VM operation: HandshakeAllThreads done
Event: 0.645 Executing VM operation: HandshakeAllThreads
Event: 0.645 Executing VM operation: HandshakeAllThreads done
Event: 0.839 Executing VM operation: G1CollectForAllocation
Event: 0.841 Executing VM operation: G1CollectForAllocation done
Event: 0.975 Executing VM operation: HandshakeAllThreads
Event: 0.975 Executing VM operation: HandshakeAllThreads done
Event: 1.213 Executing VM operation: ICBufferFull
Event: 1.213 Executing VM operation: ICBufferFull done
Event: 1.314 Executing VM operation: HandshakeAllThreads
Event: 1.314 Executing VM operation: HandshakeAllThreads done

Events (20 events):
Event: 1.346 loading class java/util/stream/ReduceOps$3ReducingSink
Event: 1.346 loading class java/util/stream/ReduceOps$AccumulatingSink
Event: 1.346 loading class java/util/stream/TerminalSink
Event: 1.346 loading class java/util/stream/Sink
Event: 1.346 loading class java/util/stream/Sink done
Event: 1.346 loading class java/util/stream/TerminalSink done
Event: 1.346 loading class java/util/stream/ReduceOps$AccumulatingSink done
Event: 1.346 loading class java/util/stream/ReduceOps$Box
Event: 1.346 loading class java/util/stream/ReduceOps$Box done
Event: 1.346 loading class java/util/stream/ReduceOps$3ReducingSink done
Event: 1.346 loading class java/util/stream/ReferencePipeline$3$1
Event: 1.347 loading class java/util/stream/Sink$ChainedReference
Event: 1.347 loading class java/util/stream/Sink$ChainedReference done
Event: 1.347 loading class java/util/stream/ReferencePipeline$3$1 done
Event: 1.402 loading class sun/misc/Unsafe
Event: 1.403 loading class sun/misc/Unsafe done
Event: 1.406 loading class java/util/function/Predicate
Event: 1.406 loading class java/util/function/Predicate done
Event: 1.410 loading class java/lang/invoke/BoundMethodHandle$Species_LL
Event: 1.410 loading class java/lang/invoke/BoundMethodHandle$Species_LL done


Dynamic libraries:
0x00007ff6d02a0000 - 0x00007ff6d02aa000 	C:\Program Files\Android\Android Studio3\jbr\bin\java.exe
0x00007ffbf4350000 - 0x00007ffbf4548000 	C:\WINDOWS\SYSTEM32\ntdll.dll
0x00007ffbbfb70000 - 0x00007ffbbfb89000 	C:\Program Files\Avast Software\Avast\aswhook.dll
0x00007ffbf23d0000 - 0x00007ffbf248f000 	C:\WINDOWS\System32\KERNEL32.DLL
0x00007ffbf1a60000 - 0x00007ffbf1d56000 	C:\WINDOWS\System32\KERNELBASE.dll
0x00007ffbf1d60000 - 0x00007ffbf1e60000 	C:\WINDOWS\System32\ucrtbase.dll
0x00007ffbcc440000 - 0x00007ffbcc457000 	C:\Program Files\Android\Android Studio3\jbr\bin\jli.dll
0x00007ffbf2870000 - 0x00007ffbf2a0d000 	C:\WINDOWS\System32\USER32.dll
0x00007ffbf1eb0000 - 0x00007ffbf1ed2000 	C:\WINDOWS\System32\win32u.dll
0x00007ffbf39b0000 - 0x00007ffbf39dc000 	C:\WINDOWS\System32\GDI32.dll
0x00007ffbf2010000 - 0x00007ffbf2125000 	C:\WINDOWS\System32\gdi32full.dll
0x00007ffbe4400000 - 0x00007ffbe441b000 	C:\Program Files\Android\Android Studio3\jbr\bin\VCRUNTIME140.dll
0x00007ffbf1ee0000 - 0x00007ffbf1f7d000 	C:\WINDOWS\System32\msvcp_win.dll
0x00007ffbe2320000 - 0x00007ffbe25ba000 	C:\WINDOWS\WinSxS\amd64_microsoft.windows.common-controls_6595b64144ccf1df_6.0.19041.1110_none_60b5254171f9507e\COMCTL32.dll
0x00007ffbf2fb0000 - 0x00007ffbf304e000 	C:\WINDOWS\System32\msvcrt.dll
0x00007ffbf3510000 - 0x00007ffbf3540000 	C:\WINDOWS\System32\IMM32.DLL
0x00007ffbed710000 - 0x00007ffbed71c000 	C:\Program Files\Android\Android Studio3\jbr\bin\vcruntime140_1.dll
0x00007ffbb6540000 - 0x00007ffbb65cd000 	C:\Program Files\Android\Android Studio3\jbr\bin\msvcp140.dll
0x00007ffba7c80000 - 0x00007ffba8903000 	C:\Program Files\Android\Android Studio3\jbr\bin\server\jvm.dll
0x00007ffbf2d50000 - 0x00007ffbf2dff000 	C:\WINDOWS\System32\ADVAPI32.dll
0x00007ffbf2c50000 - 0x00007ffbf2cec000 	C:\WINDOWS\System32\sechost.dll
0x00007ffbf2740000 - 0x00007ffbf2866000 	C:\WINDOWS\System32\RPCRT4.dll
0x00007ffbf0fa0000 - 0x00007ffbf0feb000 	C:\WINDOWS\SYSTEM32\POWRPROF.dll
0x00007ffbdb120000 - 0x00007ffbdb129000 	C:\WINDOWS\SYSTEM32\WSOCK32.dll
0x00007ffbf30b0000 - 0x00007ffbf311b000 	C:\WINDOWS\System32\WS2_32.dll
0x00007ffbe37a0000 - 0x00007ffbe37c7000 	C:\WINDOWS\SYSTEM32\WINMM.dll
0x00007ffbe8420000 - 0x00007ffbe842a000 	C:\WINDOWS\SYSTEM32\VERSION.dll
0x00007ffbf0e60000 - 0x00007ffbf0e72000 	C:\WINDOWS\SYSTEM32\UMPDC.dll
0x00007ffbf0260000 - 0x00007ffbf0272000 	C:\WINDOWS\SYSTEM32\kernel.appcore.dll
0x00007ffbe5c70000 - 0x00007ffbe5c7a000 	C:\Program Files\Android\Android Studio3\jbr\bin\jimage.dll
0x00007ffbef090000 - 0x00007ffbef274000 	C:\WINDOWS\SYSTEM32\DBGHELP.DLL
0x00007ffbe6740000 - 0x00007ffbe6774000 	C:\WINDOWS\SYSTEM32\dbgcore.DLL
0x00007ffbf1f80000 - 0x00007ffbf2002000 	C:\WINDOWS\System32\bcryptPrimitives.dll
0x00007ffbe3900000 - 0x00007ffbe3925000 	C:\Program Files\Android\Android Studio3\jbr\bin\java.dll
0x00007ffbdc600000 - 0x00007ffbdc618000 	C:\Program Files\Android\Android Studio3\jbr\bin\zip.dll
0x00007ffbf3a70000 - 0x00007ffbf41b4000 	C:\WINDOWS\System32\SHELL32.dll
0x00007ffbefac0000 - 0x00007ffbf0253000 	C:\WINDOWS\SYSTEM32\windows.storage.dll
0x00007ffbf3120000 - 0x00007ffbf3474000 	C:\WINDOWS\System32\combase.dll
0x00007ffbf1480000 - 0x00007ffbf14ae000 	C:\WINDOWS\SYSTEM32\Wldp.dll
0x00007ffbf2b40000 - 0x00007ffbf2bed000 	C:\WINDOWS\System32\SHCORE.dll
0x00007ffbf3050000 - 0x00007ffbf30a5000 	C:\WINDOWS\System32\shlwapi.dll
0x00007ffbf1970000 - 0x00007ffbf198f000 	C:\WINDOWS\SYSTEM32\profapi.dll
0x00007ffbd3790000 - 0x00007ffbd37a9000 	C:\Program Files\Android\Android Studio3\jbr\bin\net.dll
0x00007ffbe8440000 - 0x00007ffbe854a000 	C:\WINDOWS\SYSTEM32\WINHTTP.dll
0x00007ffbf11e0000 - 0x00007ffbf124a000 	C:\WINDOWS\system32\mswsock.dll
0x00007ffbd1450000 - 0x00007ffbd1466000 	C:\Program Files\Android\Android Studio3\jbr\bin\nio.dll

dbghelp: loaded successfully - version: 4.0.5 - missing functions: none
symbol engine: initialized successfully - sym options: 0x614 - pdb path: .;C:\Program Files\Android\Android Studio3\jbr\bin;C:\WINDOWS\SYSTEM32;C:\Program Files\Avast Software\Avast;C:\WINDOWS\WinSxS\amd64_microsoft.windows.common-controls_6595b64144ccf1df_6.0.19041.1110_none_60b5254171f9507e;C:\Program Files\Android\Android Studio3\jbr\bin\server

VM Arguments:
java_command: org.jetbrains.kotlin.cli.jvm.K2JVMCompiler @C:\Users\Dell 7710\Desktop\Mido\Projects\Restaurant\app\build\20240501_259990215275423655.compiler.options
java_class_path (initial): C:\Users\Dell 7710\.gradle\caches\modules-2\files-2.1\org.jetbrains.kotlin\kotlin-compiler-embeddable\1.8.10\b0757fd774344d54ce93f5ad6c30ba1c1731c8ff\kotlin-compiler-embeddable-1.8.10.jar;C:\Users\Dell 7710\.gradle\caches\modules-2\files-2.1\org.jetbrains.kotlin\kotlin-stdlib\1.8.10\6d5560a229477df9406943d5feda5618e98eb64c\kotlin-stdlib-1.8.10.jar;C:\Users\Dell 7710\.gradle\caches\modules-2\files-2.1\org.jetbrains.kotlin\kotlin-script-runtime\1.8.10\b13ea9c7e46d589139e56086a878763290e20bd5\kotlin-script-runtime-1.8.10.jar;C:\Users\Dell 7710\.gradle\caches\modules-2\files-2.1\org.jetbrains.kotlin\kotlin-reflect\1.6.10\1cbe9c92c12a94eea200d23c2bbaedaf3daf5132\kotlin-reflect-1.6.10.jar;C:\Users\Dell 7710\.gradle\caches\modules-2\files-2.1\org.jetbrains.kotlin\kotlin-daemon-embeddable\1.8.10\ad8541d9bc1cf9e52c3204161247910c2cf601d4\kotlin-daemon-embeddable-1.8.10.jar;C:\Users\Dell 7710\.gradle\caches\modules-2\files-2.1\org.jetbrains.intellij.deps\trove4j\1.0.20200330\3afb14d5f9ceb459d724e907a21145e8ff394f02\trove4j-1.0.20200330.jar;C:\Users\Dell 7710\.gradle\caches\modules-2\files-2.1\net.java.dev.jna\jna\5.6.0\330f2244e9030119ab3030fc3fededc86713d9cc\jna-5.6.0.jar;C:\Users\Dell 7710\.gradle\caches\modules-2\files-2.1\org.jetbrains.kotlin\kotlin-stdlib-common\1.8.10\a61b182458550492c12aee66157d7b524a63a5ec\kotlin-stdlib-common-1.8.10.jar;C:\Users\Dell 7710\.gradle\caches\modules-2\files-2.1\org.jetbrains\annotations\13.0\919f0dfe192fb4e063e7dacadee7f8bb9a2672a9\annotations-13.0.jar
Launcher Type: SUN_STANDARD

[Global flags]
     intx CICompilerCount                          = 4                                         {product} {ergonomic}
     uint ConcGCThreads                            = 2                                         {product} {ergonomic}
     uint G1ConcRefinementThreads                  = 8                                         {product} {ergonomic}
   size_t G1HeapRegionSize                         = 2097152                                   {product} {ergonomic}
    uintx GCDrainStackTargetSize                   = 64                                        {product} {ergonomic}
   size_t InitialHeapSize                          = 268435456                                 {product} {ergonomic}
   size_t MarkStackSize                            = 4194304                                   {product} {ergonomic}
   size_t MaxHeapSize                              = 4276092928                                {product} {ergonomic}
   size_t MaxNewSize                               = 2564816896                                {product} {ergonomic}
   size_t MinHeapDeltaBytes                        = 2097152                                   {product} {ergonomic}
   size_t MinHeapSize                              = 8388608                                   {product} {ergonomic}
    uintx NonNMethodCodeHeapSize                   = 5839372                                {pd product} {ergonomic}
    uintx NonProfiledCodeHeapSize                  = 122909434                              {pd product} {ergonomic}
    uintx ProfiledCodeHeapSize                     = 122909434                              {pd product} {ergonomic}
    uintx ReservedCodeCacheSize                    = 251658240                              {pd product} {ergonomic}
     bool SegmentedCodeCache                       = true                                      {product} {ergonomic}
   size_t SoftMaxHeapSize                          = 4276092928                             {manageable} {ergonomic}
     bool UseCompressedClassPointers               = true                           {product lp64_product} {ergonomic}
     bool UseCompressedOops                        = true                           {product lp64_product} {ergonomic}
     bool UseG1GC                                  = true                                      {product} {ergonomic}
     bool UseLargePagesIndividualAllocation        = false                                  {pd product} {ergonomic}

Logging:
Log output configuration:
 #0: stdout all=warning uptime,level,tags
 #1: stderr all=off uptime,level,tags

Environment Variables:
PATH=C:\Program Files (x86)\VMware\VMware Workstation\bin\;C:\Program Files (x86)\Common Files\Oracle\Java\javapath;C:\Windows\system32;C:\Windows;C:\Windows\System32\Wbem;C:\Windows\System32\WindowsPowerShell\v1.0\;C:\Windows\System32\OpenSSH\;C:\Program Files (x86)\NVIDIA Corporation\PhysX\Common;C:\WINDOWS\system32;C:\WINDOWS;C:\WINDOWS\System32\Wbem;C:\WINDOWS\System32\WindowsPowerShell\v1.0\;C:\WINDOWS\System32\OpenSSH\;C:\Program Files\NVIDIA Corporation\NVIDIA NvDLISR;C:\Program Files (x86)\dotnet\;C:\Program Files\dotnet\;C:\Program Files\Git\cmd;C:\Users\Dell 7710\AppData\Local\Programs\Python\Python312\Scripts\;C:\Users\Dell 7710\AppData\Local\Programs\Python\Python312\;C:\Users\Dell 7710\AppData\Local\Programs\Python\Launcher\;C:\Users\Dell 7710\AppData\Local\Microsoft\WindowsApps;;E:\Microsoft VS Code\bin
USERNAME=Dell 7710
OS=Windows_NT
PROCESSOR_IDENTIFIER=Intel64 Family 6 Model 94 Stepping 3, GenuineIntel
TMP=C:\Users\Dell 7710\AppData\Local\Temp
TEMP=C:\Users\Dell 7710\AppData\Local\Temp



Periodic native trim disabled

JNI global refs:
JNI global refs: 10, weak refs: 0

JNI global refs memory usage: 843, weak refs: 209

OOME stack traces (most recent first):
Classloader memory used:
Loader bootstrap                                                                       : 1116K
Loader jdk.internal.loader.ClassLoaders$AppClassLoader                                 : 1105K
Loader jdk.internal.reflect.DelegatingClassLoader                                      : 4685B


---------------  S Y S T E M  ---------------

OS:
 Windows 10 , 64 bit Build 19041 (10.0.19041.3031)
OS uptime: 11 days 0:25 hours

CPU: total 8 (initial active 8) (4 cores per cpu, 2 threads per core) family 6 model 94 stepping 3 microcode 0xcc, cx8, cmov, fxsr, ht, mmx, 3dnowpref, sse, sse2, sse3, ssse3, sse4.1, sse4.2, popcnt, lzcnt, tsc, tscinvbit, avx, avx2, aes, erms, clmul, bmi1, bmi2, rtm, adx, fma, vzeroupper, clflush, clflushopt
Processor Information for all 8 processors :
  Max Mhz: 2901, Current Mhz: 2901, Mhz Limit: 2901

Memory: 4k page, system-wide physical 16308M (2895M free)
TotalPageFile size 18356M (AvailPageFile size 5M)
current process WorkingSet (physical memory assigned to process): 103M, peak: 103M
current process commit charge ("private bytes"): 363M, peak: 364M

vm_info: OpenJDK 64-Bit Server VM (17.0.9+0--11185874) for windows-amd64 JRE (17.0.9+0--11185874), built on Dec  6 2023 18:57:44 by "androidbuild" with MS VC++ 16.10 / 16.11 (VS2019)

END.
