#
# There is insufficient memory for the Java Runtime Environment to continue.
# Native memory allocation (mmap) failed to map 268435456 bytes for G1 virtual space
# Possible reasons:
#   The system is out of physical RAM or swap space
#   The process is running with CompressedOops enabled, and the Java Heap may be blocking the growth of the native heap
# Possible solutions:
#   Reduce memory load on the system
#   Increase physical memory or swap space
#   Check if swap backing store is full
#   Decrease Java heap size (-Xmx/-Xms)
#   Decrease number of Java threads
#   Decrease Java thread stack sizes (-Xss)
#   Set larger code cache with -XX:ReservedCodeCacheSize=
#   JVM is running with Zero Based Compressed Oops mode in which the Java heap is
#     placed in the first 32GB address space. The Java Heap base address is the
#     maximum limit for the native heap growth. Please use -XX:HeapBaseMinAddress
#     to set the Java Heap base and to place the Java Heap above 32GB virtual address.
# This output file may be truncated or incomplete.
#
#  Out of Memory Error (os_windows.cpp:3771), pid=19776, tid=20952
#
# JRE version:  (17.0.7) (build )
# Java VM: OpenJDK 64-Bit Server VM (17.0.7+0-b2043.56-10550314, mixed mode, sharing, tiered, compressed oops, compressed class ptrs, g1 gc, windows-amd64)
# No core dump will be written. Minidumps are not enabled by default on client versions of Windows
#

---------------  S U M M A R Y ------------

Command Line: git4idea.http.GitAskPassApp Username for 'https://github.com': 

Host: Intel(R) Xeon(R) CPU E3-1535M v5 @ 2.90GHz, 8 cores, 15G,  Windows 10 , 64 bit Build 19041 (10.0.19041.3031)
Time: Tue Apr 16 17:12:32 2024 Egypt Standard Time elapsed time: 0.011844 seconds (0d 0h 0m 0s)

---------------  T H R E A D  ---------------

Current thread (0x000001fafa4a05c0):  JavaThread "Unknown thread" [_thread_in_vm, id=20952, stack(0x00000050dee00000,0x00000050def00000)]

Stack: [0x00000050dee00000,0x00000050def00000]
Native frames: (J=compiled Java code, j=interpreted, Vv=VM code, C=native code)
V  [jvm.dll+0x683bfa]
V  [jvm.dll+0x8430a4]
V  [jvm.dll+0x8449be]
V  [jvm.dll+0x845023]
V  [jvm.dll+0x24ad2f]
V  [jvm.dll+0x680ac9]
V  [jvm.dll+0x67519a]
V  [jvm.dll+0x30b3cb]
V  [jvm.dll+0x312876]
V  [jvm.dll+0x36221e]
V  [jvm.dll+0x36244f]
V  [jvm.dll+0x2e14a8]
V  [jvm.dll+0x2e2414]
V  [jvm.dll+0x814391]
V  [jvm.dll+0x36ffe1]
V  [jvm.dll+0x7f396c]
V  [jvm.dll+0x3f305f]
V  [jvm.dll+0x3f4b91]
C  [jli.dll+0x528f]
C  [ucrtbase.dll+0x21bb2]
C  [KERNEL32.DLL+0x17614]
C  [ntdll.dll+0x526f1]


---------------  P R O C E S S  ---------------

Threads class SMR info:
_java_thread_list=0x00007ffdcdd0d098, length=0, elements={
}

Java Threads: ( => current thread )

Other Threads:
  0x000001fafa50d6e0 GCTaskThread "GC Thread#0" [stack: 0x00000050def00000,0x00000050df000000] [id=3528]
  0x000001fafa51e5c0 ConcurrentGCThread "G1 Main Marker" [stack: 0x00000050df000000,0x00000050df100000] [id=18176]
  0x000001fafa51efd0 ConcurrentGCThread "G1 Conc#0" [stack: 0x00000050df100000,0x00000050df200000] [id=19660]

[error occurred during error reporting (printing all threads), id 0xc0000005, EXCEPTION_ACCESS_VIOLATION (0xc0000005) at pc=0x00007ffdcd4c2087]

VM state: not at safepoint (not fully initialized)

VM Mutex/Monitor currently owned by a thread:  ([mutex/lock_event])
[0x000001fafa49b0a0] Heap_lock - owner thread: 0x000001fafa4a05c0

Heap address: 0x0000000701200000, size: 4078 MB, Compressed Oops mode: Zero based, Oop shift amount: 3

CDS archive(s) mapped at: [0x0000000000000000-0x0000000000000000-0x0000000000000000), size 0, SharedBaseAddress: 0x0000000800000000, ArchiveRelocationMode: 0.
Narrow klass base: 0x0000000000000000, Narrow klass shift: 0, Narrow klass range: 0x0

GC Precious Log:
<Empty>

Heap:
 garbage-first heap   total 0K, used 0K [0x0000000701200000, 0x0000000800000000)
  region size 2048K, 0 young (0K), 0 survivors (0K)
 Metaspace       used 0K, committed 0K, reserved 0K
  class space    used 0K, committed 0K, reserved 0K

Heap Regions: E=young(eden), S=young(survivor), O=old, HS=humongous(starts), HC=humongous(continues), CS=collection set, F=free, OA=open archive, CA=closed archive, TAMS=top-at-mark-start (previous, next)

Card table byte_map: [0x000001fa8f800000,0x000001fa90000000] _byte_map_base: 0x000001fa8bff7000

Marking Bits (Prev, Next): (CMBitMap*) 0x000001fafa50dcf0, (CMBitMap*) 0x000001fafa50dd30
 Prev Bits: [0x000001fa90800000, 0x000001fa947b8000)
 Next Bits: [0x000001fa947c0000, 0x000001fa98778000)

GC Heap History (0 events):
No events

Dll operation events (1 events):
Event: 0.006 Loaded shared library C:\Program Files\Android\Android Studio2\jbr\bin\java.dll

Deoptimization events (0 events):
No events

Classes unloaded (0 events):
No events

Classes redefined (0 events):
No events

Internal exceptions (0 events):
No events

VM Operations (0 events):
No events

Events (0 events):
No events


Dynamic libraries:
0x00007ff76bca0000 - 0x00007ff76bcaa000 	C:\Program Files\Android\Android Studio2\jbr\bin\java.exe
0x00007ffe561d0000 - 0x00007ffe563c8000 	C:\WINDOWS\SYSTEM32\ntdll.dll
0x00007ffe242d0000 - 0x00007ffe242e9000 	C:\Program Files\Avast Software\Avast\aswhook.dll
0x00007ffe559e0000 - 0x00007ffe55a9f000 	C:\WINDOWS\System32\KERNEL32.DLL
0x00007ffe53a10000 - 0x00007ffe53d06000 	C:\WINDOWS\System32\KERNELBASE.dll
0x00007ffe54010000 - 0x00007ffe54110000 	C:\WINDOWS\System32\ucrtbase.dll
0x00007ffe27280000 - 0x00007ffe27297000 	C:\Program Files\Android\Android Studio2\jbr\bin\jli.dll
0x00007ffe471d0000 - 0x00007ffe471eb000 	C:\Program Files\Android\Android Studio2\jbr\bin\VCRUNTIME140.dll
0x00007ffe542d0000 - 0x00007ffe5446d000 	C:\WINDOWS\System32\USER32.dll
0x00007ffe53db0000 - 0x00007ffe53dd2000 	C:\WINDOWS\System32\win32u.dll
0x00007ffe41860000 - 0x00007ffe41afa000 	C:\WINDOWS\WinSxS\amd64_microsoft.windows.common-controls_6595b64144ccf1df_6.0.19041.1110_none_60b5254171f9507e\COMCTL32.dll
0x00007ffe544a0000 - 0x00007ffe544cc000 	C:\WINDOWS\System32\GDI32.dll
0x00007ffe54230000 - 0x00007ffe542ce000 	C:\WINDOWS\System32\msvcrt.dll
0x00007ffe54110000 - 0x00007ffe54225000 	C:\WINDOWS\System32\gdi32full.dll
0x00007ffe53d10000 - 0x00007ffe53dad000 	C:\WINDOWS\System32\msvcp_win.dll
0x00007ffe54470000 - 0x00007ffe544a0000 	C:\WINDOWS\System32\IMM32.DLL
0x00007ffe4c490000 - 0x00007ffe4c49c000 	C:\Program Files\Android\Android Studio2\jbr\bin\vcruntime140_1.dll
0x00007ffe20bd0000 - 0x00007ffe20c5d000 	C:\Program Files\Android\Android Studio2\jbr\bin\msvcp140.dll
0x00007ffdcd1d0000 - 0x00007ffdcde50000 	C:\Program Files\Android\Android Studio2\jbr\bin\server\jvm.dll
0x00007ffe556d0000 - 0x00007ffe5577f000 	C:\WINDOWS\System32\ADVAPI32.dll
0x00007ffe55aa0000 - 0x00007ffe55b3c000 	C:\WINDOWS\System32\sechost.dll
0x00007ffe54530000 - 0x00007ffe54656000 	C:\WINDOWS\System32\RPCRT4.dll
0x00007ffe3eeb0000 - 0x00007ffe3eeb9000 	C:\WINDOWS\SYSTEM32\WSOCK32.dll
0x00007ffe43850000 - 0x00007ffe43877000 	C:\WINDOWS\SYSTEM32\WINMM.dll
0x00007ffe4c670000 - 0x00007ffe4c67a000 	C:\WINDOWS\SYSTEM32\VERSION.dll
0x00007ffe55250000 - 0x00007ffe552bb000 	C:\WINDOWS\System32\WS2_32.dll
0x00007ffe520f0000 - 0x00007ffe52102000 	C:\WINDOWS\SYSTEM32\kernel.appcore.dll
0x00007ffe4cdc0000 - 0x00007ffe4cdca000 	C:\Program Files\Android\Android Studio2\jbr\bin\jimage.dll
0x00007ffe50f40000 - 0x00007ffe51124000 	C:\WINDOWS\SYSTEM32\DBGHELP.DLL
0x00007ffe49e80000 - 0x00007ffe49eb4000 	C:\WINDOWS\SYSTEM32\dbgcore.DLL
0x00007ffe53f00000 - 0x00007ffe53f82000 	C:\WINDOWS\System32\bcryptPrimitives.dll
0x00007ffe2f840000 - 0x00007ffe2f865000 	C:\Program Files\Android\Android Studio2\jbr\bin\java.dll

dbghelp: loaded successfully - version: 4.0.5 - missing functions: none
symbol engine: initialized successfully - sym options: 0x614 - pdb path: .;C:\Program Files\Android\Android Studio2\jbr\bin;C:\WINDOWS\SYSTEM32;C:\Program Files\Avast Software\Avast;C:\WINDOWS\WinSxS\amd64_microsoft.windows.common-controls_6595b64144ccf1df_6.0.19041.1110_none_60b5254171f9507e;C:\Program Files\Android\Android Studio2\jbr\bin\server

VM Arguments:
java_command: git4idea.http.GitAskPassApp Username for 'https://github.com': 
java_class_path (initial): C:/Program Files/Android/Android Studio2/plugins/vcs-git/lib/git4idea-rt.jar;C:/Program Files/Android/Android Studio2/lib/externalProcess-rt.jar
Launcher Type: SUN_STANDARD

[Global flags]
     intx CICompilerCount                          = 4                                         {product} {ergonomic}
     uint ConcGCThreads                            = 2                                         {product} {ergonomic}
     uint G1ConcRefinementThreads                  = 8                                         {product} {ergonomic}
   size_t G1HeapRegionSize                         = 2097152                                   {product} {ergonomic}
    uintx GCDrainStackTargetSize                   = 64                                        {product} {ergonomic}
   size_t InitialHeapSize                          = 268435456                                 {product} {ergonomic}
   size_t MarkStackSize                            = 4194304                                   {product} {ergonomic}
   size_t MaxHeapSize                              = 4276092928                                {product} {ergonomic}
   size_t MinHeapDeltaBytes                        = 2097152                                   {product} {ergonomic}
   size_t MinHeapSize                              = 8388608                                   {product} {ergonomic}
    uintx NonNMethodCodeHeapSize                   = 5839372                                {pd product} {ergonomic}
    uintx NonProfiledCodeHeapSize                  = 122909434                              {pd product} {ergonomic}
    uintx ProfiledCodeHeapSize                     = 122909434                              {pd product} {ergonomic}
    uintx ReservedCodeCacheSize                    = 251658240                              {pd product} {ergonomic}
     bool SegmentedCodeCache                       = true                                      {product} {ergonomic}
   size_t SoftMaxHeapSize                          = 4276092928                             {manageable} {ergonomic}
     bool UseCompressedClassPointers               = true                           {product lp64_product} {ergonomic}
     bool UseCompressedOops                        = true                           {product lp64_product} {ergonomic}
     bool UseG1GC                                  = true                                      {product} {ergonomic}
     bool UseLargePagesIndividualAllocation        = false                                  {pd product} {ergonomic}

Logging:
Log output configuration:
 #0: stdout all=warning uptime,level,tags
 #1: stderr all=off uptime,level,tags

Environment Variables:
PATH=C:\Program Files\Git\mingw64\libexec\git-core;C:\Program Files\Git\mingw64\libexec\git-core;C:\Program Files\Git\mingw64\bin;C:\Program Files\Git\usr\bin;C:\Users\Dell 7710\bin;C:\Program Files (x86)\VMware\VMware Workstation\bin;C:\Program Files (x86)\Common Files\Oracle\Java\javapath;C:\Windows\system32;C:\Windows;C:\Windows\System32\Wbem;C:\Windows\System32\WindowsPowerShell\v1.0;C:\Windows\System32\OpenSSH;C:\Program Files (x86)\NVIDIA Corporation\PhysX\Common;C:\WINDOWS\system32;C:\WINDOWS;C:\WINDOWS\System32\Wbem;C:\WINDOWS\System32\WindowsPowerShell\v1.0;C:\WINDOWS\System32\OpenSSH;C:\Program Files\NVIDIA Corporation\NVIDIA NvDLISR;C:\Program Files (x86)\dotnet;C:\Program Files\dotnet;C:\Program Files\Git\cmd;C:\Users\Dell 7710\AppData\Local\Programs\Python\Python312\Scripts;C:\Users\Dell 7710\AppData\Local\Programs\Python\Python312;C:\Users\Dell 7710\AppData\Local\Programs\Python\Launcher;C:\Users\Dell 7710\AppData\Local\Microsoft\WindowsApps;E:\Microsoft VS Code\bin
USERNAME=Dell 7710
DISPLAY=:0.0
LC_ALL=en_US.UTF-8
TERM=cygwin
TMPDIR=C:\Users\Dell 7710\AppData\Local\Temp
OS=Windows_NT
PROCESSOR_IDENTIFIER=Intel64 Family 6 Model 94 Stepping 3, GenuineIntel
TMP=C:\Users\Dell 7710\AppData\Local\Temp
TEMP=C:\Users\Dell 7710\AppData\Local\Temp


JNI global refs:
JNI global refs: 0, weak refs: 0

JNI global refs memory usage: 0, weak refs: 0

OOME stack traces (most recent first):
Classloader memory used:


---------------  S Y S T E M  ---------------

OS:
 Windows 10 , 64 bit Build 19041 (10.0.19041.3031)
OS uptime: 1 days 7:39 hours

CPU: total 8 (initial active 8) (4 cores per cpu, 2 threads per core) family 6 model 94 stepping 3 microcode 0xcc, cx8, cmov, fxsr, ht, mmx, 3dnowpref, sse, sse2, sse3, ssse3, sse4.1, sse4.2, popcnt, lzcnt, tsc, tscinvbit, avx, avx2, aes, erms, clmul, bmi1, bmi2, rtm, adx, fma, vzeroupper, clflush, clflushopt

Memory: 4k page, system-wide physical 16308M (2228M free)
TotalPageFile size 18356M (AvailPageFile size 72M)
current process WorkingSet (physical memory assigned to process): 10M, peak: 10M
current process commit charge ("private bytes"): 60M, peak: 316M

vm_info: OpenJDK 64-Bit Server VM (17.0.7+0-b2043.56-10550314) for windows-amd64 JRE (17.0.7+0-b2043.56-10550314), built on Jul 24 2023 18:27:45 by "androidbuild" with MS VC++ 16.10 / 16.11 (VS2019)

END.
