#
# There is insufficient memory for the Java Runtime Environment to continue.
# Native memory allocation (malloc) failed to allocate 1048576 bytes for AllocateHeap
# Possible reasons:
#   The system is out of physical RAM or swap space
#   The process is running with CompressedOops enabled, and the Java Heap may be blocking the growth of the native heap
# Possible solutions:
#   Reduce memory load on the system
#   Increase physical memory or swap space
#   Check if swap backing store is full
#   Decrease Java heap size (-Xmx/-Xms)
#   Decrease number of Java threads
#   Decrease Java thread stack sizes (-Xss)
#   Set larger code cache with -XX:ReservedCodeCacheSize=
#   JVM is running with Unscaled Compressed Oops mode in which the Java heap is
#     placed in the first 4GB address space. The Java Heap base address is the
#     maximum limit for the native heap growth. Please use -XX:HeapBaseMinAddress
#     to set the Java Heap base and to place the Java Heap above 4GB virtual address.
# This output file may be truncated or incomplete.
#
#  Out of Memory Error (allocation.cpp:44), pid=10840, tid=808
#
# JRE version:  (17.0.7) (build )
# Java VM: OpenJDK 64-Bit Server VM (17.0.7+0-b2043.56-10550314, mixed mode, sharing, tiered, compressed oops, compressed class ptrs, g1 gc, windows-amd64)
# No core dump will be written. Minidumps are not enabled by default on client versions of Windows
#

---------------  S U M M A R Y ------------

Command Line: git4idea.http.GitAskPassApp Username for 'https://github.com': 

Host: Intel(R) Xeon(R) CPU E3-1535M v5 @ 2.90GHz, 8 cores, 15G,  Windows 10 , 64 bit Build 19041 (10.0.19041.3031)
Time: Tue Mar  5 19:45:06 2024 Egypt Standard Time elapsed time: 0.010271 seconds (0d 0h 0m 0s)

---------------  T H R E A D  ---------------

Current thread (0x0000029f26883bc0):  JavaThread "Unknown thread" [_thread_in_vm, id=808, stack(0x000000ed9e600000,0x000000ed9e700000)]

Stack: [0x000000ed9e600000,0x000000ed9e700000]
Native frames: (J=compiled Java code, j=interpreted, Vv=VM code, C=native code)
V  [jvm.dll+0x683bfa]
V  [jvm.dll+0x8430a4]
V  [jvm.dll+0x8449be]
V  [jvm.dll+0x845023]
V  [jvm.dll+0x24ad2f]
V  [jvm.dll+0xa69cf]
V  [jvm.dll+0x2dd084]
V  [jvm.dll+0x81435c]
V  [jvm.dll+0x36ffe1]
V  [jvm.dll+0x7f396c]
V  [jvm.dll+0x3f305f]
V  [jvm.dll+0x3f4b91]
C  [jli.dll+0x528f]
C  [ucrtbase.dll+0x21bb2]
C  [KERNEL32.DLL+0x17614]
C  [ntdll.dll+0x526f1]


---------------  P R O C E S S  ---------------

Threads class SMR info:
_java_thread_list=0x00007ffccce4d098, length=0, elements={
}

Java Threads: ( => current thread )

Other Threads:

=>0x0000029f26883bc0 (exited) JavaThread "Unknown thread" [_thread_in_vm, id=808, stack(0x000000ed9e600000,0x000000ed9e700000)]

Threads with active compile tasks:

VM state: not at safepoint (not fully initialized)

VM Mutex/Monitor currently owned by a thread: None

Heap address: 0x0000000000000000, size: 0 MB, Compressed Oops mode: 32-bit

CDS archive(s) mapped at: [0x0000000000000000-0x0000000000000000-0x0000000000000000), size 0, SharedBaseAddress: 0x0000000800000000, ArchiveRelocationMode: 0.
Narrow klass base: 0x0000000000000000, Narrow klass shift: 0, Narrow klass range: 0x0

GC Precious Log:
<Empty>

GC Heap History (0 events):
No events

Dll operation events (1 events):
Event: 0.006 Loaded shared library C:\Program Files\Android\Android Studio2\jbr\bin\java.dll

Deoptimization events (0 events):
No events

Classes unloaded (0 events):
No events

Classes redefined (0 events):
No events

Internal exceptions (0 events):
No events

VM Operations (0 events):
No events

Events (0 events):
No events


Dynamic libraries:
0x00007ff6b3c30000 - 0x00007ff6b3c3a000 	C:\Program Files\Android\Android Studio2\jbr\bin\java.exe
0x00007ffd2c9d0000 - 0x00007ffd2cbc8000 	C:\WINDOWS\SYSTEM32\ntdll.dll
0x00007ffcf7b30000 - 0x00007ffcf7b49000 	C:\Program Files\Avast Software\Avast\aswhook.dll
0x00007ffd2c8d0000 - 0x00007ffd2c98f000 	C:\WINDOWS\System32\KERNEL32.DLL
0x00007ffd2a620000 - 0x00007ffd2a916000 	C:\WINDOWS\System32\KERNELBASE.dll
0x00007ffd2a520000 - 0x00007ffd2a620000 	C:\WINDOWS\System32\ucrtbase.dll
0x00007ffd028f0000 - 0x00007ffd02907000 	C:\Program Files\Android\Android Studio2\jbr\bin\jli.dll
0x00007ffd1e810000 - 0x00007ffd1e82b000 	C:\Program Files\Android\Android Studio2\jbr\bin\VCRUNTIME140.dll
0x00007ffd2c720000 - 0x00007ffd2c8bd000 	C:\WINDOWS\System32\USER32.dll
0x00007ffd1b2c0000 - 0x00007ffd1b55a000 	C:\WINDOWS\WinSxS\amd64_microsoft.windows.common-controls_6595b64144ccf1df_6.0.19041.1110_none_60b5254171f9507e\COMCTL32.dll
0x00007ffd2a920000 - 0x00007ffd2a942000 	C:\WINDOWS\System32\win32u.dll
0x00007ffd2bb20000 - 0x00007ffd2bb4c000 	C:\WINDOWS\System32\GDI32.dll
0x00007ffd2ba80000 - 0x00007ffd2bb1e000 	C:\WINDOWS\System32\msvcrt.dll
0x00007ffd2a160000 - 0x00007ffd2a275000 	C:\WINDOWS\System32\gdi32full.dll
0x00007ffd2a480000 - 0x00007ffd2a51d000 	C:\WINDOWS\System32\msvcp_win.dll
0x00007ffd2bce0000 - 0x00007ffd2bd10000 	C:\WINDOWS\System32\IMM32.DLL
0x00007ffd24920000 - 0x00007ffd2492c000 	C:\Program Files\Android\Android Studio2\jbr\bin\vcruntime140_1.dll
0x00007ffd0c6f0000 - 0x00007ffd0c77d000 	C:\Program Files\Android\Android Studio2\jbr\bin\msvcp140.dll
0x00007ffccc310000 - 0x00007ffcccf90000 	C:\Program Files\Android\Android Studio2\jbr\bin\server\jvm.dll
0x00007ffd2b670000 - 0x00007ffd2b71f000 	C:\WINDOWS\System32\ADVAPI32.dll
0x00007ffd2c0a0000 - 0x00007ffd2c13c000 	C:\WINDOWS\System32\sechost.dll
0x00007ffd2c250000 - 0x00007ffd2c376000 	C:\WINDOWS\System32\RPCRT4.dll
0x00007ffd14590000 - 0x00007ffd14599000 	C:\WINDOWS\SYSTEM32\WSOCK32.dll
0x00007ffd1d150000 - 0x00007ffd1d177000 	C:\WINDOWS\SYSTEM32\WINMM.dll
0x00007ffd227a0000 - 0x00007ffd227aa000 	C:\WINDOWS\SYSTEM32\VERSION.dll
0x00007ffd2bda0000 - 0x00007ffd2be0b000 	C:\WINDOWS\System32\WS2_32.dll
0x00007ffd28140000 - 0x00007ffd28152000 	C:\WINDOWS\SYSTEM32\kernel.appcore.dll
0x00007ffd1d910000 - 0x00007ffd1d91a000 	C:\Program Files\Android\Android Studio2\jbr\bin\jimage.dll
0x00007ffd27740000 - 0x00007ffd27924000 	C:\WINDOWS\SYSTEM32\DBGHELP.DLL
0x00007ffd1dd10000 - 0x00007ffd1dd44000 	C:\WINDOWS\SYSTEM32\dbgcore.DLL
0x00007ffd2a9a0000 - 0x00007ffd2aa22000 	C:\WINDOWS\System32\bcryptPrimitives.dll
0x00007ffd034c0000 - 0x00007ffd034e5000 	C:\Program Files\Android\Android Studio2\jbr\bin\java.dll

dbghelp: loaded successfully - version: 4.0.5 - missing functions: none
symbol engine: initialized successfully - sym options: 0x614 - pdb path: .;C:\Program Files\Android\Android Studio2\jbr\bin;C:\WINDOWS\SYSTEM32;C:\Program Files\Avast Software\Avast;C:\WINDOWS\WinSxS\amd64_microsoft.windows.common-controls_6595b64144ccf1df_6.0.19041.1110_none_60b5254171f9507e;C:\Program Files\Android\Android Studio2\jbr\bin\server

VM Arguments:
java_command: git4idea.http.GitAskPassApp Username for 'https://github.com': 
java_class_path (initial): C:/Program Files/Android/Android Studio2/plugins/vcs-git/lib/git4idea-rt.jar;C:/Program Files/Android/Android Studio2/lib/externalProcess-rt.jar
Launcher Type: SUN_STANDARD

[Global flags]
     intx CICompilerCount                          = 4                                         {product} {ergonomic}
     uint ConcGCThreads                            = 2                                         {product} {ergonomic}
     uint G1ConcRefinementThreads                  = 8                                         {product} {ergonomic}
   size_t G1HeapRegionSize                         = 2097152                                   {product} {ergonomic}
    uintx GCDrainStackTargetSize                   = 64                                        {product} {ergonomic}
   size_t InitialHeapSize                          = 268435456                                 {product} {ergonomic}
   size_t MarkStackSize                            = 4194304                                   {product} {ergonomic}
   size_t MaxHeapSize                              = 4276092928                                {product} {ergonomic}
   size_t MinHeapDeltaBytes                        = 2097152                                   {product} {ergonomic}
   size_t MinHeapSize                              = 8388608                                   {product} {ergonomic}
    uintx NonNMethodCodeHeapSize                   = 5839372                                {pd product} {ergonomic}
    uintx NonProfiledCodeHeapSize                  = 122909434                              {pd product} {ergonomic}
    uintx ProfiledCodeHeapSize                     = 122909434                              {pd product} {ergonomic}
    uintx ReservedCodeCacheSize                    = 251658240                              {pd product} {ergonomic}
     bool SegmentedCodeCache                       = true                                      {product} {ergonomic}
   size_t SoftMaxHeapSize                          = 4276092928                             {manageable} {ergonomic}
     bool UseCompressedClassPointers               = true                           {product lp64_product} {ergonomic}
     bool UseCompressedOops                        = true                           {product lp64_product} {ergonomic}
     bool UseG1GC                                  = true                                      {product} {ergonomic}
     bool UseLargePagesIndividualAllocation        = false                                  {pd product} {ergonomic}

Logging:
Log output configuration:
 #0: stdout all=warning uptime,level,tags
 #1: stderr all=off uptime,level,tags

Environment Variables:
PATH=C:\Program Files\Git\mingw64\libexec\git-core;C:\Program Files\Git\mingw64\libexec\git-core;C:\Program Files\Git\mingw64\bin;C:\Program Files\Git\usr\bin;C:\Users\Dell 7710\bin;C:\Program Files (x86)\VMware\VMware Workstation\bin;C:\Program Files (x86)\Common Files\Oracle\Java\javapath;C:\Windows\system32;C:\Windows;C:\Windows\System32\Wbem;C:\Windows\System32\WindowsPowerShell\v1.0;C:\Windows\System32\OpenSSH;C:\Program Files (x86)\NVIDIA Corporation\PhysX\Common;C:\WINDOWS\system32;C:\WINDOWS;C:\WINDOWS\System32\Wbem;C:\WINDOWS\System32\WindowsPowerShell\v1.0;C:\WINDOWS\System32\OpenSSH;C:\Program Files\NVIDIA Corporation\NVIDIA NvDLISR;C:\Program Files (x86)\dotnet;C:\Program Files\dotnet;C:\Program Files\Git\cmd;C:\Users\Dell 7710\AppData\Local\Programs\Python\Python312\Scripts;C:\Users\Dell 7710\AppData\Local\Programs\Python\Python312;C:\Users\Dell 7710\AppData\Local\Programs\Python\Launcher;C:\Users\Dell 7710\AppData\Local\Microsoft\WindowsApps;E:\Microsoft VS Code\bin
USERNAME=Dell 7710
DISPLAY=:0.0
LC_ALL=en_US.UTF-8
TERM=cygwin
TMPDIR=C:\Users\Dell 7710\AppData\Local\Temp
OS=Windows_NT
PROCESSOR_IDENTIFIER=Intel64 Family 6 Model 94 Stepping 3, GenuineIntel
TMP=C:\Users\Dell 7710\AppData\Local\Temp
TEMP=C:\Users\Dell 7710\AppData\Local\Temp


JNI global refs:
JNI global refs: 0, weak refs: 0

JNI global refs memory usage: 0, weak refs: 0

OOME stack traces (most recent first):
Classloader memory used:


---------------  S Y S T E M  ---------------

OS:
 Windows 10 , 64 bit Build 19041 (10.0.19041.3031)
OS uptime: 14 days 0:53 hours

CPU: total 8 (initial active 8) (4 cores per cpu, 2 threads per core) family 6 model 94 stepping 3 microcode 0xcc, cx8, cmov, fxsr, ht, mmx, 3dnowpref, sse, sse2, sse3, ssse3, sse4.1, sse4.2, popcnt, lzcnt, tsc, tscinvbit, avx, avx2, aes, erms, clmul, bmi1, bmi2, rtm, adx, fma, vzeroupper, clflush, clflushopt

Memory: 4k page, system-wide physical 16308M (819M free)
TotalPageFile size 18356M (AvailPageFile size 5M)
current process WorkingSet (physical memory assigned to process): 9M, peak: 9M
current process commit charge ("private bytes"): 18M, peak: 19M

vm_info: OpenJDK 64-Bit Server VM (17.0.7+0-b2043.56-10550314) for windows-amd64 JRE (17.0.7+0-b2043.56-10550314), built on Jul 24 2023 18:27:45 by "androidbuild" with MS VC++ 16.10 / 16.11 (VS2019)

END.
