#
# There is insufficient memory for the Java Runtime Environment to continue.
# Native memory allocation (mmap) failed to map 224395264 bytes for G1 virtual space
# Possible reasons:
#   The system is out of physical RAM or swap space
#   The process is running with CompressedOops enabled, and the Java Heap may be blocking the growth of the native heap
# Possible solutions:
#   Reduce memory load on the system
#   Increase physical memory or swap space
#   Check if swap backing store is full
#   Decrease Java heap size (-Xmx/-Xms)
#   Decrease number of Java threads
#   Decrease Java thread stack sizes (-Xss)
#   Set larger code cache with -XX:ReservedCodeCacheSize=
#   JVM is running with Zero Based Compressed Oops mode in which the Java heap is
#     placed in the first 32GB address space. The Java Heap base address is the
#     maximum limit for the native heap growth. Please use -XX:HeapBaseMinAddress
#     to set the Java Heap base and to place the Java Heap above 32GB virtual address.
# This output file may be truncated or incomplete.
#
#  Out of Memory Error (os_windows.cpp:3771), pid=20592, tid=14928
#
# JRE version: OpenJDK Runtime Environment (17.0.7) (build 17.0.7+0-b2043.56-10550314)
# Java VM: OpenJDK 64-Bit Server VM (17.0.7+0-b2043.56-10550314, mixed mode, tiered, compressed oops, compressed class ptrs, g1 gc, windows-amd64)
# No core dump will be written. Minidumps are not enabled by default on client versions of Windows
#

---------------  S U M M A R Y ------------

Command Line: org.jetbrains.kotlin.cli.jvm.K2JVMCompiler @C:\Users\Dell 7710\Downloads\Documents\RovleApp\app\build\20240416_4946082912385972940.compiler.options

Host: Intel(R) Xeon(R) CPU E3-1535M v5 @ 2.90GHz, 8 cores, 15G,  Windows 10 , 64 bit Build 19041 (10.0.19041.3031)
Time: Tue Apr 16 19:29:50 2024 Egypt Standard Time elapsed time: 59.898123 seconds (0d 0h 0m 59s)

---------------  T H R E A D  ---------------

Current thread (0x000002d26d330350):  VMThread "VM Thread" [stack: 0x000000dc71700000,0x000000dc71800000] [id=14928]

Stack: [0x000000dc71700000,0x000000dc71800000]
Native frames: (J=compiled Java code, j=interpreted, Vv=VM code, C=native code)
V  [jvm.dll+0x683bfa]
V  [jvm.dll+0x8430a4]
V  [jvm.dll+0x8449be]
V  [jvm.dll+0x845023]
V  [jvm.dll+0x24ad2f]
V  [jvm.dll+0x680ac9]
V  [jvm.dll+0x67519a]
V  [jvm.dll+0x30b3cb]
V  [jvm.dll+0x312876]
V  [jvm.dll+0x36221e]
V  [jvm.dll+0x36244f]
V  [jvm.dll+0x2e14a8]
V  [jvm.dll+0x2df684]
V  [jvm.dll+0x2dec8c]
V  [jvm.dll+0x32382b]
V  [jvm.dll+0x8496eb]
V  [jvm.dll+0x84a424]
V  [jvm.dll+0x84a93d]
V  [jvm.dll+0x84ad14]
V  [jvm.dll+0x84ade0]
V  [jvm.dll+0x7f2aea]
V  [jvm.dll+0x682a35]
C  [ucrtbase.dll+0x21bb2]
C  [KERNEL32.DLL+0x17614]
C  [ntdll.dll+0x526f1]

VM_Operation (0x000000dc711fd6e0): G1CollectForAllocation, mode: safepoint, requested by thread 0x000002d24e946670


---------------  P R O C E S S  ---------------

Threads class SMR info:
_java_thread_list=0x000002d274a31120, length=14, elements={
0x000002d24e946670, 0x000002d26d4c0040, 0x000002d26d4c1170, 0x000002d26d511910,
0x000002d26d511fe0, 0x000002d26d512e50, 0x000002d26d515ee0, 0x000002d26d52ffe0,
0x000002d26d531e50, 0x000002d26d53c360, 0x000002d26d6bd8d0, 0x000002d26d6d4e30,
0x000002d2747cfb90, 0x000002d2745f6f90
}

Java Threads: ( => current thread )
  0x000002d24e946670 JavaThread "main" [_thread_blocked, id=19796, stack(0x000000dc71100000,0x000000dc71200000)]
  0x000002d26d4c0040 JavaThread "Reference Handler" daemon [_thread_blocked, id=12620, stack(0x000000dc71800000,0x000000dc71900000)]
  0x000002d26d4c1170 JavaThread "Finalizer" daemon [_thread_blocked, id=6088, stack(0x000000dc71900000,0x000000dc71a00000)]
  0x000002d26d511910 JavaThread "Signal Dispatcher" daemon [_thread_blocked, id=13296, stack(0x000000dc71a00000,0x000000dc71b00000)]
  0x000002d26d511fe0 JavaThread "Attach Listener" daemon [_thread_blocked, id=15728, stack(0x000000dc71b00000,0x000000dc71c00000)]
  0x000002d26d512e50 JavaThread "Service Thread" daemon [_thread_blocked, id=2168, stack(0x000000dc71c00000,0x000000dc71d00000)]
  0x000002d26d515ee0 JavaThread "Monitor Deflation Thread" daemon [_thread_blocked, id=11488, stack(0x000000dc71d00000,0x000000dc71e00000)]
  0x000002d26d52ffe0 JavaThread "C2 CompilerThread0" daemon [_thread_blocked, id=16832, stack(0x000000dc71e00000,0x000000dc71f00000)]
  0x000002d26d531e50 JavaThread "C1 CompilerThread0" daemon [_thread_blocked, id=16452, stack(0x000000dc71f00000,0x000000dc72000000)]
  0x000002d26d53c360 JavaThread "Sweeper thread" daemon [_thread_blocked, id=19228, stack(0x000000dc72000000,0x000000dc72100000)]
  0x000002d26d6bd8d0 JavaThread "Notification Thread" daemon [_thread_blocked, id=6208, stack(0x000000dc72100000,0x000000dc72200000)]
  0x000002d26d6d4e30 JavaThread "Common-Cleaner" daemon [_thread_blocked, id=15176, stack(0x000000dc72300000,0x000000dc72400000)]
  0x000002d2747cfb90 JavaThread "C2 CompilerThread1" daemon [_thread_blocked, id=18412, stack(0x000000dc72400000,0x000000dc72500000)]
  0x000002d2745f6f90 JavaThread "C2 CompilerThread2" daemon [_thread_blocked, id=4592, stack(0x000000dc72a00000,0x000000dc72b00000)]

Other Threads:
=>0x000002d26d330350 VMThread "VM Thread" [stack: 0x000000dc71700000,0x000000dc71800000] [id=14928]
  0x000002d24e9d7a60 WatcherThread [stack: 0x000000dc72200000,0x000000dc72300000] [id=13040]
  0x000002d24e9b0570 GCTaskThread "GC Thread#0" [stack: 0x000000dc71200000,0x000000dc71300000] [id=7720]
  0x000002d27237b720 GCTaskThread "GC Thread#1" [stack: 0x000000dc72500000,0x000000dc72600000] [id=22056]
  0x000002d27248d830 GCTaskThread "GC Thread#2" [stack: 0x000000dc72600000,0x000000dc72700000] [id=1376]
  0x000002d27248dae0 GCTaskThread "GC Thread#3" [stack: 0x000000dc72700000,0x000000dc72800000] [id=8728]
  0x000002d272461970 GCTaskThread "GC Thread#4" [stack: 0x000000dc72800000,0x000000dc72900000] [id=21336]
  0x000002d272465c40 GCTaskThread "GC Thread#5" [stack: 0x000000dc72900000,0x000000dc72a00000] [id=18556]
  0x000002d2727c5700 GCTaskThread "GC Thread#6" [stack: 0x000000dc72b00000,0x000000dc72c00000] [id=12352]
  0x000002d2727c61c0 GCTaskThread "GC Thread#7" [stack: 0x000000dc72c00000,0x000000dc72d00000] [id=22120]
  0x000002d24e9c1b90 ConcurrentGCThread "G1 Main Marker" [stack: 0x000000dc71300000,0x000000dc71400000] [id=5080]
  0x000002d24e9c3e20 ConcurrentGCThread "G1 Conc#0" [stack: 0x000000dc71400000,0x000000dc71500000] [id=1384]
  0x000002d2727c59b0 ConcurrentGCThread "G1 Conc#1" [stack: 0x000000dc72d00000,0x000000dc72e00000] [id=2216]
  0x000002d24ea0de80 ConcurrentGCThread "G1 Refine#0" [stack: 0x000000dc71500000,0x000000dc71600000] [id=16356]
  0x000002d275089630 ConcurrentGCThread "G1 Refine#1" [stack: 0x000000dc72e00000,0x000000dc72f00000] [id=4028]
  0x000002d27508a1b0 ConcurrentGCThread "G1 Refine#2" [stack: 0x000000dc72f00000,0x000000dc73000000] [id=2368]
  0x000002d2739cfd30 ConcurrentGCThread "G1 Refine#3" [stack: 0x000000dc73000000,0x000000dc73100000] [id=1500]
  0x000002d2739d08b0 ConcurrentGCThread "G1 Refine#4" [stack: 0x000000dc73100000,0x000000dc73200000] [id=9632]
  0x000002d2739d1150 ConcurrentGCThread "G1 Refine#5" [stack: 0x000000dc73200000,0x000000dc73300000] [id=6468]
  0x000002d273eabb90 ConcurrentGCThread "G1 Refine#6" [stack: 0x000000dc73300000,0x000000dc73400000] [id=5064]
  0x000002d2785e77d0 ConcurrentGCThread "G1 Refine#7" [stack: 0x000000dc73400000,0x000000dc73500000] [id=11516]
  0x000002d24ea0e3c0 ConcurrentGCThread "G1 Service" [stack: 0x000000dc71600000,0x000000dc71700000] [id=4608]

Threads with active compile tasks:
C2 CompilerThread0    59941 27622       4       androidx.compose.compiler.plugins.kotlin.lower.ComposableTargetAnnotationsTransformerKt::samOwnerOrNull (172 bytes)
C2 CompilerThread1    59942 27631       4       androidx.compose.compiler.plugins.kotlin.lower.ComposableTargetAnnotationsTransformer::hasComposableParameter (88 bytes)
C2 CompilerThread2    59942 27537       4       org.jetbrains.kotlin.ir.visitors.IrElementTransformerVoid::visitSimpleFunction (15 bytes)

VM state: at safepoint (normal execution)

VM Mutex/Monitor currently owned by a thread:  ([mutex/lock_event])
[0x000002d24e945000] Threads_lock - owner thread: 0x000002d26d330350
[0x000002d24e944820] Heap_lock - owner thread: 0x000002d24e946670

Heap address: 0x0000000701200000, size: 4078 MB, Compressed Oops mode: Zero based, Oop shift amount: 3

CDS archive(s) not mapped
Compressed class space mapped at: 0x0000000800000000-0x0000000840000000, reserved size: 1073741824
Narrow klass base: 0x0000000800000000, Narrow klass shift: 0, Narrow klass range: 0x40000000

GC Precious Log:
 CPUs: 8 total, 8 available
 Memory: 16308M
 Large Page Support: Disabled
 NUMA Support: Disabled
 Compressed Oops: Enabled (Zero based)
 Heap Region Size: 2M
 Heap Min Capacity: 8M
 Heap Initial Capacity: 256M
 Heap Max Capacity: 4078M
 Pre-touch: Disabled
 Parallel Workers: 8
 Concurrent Workers: 2
 Concurrent Refinement Workers: 8
 Periodic GC: Disabled

Heap:
 garbage-first heap   total 540672K, used 437635K [0x0000000701200000, 0x0000000800000000)
  region size 2048K, 1 young (2048K), 1 survivors (2048K)
 Metaspace       used 91585K, committed 92096K, reserved 1179648K
  class space    used 9822K, committed 10048K, reserved 1048576K

Heap Regions: E=young(eden), S=young(survivor), O=old, HS=humongous(starts), HC=humongous(continues), CS=collection set, F=free, OA=open archive, CA=closed archive, TAMS=top-at-mark-start (previous, next)
|   0|0x0000000701200000, 0x0000000701400000, 0x0000000701400000|100%|HS|  |TAMS 0x0000000701400000, 0x0000000701200000| Complete 
|   1|0x0000000701400000, 0x0000000701600000, 0x0000000701600000|100%|HC|  |TAMS 0x0000000701600000, 0x0000000701400000| Complete 
|   2|0x0000000701600000, 0x0000000701800000, 0x0000000701800000|100%|HS|  |TAMS 0x0000000701800000, 0x0000000701600000| Complete 
|   3|0x0000000701800000, 0x0000000701a00000, 0x0000000701a00000|100%|HC|  |TAMS 0x0000000701a00000, 0x0000000701800000| Complete 
|   4|0x0000000701a00000, 0x0000000701c00000, 0x0000000701c00000|100%| O|  |TAMS 0x0000000701c00000, 0x0000000701a00000| Untracked 
|   5|0x0000000701c00000, 0x0000000701e00000, 0x0000000701e00000|100%| O|  |TAMS 0x0000000701e00000, 0x0000000701c00000| Untracked 
|   6|0x0000000701e00000, 0x0000000702000000, 0x0000000702000000|100%| O|  |TAMS 0x0000000702000000, 0x0000000701e00000| Untracked 
|   7|0x0000000702000000, 0x0000000702200000, 0x0000000702200000|100%| O|  |TAMS 0x0000000702200000, 0x0000000702000000| Untracked 
|   8|0x0000000702200000, 0x0000000702400000, 0x0000000702400000|100%| O|  |TAMS 0x0000000702400000, 0x0000000702200000| Untracked 
|   9|0x0000000702400000, 0x0000000702600000, 0x0000000702600000|100%| O|  |TAMS 0x0000000702600000, 0x0000000702400000| Untracked 
|  10|0x0000000702600000, 0x0000000702800000, 0x0000000702800000|100%| O|  |TAMS 0x0000000702800000, 0x0000000702600000| Untracked 
|  11|0x0000000702800000, 0x0000000702a00000, 0x0000000702a00000|100%| O|  |TAMS 0x0000000702a00000, 0x0000000702800000| Untracked 
|  12|0x0000000702a00000, 0x0000000702c00000, 0x0000000702c00000|100%| O|  |TAMS 0x0000000702c00000, 0x0000000702a00000| Untracked 
|  13|0x0000000702c00000, 0x0000000702e00000, 0x0000000702e00000|100%| O|  |TAMS 0x0000000702e00000, 0x0000000702c00000| Untracked 
|  14|0x0000000702e00000, 0x0000000703000000, 0x0000000703000000|100%| O|  |TAMS 0x0000000703000000, 0x0000000702e00000| Untracked 
|  15|0x0000000703000000, 0x0000000703200000, 0x0000000703200000|100%| O|  |TAMS 0x0000000703200000, 0x0000000703000000| Untracked 
|  16|0x0000000703200000, 0x0000000703400000, 0x0000000703400000|100%| O|  |TAMS 0x0000000703400000, 0x0000000703200000| Untracked 
|  17|0x0000000703400000, 0x0000000703600000, 0x0000000703600000|100%| O|  |TAMS 0x0000000703600000, 0x0000000703400000| Untracked 
|  18|0x0000000703600000, 0x0000000703800000, 0x0000000703800000|100%| O|  |TAMS 0x0000000703800000, 0x0000000703600000| Untracked 
|  19|0x0000000703800000, 0x0000000703a00000, 0x0000000703a00000|100%| O|  |TAMS 0x0000000703a00000, 0x0000000703800000| Untracked 
|  20|0x0000000703a00000, 0x0000000703c00000, 0x0000000703c00000|100%|HS|  |TAMS 0x0000000703c00000, 0x0000000703a00000| Complete 
|  21|0x0000000703c00000, 0x0000000703e00000, 0x0000000703e00000|100%| O|  |TAMS 0x0000000703e00000, 0x0000000703c00000| Untracked 
|  22|0x0000000703e00000, 0x0000000704000000, 0x0000000704000000|100%| O|  |TAMS 0x0000000704000000, 0x0000000703e00000| Untracked 
|  23|0x0000000704000000, 0x0000000704200000, 0x0000000704200000|100%| O|  |TAMS 0x0000000704200000, 0x0000000704000000| Untracked 
|  24|0x0000000704200000, 0x0000000704400000, 0x0000000704400000|100%| O|  |TAMS 0x0000000704400000, 0x0000000704200000| Untracked 
|  25|0x0000000704400000, 0x0000000704600000, 0x0000000704600000|100%| O|  |TAMS 0x0000000704600000, 0x0000000704400000| Untracked 
|  26|0x0000000704600000, 0x0000000704800000, 0x0000000704800000|100%|HS|  |TAMS 0x0000000704800000, 0x0000000704600000| Complete 
|  27|0x0000000704800000, 0x0000000704a00000, 0x0000000704a00000|100%| O|  |TAMS 0x0000000704a00000, 0x0000000704800000| Untracked 
|  28|0x0000000704a00000, 0x0000000704c00000, 0x0000000704c00000|100%| O|  |TAMS 0x0000000704c00000, 0x0000000704a00000| Untracked 
|  29|0x0000000704c00000, 0x0000000704e00000, 0x0000000704e00000|100%| O|  |TAMS 0x0000000704e00000, 0x0000000704c00000| Untracked 
|  30|0x0000000704e00000, 0x0000000705000000, 0x0000000705000000|100%| O|  |TAMS 0x0000000705000000, 0x0000000704e00000| Untracked 
|  31|0x0000000705000000, 0x0000000705200000, 0x0000000705200000|100%| O|  |TAMS 0x0000000705200000, 0x0000000705000000| Untracked 
|  32|0x0000000705200000, 0x0000000705400000, 0x0000000705400000|100%| O|  |TAMS 0x0000000705400000, 0x0000000705200000| Untracked 
|  33|0x0000000705400000, 0x0000000705600000, 0x0000000705600000|100%| O|  |TAMS 0x0000000705600000, 0x0000000705400000| Untracked 
|  34|0x0000000705600000, 0x0000000705800000, 0x0000000705800000|100%| O|  |TAMS 0x0000000705800000, 0x0000000705600000| Untracked 
|  35|0x0000000705800000, 0x0000000705a00000, 0x0000000705a00000|100%| O|  |TAMS 0x0000000705a00000, 0x0000000705800000| Untracked 
|  36|0x0000000705a00000, 0x0000000705c00000, 0x0000000705c00000|100%| O|  |TAMS 0x0000000705c00000, 0x0000000705a00000| Untracked 
|  37|0x0000000705c00000, 0x0000000705e00000, 0x0000000705e00000|100%| O|  |TAMS 0x0000000705e00000, 0x0000000705c00000| Untracked 
|  38|0x0000000705e00000, 0x0000000706000000, 0x0000000706000000|100%| O|  |TAMS 0x0000000706000000, 0x0000000705e00000| Untracked 
|  39|0x0000000706000000, 0x0000000706200000, 0x0000000706200000|100%| O|  |TAMS 0x0000000706200000, 0x0000000706000000| Untracked 
|  40|0x0000000706200000, 0x0000000706400000, 0x0000000706400000|100%| O|  |TAMS 0x0000000706400000, 0x0000000706200000| Untracked 
|  41|0x0000000706400000, 0x0000000706600000, 0x0000000706600000|100%| O|  |TAMS 0x0000000706600000, 0x0000000706400000| Untracked 
|  42|0x0000000706600000, 0x0000000706800000, 0x0000000706800000|100%| O|  |TAMS 0x0000000706800000, 0x0000000706600000| Untracked 
|  43|0x0000000706800000, 0x0000000706a00000, 0x0000000706a00000|100%| O|  |TAMS 0x0000000706a00000, 0x0000000706800000| Untracked 
|  44|0x0000000706a00000, 0x0000000706c00000, 0x0000000706c00000|100%| O|  |TAMS 0x0000000706c00000, 0x0000000706a00000| Untracked 
|  45|0x0000000706c00000, 0x0000000706e00000, 0x0000000706e00000|100%| O|  |TAMS 0x0000000706e00000, 0x0000000706c00000| Untracked 
|  46|0x0000000706e00000, 0x0000000707000000, 0x0000000707000000|100%| O|  |TAMS 0x0000000707000000, 0x0000000706e00000| Untracked 
|  47|0x0000000707000000, 0x0000000707200000, 0x0000000707200000|100%| O|  |TAMS 0x0000000707200000, 0x0000000707000000| Untracked 
|  48|0x0000000707200000, 0x0000000707400000, 0x0000000707400000|100%| O|  |TAMS 0x0000000707400000, 0x0000000707200000| Untracked 
|  49|0x0000000707400000, 0x0000000707600000, 0x0000000707600000|100%| O|  |TAMS 0x0000000707400000, 0x0000000707400000| Untracked 
|  50|0x0000000707600000, 0x0000000707800000, 0x0000000707800000|100%| O|  |TAMS 0x0000000707800000, 0x0000000707600000| Untracked 
|  51|0x0000000707800000, 0x0000000707a00000, 0x0000000707a00000|100%| O|  |TAMS 0x0000000707a00000, 0x0000000707800000| Untracked 
|  52|0x0000000707a00000, 0x0000000707c00000, 0x0000000707c00000|100%| O|  |TAMS 0x0000000707c00000, 0x0000000707a00000| Untracked 
|  53|0x0000000707c00000, 0x0000000707e00000, 0x0000000707e00000|100%| O|  |TAMS 0x0000000707e00000, 0x0000000707c00000| Untracked 
|  54|0x0000000707e00000, 0x0000000708000000, 0x0000000708000000|100%| O|  |TAMS 0x0000000708000000, 0x0000000707e00000| Untracked 
|  55|0x0000000708000000, 0x0000000708200000, 0x0000000708200000|100%| O|  |TAMS 0x0000000708200000, 0x0000000708000000| Untracked 
|  56|0x0000000708200000, 0x0000000708400000, 0x0000000708400000|100%| O|  |TAMS 0x0000000708400000, 0x0000000708200000| Untracked 
|  57|0x0000000708400000, 0x0000000708600000, 0x0000000708600000|100%| O|  |TAMS 0x0000000708600000, 0x0000000708400000| Untracked 
|  58|0x0000000708600000, 0x0000000708800000, 0x0000000708800000|100%| O|  |TAMS 0x0000000708800000, 0x0000000708600000| Untracked 
|  59|0x0000000708800000, 0x0000000708a00000, 0x0000000708a00000|100%| O|  |TAMS 0x0000000708a00000, 0x0000000708800000| Untracked 
|  60|0x0000000708a00000, 0x0000000708c00000, 0x0000000708c00000|100%| O|  |TAMS 0x0000000708c00000, 0x0000000708a00000| Untracked 
|  61|0x0000000708c00000, 0x0000000708e00000, 0x0000000708e00000|100%| O|  |TAMS 0x0000000708e00000, 0x0000000708c00000| Untracked 
|  62|0x0000000708e00000, 0x0000000709000000, 0x0000000709000000|100%| O|  |TAMS 0x0000000709000000, 0x0000000708e00000| Untracked 
|  63|0x0000000709000000, 0x0000000709200000, 0x0000000709200000|100%| O|  |TAMS 0x0000000709200000, 0x0000000709000000| Untracked 
|  64|0x0000000709200000, 0x0000000709400000, 0x0000000709400000|100%| O|  |TAMS 0x0000000709400000, 0x0000000709200000| Untracked 
|  65|0x0000000709400000, 0x0000000709600000, 0x0000000709600000|100%| O|  |TAMS 0x0000000709600000, 0x0000000709400000| Untracked 
|  66|0x0000000709600000, 0x0000000709800000, 0x0000000709800000|100%| O|  |TAMS 0x0000000709800000, 0x0000000709600000| Untracked 
|  67|0x0000000709800000, 0x0000000709a00000, 0x0000000709a00000|100%| O|  |TAMS 0x0000000709800000, 0x0000000709800000| Untracked 
|  68|0x0000000709a00000, 0x0000000709c00000, 0x0000000709c00000|100%| O|  |TAMS 0x0000000709a00000, 0x0000000709a00000| Untracked 
|  69|0x0000000709c00000, 0x0000000709e00000, 0x0000000709e00000|100%| O|  |TAMS 0x0000000709c00000, 0x0000000709c00000| Untracked 
|  70|0x0000000709e00000, 0x000000070a000000, 0x000000070a000000|100%| O|  |TAMS 0x0000000709e00000, 0x0000000709e00000| Untracked 
|  71|0x000000070a000000, 0x000000070a200000, 0x000000070a200000|100%| O|  |TAMS 0x000000070a000000, 0x000000070a000000| Untracked 
|  72|0x000000070a200000, 0x000000070a400000, 0x000000070a400000|100%| O|  |TAMS 0x000000070a200000, 0x000000070a200000| Untracked 
|  73|0x000000070a400000, 0x000000070a600000, 0x000000070a600000|100%| O|  |TAMS 0x000000070a400000, 0x000000070a400000| Untracked 
|  74|0x000000070a600000, 0x000000070a800000, 0x000000070a800000|100%| O|  |TAMS 0x000000070a600000, 0x000000070a600000| Untracked 
|  75|0x000000070a800000, 0x000000070aa00000, 0x000000070aa00000|100%| O|  |TAMS 0x000000070a800000, 0x000000070a800000| Untracked 
|  76|0x000000070aa00000, 0x000000070ac00000, 0x000000070ac00000|100%| O|  |TAMS 0x000000070aa00000, 0x000000070aa00000| Untracked 
|  77|0x000000070ac00000, 0x000000070ae00000, 0x000000070ae00000|100%| O|  |TAMS 0x000000070ac00000, 0x000000070ac00000| Untracked 
|  78|0x000000070ae00000, 0x000000070b000000, 0x000000070b000000|100%| O|  |TAMS 0x000000070ae00000, 0x000000070ae00000| Untracked 
|  79|0x000000070b000000, 0x000000070b200000, 0x000000070b200000|100%| O|  |TAMS 0x000000070b000000, 0x000000070b000000| Untracked 
|  80|0x000000070b200000, 0x000000070b400000, 0x000000070b400000|100%|HS|  |TAMS 0x000000070b200000, 0x000000070b200000| Complete 
|  81|0x000000070b400000, 0x000000070b600000, 0x000000070b600000|100%|HC|  |TAMS 0x000000070b400000, 0x000000070b400000| Complete 
|  82|0x000000070b600000, 0x000000070b800000, 0x000000070b800000|100%|HC|  |TAMS 0x000000070b600000, 0x000000070b600000| Complete 
|  83|0x000000070b800000, 0x000000070ba00000, 0x000000070ba00000|100%|HC|  |TAMS 0x000000070b800000, 0x000000070b800000| Complete 
|  84|0x000000070ba00000, 0x000000070bc00000, 0x000000070bc00000|100%|HC|  |TAMS 0x000000070ba00000, 0x000000070ba00000| Complete 
|  85|0x000000070bc00000, 0x000000070be00000, 0x000000070be00000|100%| O|  |TAMS 0x000000070bc00000, 0x000000070bc00000| Untracked 
|  86|0x000000070be00000, 0x000000070c000000, 0x000000070c000000|100%| O|  |TAMS 0x000000070be00000, 0x000000070be00000| Untracked 
|  87|0x000000070c000000, 0x000000070c200000, 0x000000070c200000|100%| O|  |TAMS 0x000000070c000000, 0x000000070c000000| Untracked 
|  88|0x000000070c200000, 0x000000070c400000, 0x000000070c400000|100%| O|  |TAMS 0x000000070c200000, 0x000000070c200000| Untracked 
|  89|0x000000070c400000, 0x000000070c600000, 0x000000070c600000|100%| O|  |TAMS 0x000000070c400000, 0x000000070c400000| Untracked 
|  90|0x000000070c600000, 0x000000070c800000, 0x000000070c800000|100%| O|  |TAMS 0x000000070c600000, 0x000000070c600000| Untracked 
|  91|0x000000070c800000, 0x000000070ca00000, 0x000000070ca00000|100%| O|  |TAMS 0x000000070c800000, 0x000000070c800000| Untracked 
|  92|0x000000070ca00000, 0x000000070cc00000, 0x000000070cc00000|100%| O|  |TAMS 0x000000070ca00000, 0x000000070ca00000| Untracked 
|  93|0x000000070cc00000, 0x000000070ce00000, 0x000000070ce00000|100%| O|  |TAMS 0x000000070cc00000, 0x000000070cc00000| Untracked 
|  94|0x000000070ce00000, 0x000000070d000000, 0x000000070d000000|100%| O|  |TAMS 0x000000070ce00000, 0x000000070ce00000| Untracked 
|  95|0x000000070d000000, 0x000000070d200000, 0x000000070d200000|100%| O|  |TAMS 0x000000070d000000, 0x000000070d000000| Untracked 
|  96|0x000000070d200000, 0x000000070d400000, 0x000000070d400000|100%| O|  |TAMS 0x000000070d200000, 0x000000070d200000| Untracked 
|  97|0x000000070d400000, 0x000000070d600000, 0x000000070d600000|100%| O|  |TAMS 0x000000070d400000, 0x000000070d400000| Untracked 
|  98|0x000000070d600000, 0x000000070d800000, 0x000000070d800000|100%| O|  |TAMS 0x000000070d600000, 0x000000070d600000| Untracked 
|  99|0x000000070d800000, 0x000000070da00000, 0x000000070da00000|100%| O|  |TAMS 0x000000070d800000, 0x000000070d800000| Untracked 
| 100|0x000000070da00000, 0x000000070dc00000, 0x000000070dc00000|100%| O|  |TAMS 0x000000070da00000, 0x000000070da00000| Untracked 
| 101|0x000000070dc00000, 0x000000070de00000, 0x000000070de00000|100%| O|  |TAMS 0x000000070dc00000, 0x000000070dc00000| Untracked 
| 102|0x000000070de00000, 0x000000070e000000, 0x000000070e000000|100%| O|  |TAMS 0x000000070de00000, 0x000000070de00000| Untracked 
| 103|0x000000070e000000, 0x000000070e200000, 0x000000070e200000|100%| O|  |TAMS 0x000000070e000000, 0x000000070e000000| Untracked 
| 104|0x000000070e200000, 0x000000070e400000, 0x000000070e400000|100%| O|  |TAMS 0x000000070e200000, 0x000000070e200000| Untracked 
| 105|0x000000070e400000, 0x000000070e600000, 0x000000070e600000|100%| O|  |TAMS 0x000000070e400000, 0x000000070e400000| Untracked 
| 106|0x000000070e600000, 0x000000070e800000, 0x000000070e800000|100%| O|  |TAMS 0x000000070e600000, 0x000000070e600000| Untracked 
| 107|0x000000070e800000, 0x000000070ea00000, 0x000000070ea00000|100%| O|  |TAMS 0x000000070e800000, 0x000000070e800000| Untracked 
| 108|0x000000070ea00000, 0x000000070ec00000, 0x000000070ec00000|100%| O|  |TAMS 0x000000070ea00000, 0x000000070ea00000| Untracked 
| 109|0x000000070ec00000, 0x000000070ee00000, 0x000000070ee00000|100%| O|  |TAMS 0x000000070ec00000, 0x000000070ec00000| Untracked 
| 110|0x000000070ee00000, 0x000000070f000000, 0x000000070f000000|100%| O|  |TAMS 0x000000070ee00000, 0x000000070ee00000| Untracked 
| 111|0x000000070f000000, 0x000000070f200000, 0x000000070f200000|100%| O|  |TAMS 0x000000070f000000, 0x000000070f000000| Untracked 
| 112|0x000000070f200000, 0x000000070f400000, 0x000000070f400000|100%| O|  |TAMS 0x000000070f200000, 0x000000070f200000| Untracked 
| 113|0x000000070f400000, 0x000000070f600000, 0x000000070f600000|100%| O|  |TAMS 0x000000070f400000, 0x000000070f400000| Untracked 
| 114|0x000000070f600000, 0x000000070f800000, 0x000000070f800000|100%| O|  |TAMS 0x000000070f600000, 0x000000070f600000| Untracked 
| 115|0x000000070f800000, 0x000000070fa00000, 0x000000070fa00000|100%| O|  |TAMS 0x000000070f800000, 0x000000070f800000| Untracked 
| 116|0x000000070fa00000, 0x000000070fc00000, 0x000000070fc00000|100%| O|  |TAMS 0x000000070fa00000, 0x000000070fa00000| Untracked 
| 117|0x000000070fc00000, 0x000000070fe00000, 0x000000070fe00000|100%| O|  |TAMS 0x000000070fc00000, 0x000000070fc00000| Untracked 
| 118|0x000000070fe00000, 0x0000000710000000, 0x0000000710000000|100%| O|  |TAMS 0x000000070fe00000, 0x000000070fe00000| Untracked 
| 119|0x0000000710000000, 0x0000000710200000, 0x0000000710200000|100%| O|  |TAMS 0x0000000710000000, 0x0000000710000000| Untracked 
| 120|0x0000000710200000, 0x0000000710400000, 0x0000000710400000|100%| O|  |TAMS 0x0000000710200000, 0x0000000710200000| Untracked 
| 121|0x0000000710400000, 0x0000000710600000, 0x0000000710600000|100%| O|  |TAMS 0x0000000710400000, 0x0000000710400000| Untracked 
| 122|0x0000000710600000, 0x0000000710800000, 0x0000000710800000|100%| O|  |TAMS 0x0000000710600000, 0x0000000710600000| Untracked 
| 123|0x0000000710800000, 0x0000000710a00000, 0x0000000710a00000|100%| O|  |TAMS 0x0000000710800000, 0x0000000710800000| Untracked 
| 124|0x0000000710a00000, 0x0000000710c00000, 0x0000000710c00000|100%| O|  |TAMS 0x0000000710a00000, 0x0000000710a00000| Untracked 
| 125|0x0000000710c00000, 0x0000000710e00000, 0x0000000710e00000|100%| O|  |TAMS 0x0000000710c00000, 0x0000000710c00000| Untracked 
| 126|0x0000000710e00000, 0x0000000711000000, 0x0000000711000000|100%| O|  |TAMS 0x0000000710e00000, 0x0000000710e00000| Untracked 
| 127|0x0000000711000000, 0x0000000711200000, 0x0000000711200000|100%| O|  |TAMS 0x0000000711000000, 0x0000000711000000| Untracked 
| 128|0x0000000711200000, 0x0000000711400000, 0x0000000711400000|100%| O|  |TAMS 0x0000000711200000, 0x0000000711200000| Untracked 
| 129|0x0000000711400000, 0x0000000711600000, 0x0000000711600000|100%| O|  |TAMS 0x0000000711400000, 0x0000000711400000| Untracked 
| 130|0x0000000711600000, 0x0000000711800000, 0x0000000711800000|100%| O|  |TAMS 0x0000000711600000, 0x0000000711600000| Untracked 
| 131|0x0000000711800000, 0x0000000711a00000, 0x0000000711a00000|100%| O|  |TAMS 0x0000000711800000, 0x0000000711800000| Untracked 
| 132|0x0000000711a00000, 0x0000000711c00000, 0x0000000711c00000|100%| O|  |TAMS 0x0000000711a00000, 0x0000000711a00000| Untracked 
| 133|0x0000000711c00000, 0x0000000711e00000, 0x0000000711e00000|100%| O|  |TAMS 0x0000000711c00000, 0x0000000711c00000| Untracked 
| 134|0x0000000711e00000, 0x0000000712000000, 0x0000000712000000|100%| O|  |TAMS 0x0000000711e00000, 0x0000000711e00000| Untracked 
| 135|0x0000000712000000, 0x0000000712200000, 0x0000000712200000|100%| O|  |TAMS 0x0000000712000000, 0x0000000712000000| Untracked 
| 136|0x0000000712200000, 0x0000000712400000, 0x0000000712400000|100%| O|  |TAMS 0x0000000712200000, 0x0000000712200000| Untracked 
| 137|0x0000000712400000, 0x0000000712600000, 0x0000000712600000|100%| O|  |TAMS 0x0000000712400000, 0x0000000712400000| Untracked 
| 138|0x0000000712600000, 0x0000000712800000, 0x0000000712800000|100%| O|  |TAMS 0x0000000712600000, 0x0000000712600000| Untracked 
| 139|0x0000000712800000, 0x0000000712a00000, 0x0000000712a00000|100%| O|  |TAMS 0x0000000712800000, 0x0000000712800000| Untracked 
| 140|0x0000000712a00000, 0x0000000712c00000, 0x0000000712c00000|100%| O|  |TAMS 0x0000000712a00000, 0x0000000712a00000| Untracked 
| 141|0x0000000712c00000, 0x0000000712e00000, 0x0000000712e00000|100%| O|  |TAMS 0x0000000712c00000, 0x0000000712c00000| Untracked 
| 142|0x0000000712e00000, 0x0000000713000000, 0x0000000713000000|100%| O|  |TAMS 0x0000000712e00000, 0x0000000712e00000| Untracked 
| 143|0x0000000713000000, 0x0000000713200000, 0x0000000713200000|100%| O|  |TAMS 0x0000000713000000, 0x0000000713000000| Untracked 
| 144|0x0000000713200000, 0x0000000713400000, 0x0000000713400000|100%| O|  |TAMS 0x0000000713200000, 0x0000000713200000| Untracked 
| 145|0x0000000713400000, 0x0000000713600000, 0x0000000713600000|100%| O|  |TAMS 0x0000000713400000, 0x0000000713400000| Untracked 
| 146|0x0000000713600000, 0x0000000713800000, 0x0000000713800000|100%| O|  |TAMS 0x0000000713600000, 0x0000000713600000| Untracked 
| 147|0x0000000713800000, 0x0000000713a00000, 0x0000000713a00000|100%| O|  |TAMS 0x0000000713800000, 0x0000000713800000| Untracked 
| 148|0x0000000713a00000, 0x0000000713c00000, 0x0000000713c00000|100%| O|  |TAMS 0x0000000713a00000, 0x0000000713a00000| Untracked 
| 149|0x0000000713c00000, 0x0000000713e00000, 0x0000000713e00000|100%| O|  |TAMS 0x0000000713c00000, 0x0000000713c00000| Untracked 
| 150|0x0000000713e00000, 0x0000000714000000, 0x0000000714000000|100%| O|  |TAMS 0x0000000713e00000, 0x0000000713e00000| Untracked 
| 151|0x0000000714000000, 0x0000000714200000, 0x0000000714200000|100%| O|  |TAMS 0x0000000714000000, 0x0000000714000000| Untracked 
| 152|0x0000000714200000, 0x0000000714400000, 0x0000000714400000|100%| O|  |TAMS 0x0000000714200000, 0x0000000714200000| Untracked 
| 153|0x0000000714400000, 0x0000000714600000, 0x0000000714600000|100%| O|  |TAMS 0x0000000714400000, 0x0000000714400000| Untracked 
| 154|0x0000000714600000, 0x0000000714800000, 0x0000000714800000|100%| O|  |TAMS 0x0000000714600000, 0x0000000714600000| Untracked 
| 155|0x0000000714800000, 0x0000000714a00000, 0x0000000714a00000|100%| O|  |TAMS 0x0000000714800000, 0x0000000714800000| Untracked 
| 156|0x0000000714a00000, 0x0000000714c00000, 0x0000000714c00000|100%| O|  |TAMS 0x0000000714a00000, 0x0000000714a00000| Untracked 
| 157|0x0000000714c00000, 0x0000000714e00000, 0x0000000714e00000|100%| O|  |TAMS 0x0000000714c00000, 0x0000000714c00000| Untracked 
| 158|0x0000000714e00000, 0x0000000715000000, 0x0000000715000000|100%| O|  |TAMS 0x0000000714e00000, 0x0000000714e00000| Untracked 
| 159|0x0000000715000000, 0x0000000715200000, 0x0000000715200000|100%| O|  |TAMS 0x0000000715000000, 0x0000000715000000| Untracked 
| 160|0x0000000715200000, 0x0000000715400000, 0x0000000715400000|100%| O|  |TAMS 0x0000000715200000, 0x0000000715200000| Untracked 
| 161|0x0000000715400000, 0x0000000715600000, 0x0000000715600000|100%| O|  |TAMS 0x0000000715400000, 0x0000000715400000| Untracked 
| 162|0x0000000715600000, 0x0000000715800000, 0x0000000715800000|100%| O|  |TAMS 0x0000000715600000, 0x0000000715600000| Untracked 
| 163|0x0000000715800000, 0x0000000715a00000, 0x0000000715a00000|100%| O|  |TAMS 0x0000000715800000, 0x0000000715800000| Untracked 
| 164|0x0000000715a00000, 0x0000000715c00000, 0x0000000715c00000|100%| O|  |TAMS 0x0000000715a00000, 0x0000000715a00000| Untracked 
| 165|0x0000000715c00000, 0x0000000715e00000, 0x0000000715e00000|100%| O|  |TAMS 0x0000000715c00000, 0x0000000715c00000| Untracked 
| 166|0x0000000715e00000, 0x0000000716000000, 0x0000000716000000|100%| O|  |TAMS 0x0000000715e00000, 0x0000000715e00000| Untracked 
| 167|0x0000000716000000, 0x0000000716200000, 0x0000000716200000|100%| O|  |TAMS 0x0000000716000000, 0x0000000716000000| Untracked 
| 168|0x0000000716200000, 0x0000000716400000, 0x0000000716400000|100%| O|  |TAMS 0x0000000716200000, 0x0000000716200000| Untracked 
| 169|0x0000000716400000, 0x0000000716600000, 0x0000000716600000|100%| O|  |TAMS 0x0000000716400000, 0x0000000716400000| Untracked 
| 170|0x0000000716600000, 0x0000000716800000, 0x0000000716800000|100%| O|  |TAMS 0x0000000716600000, 0x0000000716600000| Untracked 
| 171|0x0000000716800000, 0x0000000716a00000, 0x0000000716a00000|100%| O|  |TAMS 0x0000000716800000, 0x0000000716800000| Untracked 
| 172|0x0000000716a00000, 0x0000000716c00000, 0x0000000716c00000|100%| O|  |TAMS 0x0000000716a00000, 0x0000000716a00000| Untracked 
| 173|0x0000000716c00000, 0x0000000716e00000, 0x0000000716e00000|100%| O|  |TAMS 0x0000000716c00000, 0x0000000716c00000| Untracked 
| 174|0x0000000716e00000, 0x0000000717000000, 0x0000000717000000|100%| O|  |TAMS 0x0000000716e00000, 0x0000000716e00000| Untracked 
| 175|0x0000000717000000, 0x0000000717200000, 0x0000000717200000|100%| O|  |TAMS 0x0000000717000000, 0x0000000717000000| Untracked 
| 176|0x0000000717200000, 0x0000000717400000, 0x0000000717400000|100%| O|  |TAMS 0x0000000717200000, 0x0000000717200000| Untracked 
| 177|0x0000000717400000, 0x0000000717600000, 0x0000000717600000|100%| O|  |TAMS 0x0000000717400000, 0x0000000717400000| Untracked 
| 178|0x0000000717600000, 0x0000000717800000, 0x0000000717800000|100%| O|  |TAMS 0x0000000717600000, 0x0000000717600000| Untracked 
| 179|0x0000000717800000, 0x0000000717a00000, 0x0000000717a00000|100%| O|  |TAMS 0x0000000717800000, 0x0000000717800000| Untracked 
| 180|0x0000000717a00000, 0x0000000717c00000, 0x0000000717c00000|100%| O|  |TAMS 0x0000000717a00000, 0x0000000717a00000| Untracked 
| 181|0x0000000717c00000, 0x0000000717e00000, 0x0000000717e00000|100%| O|  |TAMS 0x0000000717c00000, 0x0000000717c00000| Untracked 
| 182|0x0000000717e00000, 0x0000000718000000, 0x0000000718000000|100%| O|  |TAMS 0x0000000717e00000, 0x0000000717e00000| Untracked 
| 183|0x0000000718000000, 0x0000000718200000, 0x0000000718200000|100%| O|  |TAMS 0x0000000718000000, 0x0000000718000000| Untracked 
| 184|0x0000000718200000, 0x0000000718400000, 0x0000000718400000|100%| O|  |TAMS 0x0000000718200000, 0x0000000718200000| Untracked 
| 185|0x0000000718400000, 0x0000000718600000, 0x0000000718600000|100%| O|  |TAMS 0x0000000718400000, 0x0000000718400000| Untracked 
| 186|0x0000000718600000, 0x0000000718800000, 0x0000000718800000|100%| O|  |TAMS 0x0000000718600000, 0x0000000718600000| Untracked 
| 187|0x0000000718800000, 0x0000000718a00000, 0x0000000718a00000|100%| O|  |TAMS 0x0000000718800000, 0x0000000718800000| Untracked 
| 188|0x0000000718a00000, 0x0000000718c00000, 0x0000000718c00000|100%| O|  |TAMS 0x0000000718a00000, 0x0000000718a00000| Untracked 
| 189|0x0000000718c00000, 0x0000000718e00000, 0x0000000718e00000|100%| O|  |TAMS 0x0000000718c00000, 0x0000000718c00000| Untracked 
| 190|0x0000000718e00000, 0x0000000719000000, 0x0000000719000000|100%| O|  |TAMS 0x0000000718e00000, 0x0000000718e00000| Untracked 
| 191|0x0000000719000000, 0x0000000719200000, 0x0000000719200000|100%| O|  |TAMS 0x0000000719000000, 0x0000000719000000| Untracked 
| 192|0x0000000719200000, 0x0000000719400000, 0x0000000719400000|100%| O|  |TAMS 0x0000000719200000, 0x0000000719200000| Untracked 
| 193|0x0000000719400000, 0x0000000719600000, 0x0000000719600000|100%| O|  |TAMS 0x0000000719400000, 0x0000000719400000| Untracked 
| 194|0x0000000719600000, 0x0000000719800000, 0x0000000719800000|100%| O|  |TAMS 0x0000000719600000, 0x0000000719600000| Untracked 
| 195|0x0000000719800000, 0x0000000719a00000, 0x0000000719a00000|100%| O|  |TAMS 0x0000000719800000, 0x0000000719800000| Untracked 
| 196|0x0000000719a00000, 0x0000000719c00000, 0x0000000719c00000|100%| O|  |TAMS 0x0000000719a00000, 0x0000000719a00000| Untracked 
| 197|0x0000000719c00000, 0x0000000719e00000, 0x0000000719e00000|100%| O|  |TAMS 0x0000000719c00000, 0x0000000719c00000| Untracked 
| 198|0x0000000719e00000, 0x000000071a000000, 0x000000071a000000|100%| O|  |TAMS 0x0000000719e00000, 0x0000000719e00000| Untracked 
| 199|0x000000071a000000, 0x000000071a200000, 0x000000071a200000|100%| O|  |TAMS 0x000000071a000000, 0x000000071a000000| Untracked 
| 200|0x000000071a200000, 0x000000071a400000, 0x000000071a400000|100%| O|  |TAMS 0x000000071a200000, 0x000000071a200000| Untracked 
| 201|0x000000071a400000, 0x000000071a600000, 0x000000071a600000|100%| O|  |TAMS 0x000000071a400000, 0x000000071a400000| Untracked 
| 202|0x000000071a600000, 0x000000071a800000, 0x000000071a800000|100%| O|  |TAMS 0x000000071a600000, 0x000000071a600000| Untracked 
| 203|0x000000071a800000, 0x000000071aa00000, 0x000000071aa00000|100%| O|  |TAMS 0x000000071a800000, 0x000000071a800000| Untracked 
| 204|0x000000071aa00000, 0x000000071ac00000, 0x000000071ac00000|100%| O|  |TAMS 0x000000071aa00000, 0x000000071aa00000| Untracked 
| 205|0x000000071ac00000, 0x000000071ae00000, 0x000000071ae00000|100%| O|  |TAMS 0x000000071ac00000, 0x000000071ac00000| Untracked 
| 206|0x000000071ae00000, 0x000000071b000000, 0x000000071b000000|100%| O|  |TAMS 0x000000071ae00000, 0x000000071ae00000| Untracked 
| 207|0x000000071b000000, 0x000000071b200000, 0x000000071b200000|100%| O|  |TAMS 0x000000071b000000, 0x000000071b000000| Untracked 
| 208|0x000000071b200000, 0x000000071b400000, 0x000000071b400000|100%| O|  |TAMS 0x000000071b200000, 0x000000071b200000| Untracked 
| 209|0x000000071b400000, 0x000000071b600000, 0x000000071b600000|100%| O|  |TAMS 0x000000071b400000, 0x000000071b400000| Untracked 
| 210|0x000000071b600000, 0x000000071b800000, 0x000000071b800000|100%| O|  |TAMS 0x000000071b600000, 0x000000071b600000| Untracked 
| 211|0x000000071b800000, 0x000000071ba00000, 0x000000071ba00000|100%| O|  |TAMS 0x000000071b800000, 0x000000071b800000| Untracked 
| 212|0x000000071ba00000, 0x000000071bb60e00, 0x000000071bc00000| 68%| O|  |TAMS 0x000000071ba00000, 0x000000071ba00000| Untracked 
| 213|0x000000071bc00000, 0x000000071bc00000, 0x000000071be00000|  0%| F|  |TAMS 0x000000071bc00000, 0x000000071bc00000| Untracked 
| 214|0x000000071be00000, 0x000000071be00000, 0x000000071c000000|  0%| F|  |TAMS 0x000000071be00000, 0x000000071be00000| Untracked 
| 215|0x000000071c000000, 0x000000071c000000, 0x000000071c200000|  0%| F|  |TAMS 0x000000071c000000, 0x000000071c000000| Untracked 
| 216|0x000000071c200000, 0x000000071c200000, 0x000000071c400000|  0%| F|  |TAMS 0x000000071c200000, 0x000000071c200000| Untracked 
| 217|0x000000071c400000, 0x000000071c400000, 0x000000071c600000|  0%| F|  |TAMS 0x000000071c400000, 0x000000071c400000| Untracked 
| 218|0x000000071c600000, 0x000000071c600000, 0x000000071c800000|  0%| F|  |TAMS 0x000000071c600000, 0x000000071c600000| Untracked 
| 219|0x000000071c800000, 0x000000071c800000, 0x000000071ca00000|  0%| F|  |TAMS 0x000000071c800000, 0x000000071c800000| Untracked 
| 220|0x000000071ca00000, 0x000000071ca00000, 0x000000071cc00000|  0%| F|  |TAMS 0x000000071ca00000, 0x000000071ca00000| Untracked 
| 221|0x000000071cc00000, 0x000000071cc00000, 0x000000071ce00000|  0%| F|  |TAMS 0x000000071cc00000, 0x000000071cc00000| Untracked 
| 222|0x000000071ce00000, 0x000000071ce00000, 0x000000071d000000|  0%| F|  |TAMS 0x000000071ce00000, 0x000000071ce00000| Untracked 
| 223|0x000000071d000000, 0x000000071d000000, 0x000000071d200000|  0%| F|  |TAMS 0x000000071d000000, 0x000000071d000000| Untracked 
| 224|0x000000071d200000, 0x000000071d200000, 0x000000071d400000|  0%| F|  |TAMS 0x000000071d200000, 0x000000071d200000| Untracked 
| 225|0x000000071d400000, 0x000000071d400000, 0x000000071d600000|  0%| F|  |TAMS 0x000000071d400000, 0x000000071d400000| Untracked 
| 226|0x000000071d600000, 0x000000071d600000, 0x000000071d800000|  0%| F|  |TAMS 0x000000071d600000, 0x000000071d600000| Untracked 
| 227|0x000000071d800000, 0x000000071d800000, 0x000000071da00000|  0%| F|  |TAMS 0x000000071d800000, 0x000000071d800000| Untracked 
| 228|0x000000071da00000, 0x000000071da00000, 0x000000071dc00000|  0%| F|  |TAMS 0x000000071da00000, 0x000000071da00000| Untracked 
| 229|0x000000071dc00000, 0x000000071dc00000, 0x000000071de00000|  0%| F|  |TAMS 0x000000071dc00000, 0x000000071dc00000| Untracked 
| 230|0x000000071de00000, 0x000000071de00000, 0x000000071e000000|  0%| F|  |TAMS 0x000000071de00000, 0x000000071de00000| Untracked 
| 231|0x000000071e000000, 0x000000071e000000, 0x000000071e200000|  0%| F|  |TAMS 0x000000071e000000, 0x000000071e000000| Untracked 
| 232|0x000000071e200000, 0x000000071e200000, 0x000000071e400000|  0%| F|  |TAMS 0x000000071e200000, 0x000000071e200000| Untracked 
| 233|0x000000071e400000, 0x000000071e400000, 0x000000071e600000|  0%| F|  |TAMS 0x000000071e400000, 0x000000071e400000| Untracked 
| 234|0x000000071e600000, 0x000000071e600000, 0x000000071e800000|  0%| F|  |TAMS 0x000000071e600000, 0x000000071e600000| Untracked 
| 235|0x000000071e800000, 0x000000071e800000, 0x000000071ea00000|  0%| F|  |TAMS 0x000000071e800000, 0x000000071e800000| Untracked 
| 236|0x000000071ea00000, 0x000000071ea00000, 0x000000071ec00000|  0%| F|  |TAMS 0x000000071ea00000, 0x000000071ea00000| Untracked 
| 237|0x000000071ec00000, 0x000000071ec00000, 0x000000071ee00000|  0%| F|  |TAMS 0x000000071ec00000, 0x000000071ec00000| Untracked 
| 238|0x000000071ee00000, 0x000000071ee00000, 0x000000071f000000|  0%| F|  |TAMS 0x000000071ee00000, 0x000000071ee00000| Untracked 
| 239|0x000000071f000000, 0x000000071f000000, 0x000000071f200000|  0%| F|  |TAMS 0x000000071f000000, 0x000000071f000000| Untracked 
| 240|0x000000071f200000, 0x000000071f200000, 0x000000071f400000|  0%| F|  |TAMS 0x000000071f200000, 0x000000071f200000| Untracked 
| 241|0x000000071f400000, 0x000000071f400000, 0x000000071f600000|  0%| F|  |TAMS 0x000000071f400000, 0x000000071f400000| Untracked 
| 242|0x000000071f600000, 0x000000071f600000, 0x000000071f800000|  0%| F|  |TAMS 0x000000071f600000, 0x000000071f600000| Untracked 
| 243|0x000000071f800000, 0x000000071f800000, 0x000000071fa00000|  0%| F|  |TAMS 0x000000071f800000, 0x000000071f800000| Untracked 
| 244|0x000000071fa00000, 0x000000071fa00000, 0x000000071fc00000|  0%| F|  |TAMS 0x000000071fa00000, 0x000000071fa00000| Untracked 
| 245|0x000000071fc00000, 0x000000071fc00000, 0x000000071fe00000|  0%| F|  |TAMS 0x000000071fc00000, 0x000000071fc00000| Untracked 
| 246|0x000000071fe00000, 0x000000071fe00000, 0x0000000720000000|  0%| F|  |TAMS 0x000000071fe00000, 0x000000071fe00000| Untracked 
| 247|0x0000000720000000, 0x0000000720000000, 0x0000000720200000|  0%| F|  |TAMS 0x0000000720000000, 0x0000000720000000| Untracked 
| 248|0x0000000720200000, 0x0000000720200000, 0x0000000720400000|  0%| F|  |TAMS 0x0000000720200000, 0x0000000720200000| Untracked 
| 249|0x0000000720400000, 0x0000000720400000, 0x0000000720600000|  0%| F|  |TAMS 0x0000000720400000, 0x0000000720400000| Untracked 
| 250|0x0000000720600000, 0x0000000720600000, 0x0000000720800000|  0%| F|  |TAMS 0x0000000720600000, 0x0000000720600000| Untracked 
| 251|0x0000000720800000, 0x0000000720a00000, 0x0000000720a00000|100%| S|CS|TAMS 0x0000000720800000, 0x0000000720800000| Complete 
| 252|0x0000000720a00000, 0x0000000720a00000, 0x0000000720c00000|  0%| F|  |TAMS 0x0000000720a00000, 0x0000000720a00000| Untracked 
| 253|0x0000000720c00000, 0x0000000720c00000, 0x0000000720e00000|  0%| F|  |TAMS 0x0000000720c00000, 0x0000000720c00000| Untracked 
| 386|0x0000000731600000, 0x0000000731600000, 0x0000000731800000|  0%| F|  |TAMS 0x0000000731600000, 0x0000000731600000| Untracked 
| 387|0x0000000731800000, 0x0000000731800000, 0x0000000731a00000|  0%| F|  |TAMS 0x0000000731800000, 0x0000000731800000| Untracked 
| 388|0x0000000731a00000, 0x0000000731a00000, 0x0000000731c00000|  0%| F|  |TAMS 0x0000000731a00000, 0x0000000731a00000| Untracked 
| 389|0x0000000731c00000, 0x0000000731c00000, 0x0000000731e00000|  0%| F|  |TAMS 0x0000000731c00000, 0x0000000731c00000| Untracked 
| 390|0x0000000731e00000, 0x0000000731e00000, 0x0000000732000000|  0%| F|  |TAMS 0x0000000731e00000, 0x0000000731e00000| Untracked 
| 391|0x0000000732000000, 0x0000000732000000, 0x0000000732200000|  0%| F|  |TAMS 0x0000000732000000, 0x0000000732000000| Untracked 
| 392|0x0000000732200000, 0x0000000732200000, 0x0000000732400000|  0%| F|  |TAMS 0x0000000732200000, 0x0000000732200000| Untracked 
| 393|0x0000000732400000, 0x0000000732400000, 0x0000000732600000|  0%| F|  |TAMS 0x0000000732400000, 0x0000000732400000| Untracked 
| 394|0x0000000732600000, 0x0000000732600000, 0x0000000732800000|  0%| F|  |TAMS 0x0000000732600000, 0x0000000732600000| Untracked 
| 395|0x0000000732800000, 0x0000000732800000, 0x0000000732a00000|  0%| F|  |TAMS 0x0000000732800000, 0x0000000732800000| Untracked 

Card table byte_map: [0x000002d261950000,0x000002d262150000] _byte_map_base: 0x000002d25e147000

Marking Bits (Prev, Next): (CMBitMap*) 0x000002d24e9b13d0, (CMBitMap*) 0x000002d24e9b1390
 Prev Bits: [0x000002d266910000, 0x000002d26a8c8000)
 Next Bits: [0x000002d262950000, 0x000002d266908000)

Polling page: 0x000002d24c890000

Metaspace:

Usage:
  Non-class:     79.85 MB used.
      Class:      9.59 MB used.
       Both:     89.44 MB used.

Virtual space:
  Non-class space:      128.00 MB reserved,      80.12 MB ( 63%) committed,  2 nodes.
      Class space:        1.00 GB reserved,       9.81 MB ( <1%) committed,  1 nodes.
             Both:        1.12 GB reserved,      89.94 MB (  8%) committed. 

Chunk freelists:
   Non-Class:  15.30 MB
       Class:  6.16 MB
        Both:  21.45 MB

MaxMetaspaceSize: unlimited
CompressedClassSpaceSize: 1.00 GB
Initial GC threshold: 21.00 MB
Current GC threshold: 110.00 MB
CDS: off
MetaspaceReclaimPolicy: balanced
 - commit_granule_bytes: 65536.
 - commit_granule_words: 8192.
 - virtual_space_node_default_size: 8388608.
 - enlarge_chunks_in_place: 1.
 - new_chunks_are_fully_committed: 0.
 - uncommit_free_chunks: 1.
 - use_allocation_guard: 0.
 - handle_deallocations: 1.


Internal statistics:

num_allocs_failed_limit: 11.
num_arena_births: 838.
num_arena_deaths: 0.
num_vsnodes_births: 3.
num_vsnodes_deaths: 0.
num_space_committed: 1437.
num_space_uncommitted: 0.
num_chunks_returned_to_freelist: 11.
num_chunks_taken_from_freelist: 4210.
num_chunk_merges: 11.
num_chunk_splits: 3048.
num_chunks_enlarged: 2299.
num_inconsistent_stats: 0.

CodeHeap 'non-profiled nmethods': size=120000Kb used=18980Kb max_used=18980Kb free=101020Kb
 bounds [0x000002d2598f0000, 0x000002d25ab80000, 0x000002d260e20000]
CodeHeap 'profiled nmethods': size=120000Kb used=50882Kb max_used=50882Kb free=69117Kb
 bounds [0x000002d251e20000, 0x000002d254fe0000, 0x000002d259350000]
CodeHeap 'non-nmethods': size=5760Kb used=1415Kb max_used=1538Kb free=4344Kb
 bounds [0x000002d259350000, 0x000002d2595c0000, 0x000002d2598f0000]
 total_blobs=21015 nmethods=20272 adapters=649
 compilation: enabled
              stopped_count=0, restarted_count=0
 full_count=0

Compilation events (20 events):
Event: 59.814 Thread 0x000002d26d531e50 27642       2       org.jetbrains.kotlin.ir.util.AdditionalIrUtilsKt::getNameForIrSerialization (53 bytes)
Event: 59.814 Thread 0x000002d26d531e50 nmethod 27642 0x000002d254fd7410 code [0x000002d254fd7620, 0x000002d254fd7ae8]
Event: 59.814 Thread 0x000002d26d531e50 27643       2       androidx.compose.compiler.plugins.kotlin.lower.ComposerIntrinsicTransformer::visitCall (126 bytes)
Event: 59.816 Thread 0x000002d26d531e50 nmethod 27643 0x000002d254fd7d90 code [0x000002d254fd8100, 0x000002d254fd8c68]
Event: 59.841 Thread 0x000002d26d531e50 27645       2       org.jetbrains.kotlin.ir.visitors.IrElementTransformerVoid::visitWhileLoop (10 bytes)
Event: 59.842 Thread 0x000002d26d531e50 nmethod 27645 0x000002d254fd9490 code [0x000002d254fd9680, 0x000002d254fd99a8]
Event: 59.842 Thread 0x000002d26d531e50 27646       2       org.jetbrains.kotlin.ir.visitors.IrElementTransformerVoid::visitWhileLoop (13 bytes)
Event: 59.842 Thread 0x000002d2747cfb90 nmethod 27476 0x000002d25ab5e510 code [0x000002d25ab5eaa0, 0x000002d25ab66168]
Event: 59.842 Thread 0x000002d26d531e50 nmethod 27646 0x000002d254fd9b90 code [0x000002d254fd9d80, 0x000002d254fda068]
Event: 59.842 Thread 0x000002d26d531e50 27647       2       org.jetbrains.kotlin.ir.expressions.impl.IrWhileLoopImpl::setCondition (12 bytes)
Event: 59.843 Thread 0x000002d26d531e50 nmethod 27647 0x000002d254fda290 code [0x000002d254fda460, 0x000002d254fda778]
Event: 59.844 Thread 0x000002d2747cfb90 27527       4       java.lang.invoke.Invokers$Holder::linkToTargetMethod (10 bytes)
Event: 59.845 Thread 0x000002d2747cfb90 nmethod 27527 0x000002d25ab69d90 code [0x000002d25ab69f20, 0x000002d25ab6a078]
Event: 59.845 Thread 0x000002d2747cfb90 27625       4       androidx.compose.compiler.plugins.kotlin.lower.ComposableTargetAnnotationsTransformer::isComposable (117 bytes)
Event: 59.859 Thread 0x000002d2747cfb90 nmethod 27625 0x000002d25ab6a190 code [0x000002d25ab6a360, 0x000002d25ab6ad48]
Event: 59.859 Thread 0x000002d2747cfb90 27631       4       androidx.compose.compiler.plugins.kotlin.lower.ComposableTargetAnnotationsTransformer::hasComposableParameter (88 bytes)
Event: 59.864 Thread 0x000002d26d52ffe0 nmethod 27439 0x000002d25ab6b210 code [0x000002d25ab6bc20, 0x000002d25ab72f68]
Event: 59.867 Thread 0x000002d26d52ffe0 27622       4       androidx.compose.compiler.plugins.kotlin.lower.ComposableTargetAnnotationsTransformerKt::samOwnerOrNull (172 bytes)
Event: 59.871 Thread 0x000002d26d531e50 27650   !   2       java.security.AccessController::doPrivileged (26 bytes)
Event: 59.871 Thread 0x000002d26d531e50 nmethod 27650 0x000002d254fda990 code [0x000002d254fdab60, 0x000002d254fdade8]

GC Heap History (20 events):
Event: 45.810 GC heap after
{Heap after GC invocations=39 (full 0):
 garbage-first heap   total 540672K, used 266351K [0x0000000701200000, 0x0000000800000000)
  region size 2048K, 13 young (26624K), 13 survivors (26624K)
 Metaspace       used 79601K, committed 80000K, reserved 1179648K
  class space    used 8743K, committed 8960K, reserved 1048576K
}
Event: 48.618 GC heap before
{Heap before GC invocations=39 (full 0):
 garbage-first heap   total 540672K, used 446575K [0x0000000701200000, 0x0000000800000000)
  region size 2048K, 101 young (206848K), 13 survivors (26624K)
 Metaspace       used 80224K, committed 80704K, reserved 1179648K
  class space    used 8778K, committed 9024K, reserved 1048576K
}
Event: 48.643 GC heap after
{Heap after GC invocations=40 (full 0):
 garbage-first heap   total 540672K, used 277507K [0x0000000701200000, 0x0000000800000000)
  region size 2048K, 12 young (24576K), 12 survivors (24576K)
 Metaspace       used 80224K, committed 80704K, reserved 1179648K
  class space    used 8778K, committed 9024K, reserved 1048576K
}
Event: 49.872 GC heap before
{Heap before GC invocations=40 (full 0):
 garbage-first heap   total 540672K, used 451587K [0x0000000701200000, 0x0000000800000000)
  region size 2048K, 97 young (198656K), 12 survivors (24576K)
 Metaspace       used 80432K, committed 80896K, reserved 1179648K
  class space    used 8786K, committed 9024K, reserved 1048576K
}
Event: 49.893 GC heap after
{Heap after GC invocations=41 (full 0):
 garbage-first heap   total 540672K, used 282458K [0x0000000701200000, 0x0000000800000000)
  region size 2048K, 8 young (16384K), 8 survivors (16384K)
 Metaspace       used 80432K, committed 80896K, reserved 1179648K
  class space    used 8786K, committed 9024K, reserved 1048576K
}
Event: 53.177 GC heap before
{Heap before GC invocations=41 (full 0):
 garbage-first heap   total 540672K, used 456538K [0x0000000701200000, 0x0000000800000000)
  region size 2048K, 93 young (190464K), 8 survivors (16384K)
 Metaspace       used 87402K, committed 87808K, reserved 1179648K
  class space    used 9456K, committed 9664K, reserved 1048576K
}
Event: 53.197 GC heap after
{Heap after GC invocations=42 (full 0):
 garbage-first heap   total 540672K, used 293262K [0x0000000701200000, 0x0000000800000000)
  region size 2048K, 8 young (16384K), 8 survivors (16384K)
 Metaspace       used 87402K, committed 87808K, reserved 1179648K
  class space    used 9456K, committed 9664K, reserved 1048576K
}
Event: 55.708 GC heap before
{Heap before GC invocations=42 (full 0):
 garbage-first heap   total 540672K, used 455054K [0x0000000701200000, 0x0000000800000000)
  region size 2048K, 87 young (178176K), 8 survivors (16384K)
 Metaspace       used 88078K, committed 88576K, reserved 1179648K
  class space    used 9475K, committed 9728K, reserved 1048576K
}
Event: 55.743 GC heap after
{Heap after GC invocations=43 (full 0):
 garbage-first heap   total 540672K, used 326433K [0x0000000701200000, 0x0000000800000000)
  region size 2048K, 11 young (22528K), 11 survivors (22528K)
 Metaspace       used 88078K, committed 88576K, reserved 1179648K
  class space    used 9475K, committed 9728K, reserved 1048576K
}
Event: 56.994 GC heap before
{Heap before GC invocations=43 (full 0):
 garbage-first heap   total 540672K, used 443169K [0x0000000701200000, 0x0000000800000000)
  region size 2048K, 68 young (139264K), 11 survivors (22528K)
 Metaspace       used 89781K, committed 90240K, reserved 1179648K
  class space    used 9671K, committed 9920K, reserved 1048576K
}
Event: 57.035 GC heap after
{Heap after GC invocations=44 (full 0):
 garbage-first heap   total 540672K, used 348711K [0x0000000701200000, 0x0000000800000000)
  region size 2048K, 9 young (18432K), 9 survivors (18432K)
 Metaspace       used 89781K, committed 90240K, reserved 1179648K
  class space    used 9671K, committed 9920K, reserved 1048576K
}
Event: 57.554 GC heap before
{Heap before GC invocations=44 (full 0):
 garbage-first heap   total 540672K, used 444967K [0x0000000701200000, 0x0000000800000000)
  region size 2048K, 56 young (114688K), 9 survivors (18432K)
 Metaspace       used 90284K, committed 90816K, reserved 1179648K
  class space    used 9723K, committed 9984K, reserved 1048576K
}
Event: 57.582 GC heap after
{Heap after GC invocations=45 (full 0):
 garbage-first heap   total 540672K, used 362954K [0x0000000701200000, 0x0000000800000000)
  region size 2048K, 7 young (14336K), 7 survivors (14336K)
 Metaspace       used 90284K, committed 90816K, reserved 1179648K
  class space    used 9723K, committed 9984K, reserved 1048576K
}
Event: 58.806 GC heap before
{Heap before GC invocations=45 (full 0):
 garbage-first heap   total 540672K, used 448970K [0x0000000701200000, 0x0000000800000000)
  region size 2048K, 49 young (100352K), 7 survivors (14336K)
 Metaspace       used 91013K, committed 91520K, reserved 1179648K
  class space    used 9780K, committed 9984K, reserved 1048576K
}
Event: 58.828 GC heap after
{Heap after GC invocations=46 (full 0):
 garbage-first heap   total 540672K, used 385497K [0x0000000701200000, 0x0000000800000000)
  region size 2048K, 7 young (14336K), 7 survivors (14336K)
 Metaspace       used 91013K, committed 91520K, reserved 1179648K
  class space    used 9780K, committed 9984K, reserved 1048576K
}
Event: 59.282 GC heap before
{Heap before GC invocations=46 (full 0):
 garbage-first heap   total 540672K, used 444889K [0x0000000701200000, 0x0000000800000000)
  region size 2048K, 36 young (73728K), 7 survivors (14336K)
 Metaspace       used 91036K, committed 91520K, reserved 1179648K
  class space    used 9780K, committed 9984K, reserved 1048576K
}
Event: 59.309 GC heap after
{Heap after GC invocations=47 (full 0):
 garbage-first heap   total 540672K, used 422349K [0x0000000701200000, 0x0000000800000000)
  region size 2048K, 5 young (10240K), 5 survivors (10240K)
 Metaspace       used 91036K, committed 91520K, reserved 1179648K
  class space    used 9780K, committed 9984K, reserved 1048576K
}
Event: 59.612 GC heap before
{Heap before GC invocations=47 (full 0):
 garbage-first heap   total 540672K, used 451021K [0x0000000701200000, 0x0000000800000000)
  region size 2048K, 19 young (38912K), 5 survivors (10240K)
 Metaspace       used 91270K, committed 91776K, reserved 1179648K
  class space    used 9796K, committed 10048K, reserved 1048576K
}
Event: 59.634 GC heap after
{Heap after GC invocations=48 (full 0):
 garbage-first heap   total 540672K, used 434176K [0x0000000701200000, 0x0000000800000000)
  region size 2048K, 3 young (6144K), 3 survivors (6144K)
 Metaspace       used 91270K, committed 91776K, reserved 1179648K
  class space    used 9796K, committed 10048K, reserved 1048576K
}
Event: 59.886 GC heap before
{Heap before GC invocations=48 (full 0):
 garbage-first heap   total 540672K, used 458752K [0x0000000701200000, 0x0000000800000000)
  region size 2048K, 15 young (30720K), 3 survivors (6144K)
 Metaspace       used 91585K, committed 92096K, reserved 1179648K
  class space    used 9822K, committed 10048K, reserved 1048576K
}

Dll operation events (2 events):
Event: 0.011 Loaded shared library C:\Program Files\Android\Android Studio2\jbr\bin\java.dll
Event: 1.193 Loaded shared library C:\Program Files\Android\Android Studio2\jbr\bin\verify.dll

Deoptimization events (20 events):
Event: 59.497 Thread 0x000002d24e946670 Uncommon trap: trap_request=0xffffffde fr.pc=0x000002d25a69c180 relative=0x0000000000000060
Event: 59.497 Thread 0x000002d24e946670 Uncommon trap: reason=class_check action=maybe_recompile pc=0x000002d25a69c180 method=java.lang.invoke.Invokers$Holder.linkToTargetMethod(Ljava/lang/Object;Ljava/lang/Object;Ljava/lang/Object;)Ljava/lang/Object; @ 1 c2
Event: 59.497 Thread 0x000002d24e946670 DEOPT PACKING pc=0x000002d25a69c180 sp=0x000000dc711fc040
Event: 59.497 Thread 0x000002d24e946670 DEOPT UNPACKING pc=0x000002d2593a69a3 sp=0x000000dc711fbfc8 mode 2
Event: 59.497 Thread 0x000002d24e946670 Uncommon trap: trap_request=0xffffffde fr.pc=0x000002d25a9def04 relative=0x0000000000000064
Event: 59.497 Thread 0x000002d24e946670 Uncommon trap: reason=class_check action=maybe_recompile pc=0x000002d25a9def04 method=java.lang.invoke.Invokers$Holder.linkToTargetMethod(Ljava/lang/Object;Ljava/lang/Object;Ljava/lang/Object;Ljava/lang/Object;)Ljava/lang/Object; @ 1 c2
Event: 59.497 Thread 0x000002d24e946670 DEOPT PACKING pc=0x000002d25a9def04 sp=0x000000dc711fc450
Event: 59.497 Thread 0x000002d24e946670 DEOPT UNPACKING pc=0x000002d2593a69a3 sp=0x000000dc711fc3e0 mode 2
Event: 59.497 Thread 0x000002d24e946670 Uncommon trap: trap_request=0xffffffde fr.pc=0x000002d25a9def04 relative=0x0000000000000064
Event: 59.497 Thread 0x000002d24e946670 Uncommon trap: reason=class_check action=maybe_recompile pc=0x000002d25a9def04 method=java.lang.invoke.Invokers$Holder.linkToTargetMethod(Ljava/lang/Object;Ljava/lang/Object;Ljava/lang/Object;Ljava/lang/Object;)Ljava/lang/Object; @ 1 c2
Event: 59.497 Thread 0x000002d24e946670 DEOPT PACKING pc=0x000002d25a9def04 sp=0x000000dc711fc860
Event: 59.497 Thread 0x000002d24e946670 DEOPT UNPACKING pc=0x000002d2593a69a3 sp=0x000000dc711fc7f0 mode 2
Event: 59.642 Thread 0x000002d24e946670 Uncommon trap: trap_request=0xfffffff4 fr.pc=0x000002d25a7087e4 relative=0x00000000000013c4
Event: 59.642 Thread 0x000002d24e946670 Uncommon trap: reason=null_check action=make_not_entrant pc=0x000002d25a7087e4 method=org.jetbrains.kotlin.descriptors.DescriptorUtilKt.resolveClassByFqName(Lorg/jetbrains/kotlin/descriptors/ModuleDescriptor;Lorg/jetbrains/kotlin/name/FqName;Lorg/jetbrain
Event: 59.642 Thread 0x000002d24e946670 DEOPT PACKING pc=0x000002d25a7087e4 sp=0x000000dc711f9dd0
Event: 59.642 Thread 0x000002d24e946670 DEOPT UNPACKING pc=0x000002d2593a69a3 sp=0x000000dc711f9b98 mode 2
Event: 59.655 Thread 0x000002d24e946670 Uncommon trap: trap_request=0xffffffde fr.pc=0x000002d25a42ef64 relative=0x0000000000006944
Event: 59.655 Thread 0x000002d24e946670 Uncommon trap: reason=class_check action=maybe_recompile pc=0x000002d25a42ef64 method=org.jetbrains.kotlin.load.java.lazy.descriptors.LazyJavaClassMemberScope.isVisibleAsFunctionInCurrentClass(Lorg/jetbrains/kotlin/descriptors/SimpleFunctionDescriptor;)Z 
Event: 59.655 Thread 0x000002d24e946670 DEOPT PACKING pc=0x000002d25a42ef64 sp=0x000000dc711fb5f0
Event: 59.655 Thread 0x000002d24e946670 DEOPT UNPACKING pc=0x000002d2593a69a3 sp=0x000000dc711fb4d8 mode 2

Classes unloaded (0 events):
No events

Classes redefined (0 events):
No events

Internal exceptions (20 events):
Event: 27.349 Thread 0x000002d24e946670 Implicit null exception at 0x000002d25995f870 to 0x000002d25995fad0
Event: 29.808 Thread 0x000002d24e946670 Implicit null exception at 0x000002d259cf69af to 0x000002d259cf6a48
Event: 29.812 Thread 0x000002d24e946670 Implicit null exception at 0x000002d25a29b8e3 to 0x000002d25a29c0ff
Event: 36.273 Thread 0x000002d24e946670 Implicit null exception at 0x000002d259cbca2f to 0x000002d259cbd0c4
Event: 36.294 Thread 0x000002d24e946670 Implicit null exception at 0x000002d259cbda40 to 0x000002d259cbe140
Event: 36.294 Thread 0x000002d24e946670 Implicit null exception at 0x000002d259d862cc to 0x000002d259d86a00
Event: 37.484 Thread 0x000002d24e946670 Implicit null exception at 0x000002d25a497480 to 0x000002d25a4a6264
Event: 38.038 Thread 0x000002d24e946670 Implicit null exception at 0x000002d25a508607 to 0x000002d25a5088cc
Event: 51.527 Thread 0x000002d24e946670 Exception <a 'java/lang/NoSuchMethodError'{0x000000071b746c90}: 'java.lang.Object java.lang.invoke.DirectMethodHandle$Holder.invokeStaticInit(java.lang.Object, java.lang.Object, java.lang.Object, java.lang.Object)'> (0x000000071b746c90) 
thrown [s\src\hotspot\share\interpreter\linkResolver.cpp, line 771]
Event: 51.947 Thread 0x000002d24e946670 Exception <a 'java/lang/NoSuchMethodError'{0x000000071a768f30}: 'java.lang.Object java.lang.invoke.DirectMethodHandle$Holder.invokeSpecial(java.lang.Object, java.lang.Object, int, int, java.lang.Object, java.lang.Object, java.lang.Object, java.lang.Object, java.lang.Object)'> (0x000000071a768f30) 
thrown [s\src\hotspot\share\interpreter\linkResolver.cpp, line 771]
Event: 52.472 Thread 0x000002d24e946670 Exception <a 'java/lang/NoSuchMethodError'{0x0000000719bcd020}: 'java.lang.Object java.lang.invoke.DirectMethodHandle$Holder.newInvokeSpecial(java.lang.Object, java.lang.Object, java.lang.Object, int, int)'> (0x0000000719bcd020) 
thrown [s\src\hotspot\share\interpreter\linkResolver.cpp, line 771]
Event: 52.472 Thread 0x000002d24e946670 Exception <a 'java/lang/NoSuchMethodError'{0x0000000719bd0e60}: 'java.lang.Object java.lang.invoke.DirectMethodHandle$Holder.invokeSpecial(java.lang.Object, java.lang.Object, java.lang.Object, java.lang.Object, int, int)'> (0x0000000719bd0e60) 
thrown [s\src\hotspot\share\interpreter\linkResolver.cpp, line 771]
Event: 52.728 Thread 0x000002d24e946670 Exception <a 'java/lang/NoSuchMethodError'{0x0000000718b18e98}: 'java.lang.Object java.lang.invoke.DirectMethodHandle$Holder.newInvokeSpecial(java.lang.Object, java.lang.Object, int, int, java.lang.Object, java.lang.Object, java.lang.Object)'> (0x0000000718b18e98) 
thrown [s\src\hotspot\share\interpreter\linkResolver.cpp, line 771]
Event: 52.729 Thread 0x000002d24e946670 Exception <a 'java/lang/NoSuchMethodError'{0x0000000718b1d9e8}: 'java.lang.Object java.lang.invoke.DirectMethodHandle$Holder.invokeSpecial(java.lang.Object, java.lang.Object, java.lang.Object, int, int, java.lang.Object, java.lang.Object, java.lang.Object)'> (0x0000000718b1d9e8) 
thrown [s\src\hotspot\share\interpreter\linkResolver.cpp, line 771]
Event: 53.030 Thread 0x000002d24e946670 Implicit null exception at 0x000002d25a530ea0 to 0x000002d25a531654
Event: 53.051 Thread 0x000002d24e946670 Implicit null exception at 0x000002d25a7ef5e0 to 0x000002d25a7f3258
Event: 55.579 Thread 0x000002d24e946670 Exception <a 'java/lang/NoSuchMethodError'{0x000000071894f050}: 'java.lang.Object java.lang.invoke.DirectMethodHandle$Holder.invokeStatic(java.lang.Object, java.lang.Object, java.lang.Object, int, int, java.lang.Object, java.lang.Object, java.lang.Object, java.lang.Object)'> (0x000000071894f050) 
thrown [s\src\hotspot\share\interpreter\linkResolver.cpp, line 771]
Event: 55.580 Thread 0x000002d24e946670 Exception <a 'java/lang/NoSuchMethodError'{0x0000000718959318}: 'java.lang.Object java.lang.invoke.DirectMethodHandle$Holder.newInvokeSpecial(java.lang.Object, java.lang.Object, java.lang.Object, int, int, java.lang.Object)'> (0x0000000718959318) 
thrown [s\src\hotspot\share\interpreter\linkResolver.cpp, line 771]
Event: 55.580 Thread 0x000002d24e946670 Exception <a 'java/lang/NoSuchMethodError'{0x0000000718960cb8}: 'java.lang.Object java.lang.invoke.Invokers$Holder.linkToTargetMethod(java.lang.Object, java.lang.Object, int, int, java.lang.Object, java.lang.Object)'> (0x0000000718960cb8) 
thrown [s\src\hotspot\share\interpreter\linkResolver.cpp, line 771]
Event: 56.919 Thread 0x000002d24e946670 Implicit null exception at 0x000002d25a5984f4 to 0x000002d25a598554

VM Operations (20 events):
Event: 58.405 Executing VM operation: ICBufferFull done
Event: 58.548 Executing VM operation: HandshakeAllThreads
Event: 58.548 Executing VM operation: HandshakeAllThreads done
Event: 58.659 Executing VM operation: ICBufferFull
Event: 58.659 Executing VM operation: ICBufferFull done
Event: 58.787 Executing VM operation: HandshakeAllThreads
Event: 58.787 Executing VM operation: HandshakeAllThreads done
Event: 58.792 Executing VM operation: ICBufferFull
Event: 58.792 Executing VM operation: ICBufferFull done
Event: 58.806 Executing VM operation: G1CollectForAllocation
Event: 58.828 Executing VM operation: G1CollectForAllocation done
Event: 59.009 Executing VM operation: ICBufferFull
Event: 59.009 Executing VM operation: ICBufferFull done
Event: 59.282 Executing VM operation: G1CollectForAllocation
Event: 59.309 Executing VM operation: G1CollectForAllocation done
Event: 59.485 Executing VM operation: ICBufferFull
Event: 59.485 Executing VM operation: ICBufferFull done
Event: 59.611 Executing VM operation: G1CollectForAllocation
Event: 59.634 Executing VM operation: G1CollectForAllocation done
Event: 59.885 Executing VM operation: G1CollectForAllocation

Events (20 events):
Event: 57.046 Thread 0x000002d26d53c360 flushing nmethod 0x000002d254d5c310
Event: 58.803 Thread 0x000002d26d53c360 flushing nmethod 0x000002d25ab10c10
Event: 58.844 Thread 0x000002d26d53c360 flushing nmethod 0x000002d252cfc310
Event: 58.851 Thread 0x000002d26d53c360 flushing nmethod 0x000002d2532a7590
Event: 58.853 Thread 0x000002d26d53c360 flushing nmethod 0x000002d2534e7b90
Event: 58.857 Thread 0x000002d26d53c360 flushing nmethod 0x000002d25376cb90
Event: 58.867 Thread 0x000002d26d53c360 flushing nmethod 0x000002d253f48d90
Event: 58.867 Thread 0x000002d26d53c360 flushing nmethod 0x000002d253f49b90
Event: 58.867 Thread 0x000002d26d53c360 flushing nmethod 0x000002d253f4e190
Event: 58.869 Thread 0x000002d26d53c360 flushing nmethod 0x000002d2540a5f10
Event: 58.869 Thread 0x000002d26d53c360 flushing nmethod 0x000002d2540ed910
Event: 58.872 Thread 0x000002d26d53c360 flushing nmethod 0x000002d25423ad90
Event: 58.876 Thread 0x000002d26d53c360 flushing nmethod 0x000002d25464ee10
Event: 58.880 Thread 0x000002d26d53c360 flushing nmethod 0x000002d25492e510
Event: 58.880 Thread 0x000002d26d53c360 flushing nmethod 0x000002d25492ef90
Event: 58.880 Thread 0x000002d26d53c360 flushing nmethod 0x000002d254948410
Event: 58.880 Thread 0x000002d26d53c360 flushing nmethod 0x000002d25498be10
Event: 58.881 Thread 0x000002d26d53c360 flushing nmethod 0x000002d254a32090
Event: 58.881 Thread 0x000002d26d53c360 flushing nmethod 0x000002d254ad1e90
Event: 58.881 Thread 0x000002d26d53c360 flushing nmethod 0x000002d254ad3310


Dynamic libraries:
0x00007ff76bca0000 - 0x00007ff76bcaa000 	C:\Program Files\Android\Android Studio2\jbr\bin\java.exe
0x00007ffe561d0000 - 0x00007ffe563c8000 	C:\WINDOWS\SYSTEM32\ntdll.dll
0x00007ffe242d0000 - 0x00007ffe242e9000 	C:\Program Files\Avast Software\Avast\aswhook.dll
0x00007ffe559e0000 - 0x00007ffe55a9f000 	C:\WINDOWS\System32\KERNEL32.DLL
0x00007ffe53a10000 - 0x00007ffe53d06000 	C:\WINDOWS\System32\KERNELBASE.dll
0x00007ffe54010000 - 0x00007ffe54110000 	C:\WINDOWS\System32\ucrtbase.dll
0x00007ffe471d0000 - 0x00007ffe471eb000 	C:\Program Files\Android\Android Studio2\jbr\bin\VCRUNTIME140.dll
0x00007ffe27280000 - 0x00007ffe27297000 	C:\Program Files\Android\Android Studio2\jbr\bin\jli.dll
0x00007ffe542d0000 - 0x00007ffe5446d000 	C:\WINDOWS\System32\USER32.dll
0x00007ffe53db0000 - 0x00007ffe53dd2000 	C:\WINDOWS\System32\win32u.dll
0x00007ffe41860000 - 0x00007ffe41afa000 	C:\WINDOWS\WinSxS\amd64_microsoft.windows.common-controls_6595b64144ccf1df_6.0.19041.1110_none_60b5254171f9507e\COMCTL32.dll
0x00007ffe544a0000 - 0x00007ffe544cc000 	C:\WINDOWS\System32\GDI32.dll
0x00007ffe54230000 - 0x00007ffe542ce000 	C:\WINDOWS\System32\msvcrt.dll
0x00007ffe54110000 - 0x00007ffe54225000 	C:\WINDOWS\System32\gdi32full.dll
0x00007ffe53d10000 - 0x00007ffe53dad000 	C:\WINDOWS\System32\msvcp_win.dll
0x00007ffe54470000 - 0x00007ffe544a0000 	C:\WINDOWS\System32\IMM32.DLL
0x00007ffe4c490000 - 0x00007ffe4c49c000 	C:\Program Files\Android\Android Studio2\jbr\bin\vcruntime140_1.dll
0x00007ffe20bd0000 - 0x00007ffe20c5d000 	C:\Program Files\Android\Android Studio2\jbr\bin\msvcp140.dll
0x00007ffdcd1d0000 - 0x00007ffdcde50000 	C:\Program Files\Android\Android Studio2\jbr\bin\server\jvm.dll
0x00007ffe556d0000 - 0x00007ffe5577f000 	C:\WINDOWS\System32\ADVAPI32.dll
0x00007ffe55aa0000 - 0x00007ffe55b3c000 	C:\WINDOWS\System32\sechost.dll
0x00007ffe54530000 - 0x00007ffe54656000 	C:\WINDOWS\System32\RPCRT4.dll
0x00007ffe43850000 - 0x00007ffe43877000 	C:\WINDOWS\SYSTEM32\WINMM.dll
0x00007ffe3eeb0000 - 0x00007ffe3eeb9000 	C:\WINDOWS\SYSTEM32\WSOCK32.dll
0x00007ffe4c670000 - 0x00007ffe4c67a000 	C:\WINDOWS\SYSTEM32\VERSION.dll
0x00007ffe55250000 - 0x00007ffe552bb000 	C:\WINDOWS\System32\WS2_32.dll
0x00007ffe520f0000 - 0x00007ffe52102000 	C:\WINDOWS\SYSTEM32\kernel.appcore.dll
0x00007ffe4cdc0000 - 0x00007ffe4cdca000 	C:\Program Files\Android\Android Studio2\jbr\bin\jimage.dll
0x00007ffe50f40000 - 0x00007ffe51124000 	C:\WINDOWS\SYSTEM32\DBGHELP.DLL
0x00007ffe49e80000 - 0x00007ffe49eb4000 	C:\WINDOWS\SYSTEM32\dbgcore.DLL
0x00007ffe53f00000 - 0x00007ffe53f82000 	C:\WINDOWS\System32\bcryptPrimitives.dll
0x00007ffe2f840000 - 0x00007ffe2f865000 	C:\Program Files\Android\Android Studio2\jbr\bin\java.dll
0x00007ffe4cda0000 - 0x00007ffe4cdb8000 	C:\Program Files\Android\Android Studio2\jbr\bin\zip.dll
0x00007ffe546c0000 - 0x00007ffe54e04000 	C:\WINDOWS\System32\SHELL32.dll
0x00007ffe51940000 - 0x00007ffe520d3000 	C:\WINDOWS\SYSTEM32\windows.storage.dll
0x00007ffe54e10000 - 0x00007ffe55164000 	C:\WINDOWS\System32\combase.dll
0x00007ffe53300000 - 0x00007ffe5332e000 	C:\WINDOWS\SYSTEM32\Wldp.dll
0x00007ffe55930000 - 0x00007ffe559dd000 	C:\WINDOWS\System32\SHCORE.dll
0x00007ffe544d0000 - 0x00007ffe54525000 	C:\WINDOWS\System32\shlwapi.dll
0x00007ffe537f0000 - 0x00007ffe5380f000 	C:\WINDOWS\SYSTEM32\profapi.dll
0x00007ffe2de60000 - 0x00007ffe2de79000 	C:\Program Files\Android\Android Studio2\jbr\bin\net.dll
0x00007ffe4ca80000 - 0x00007ffe4cb8a000 	C:\WINDOWS\SYSTEM32\WINHTTP.dll
0x00007ffe53060000 - 0x00007ffe530ca000 	C:\WINDOWS\system32\mswsock.dll
0x00007ffe2cde0000 - 0x00007ffe2cdf6000 	C:\Program Files\Android\Android Studio2\jbr\bin\nio.dll
0x00007ffe42ac0000 - 0x00007ffe42ad0000 	C:\Program Files\Android\Android Studio2\jbr\bin\verify.dll

dbghelp: loaded successfully - version: 4.0.5 - missing functions: none
symbol engine: initialized successfully - sym options: 0x614 - pdb path: .;C:\Program Files\Android\Android Studio2\jbr\bin;C:\WINDOWS\SYSTEM32;C:\Program Files\Avast Software\Avast;C:\WINDOWS\WinSxS\amd64_microsoft.windows.common-controls_6595b64144ccf1df_6.0.19041.1110_none_60b5254171f9507e;C:\Program Files\Android\Android Studio2\jbr\bin\server

VM Arguments:
java_command: org.jetbrains.kotlin.cli.jvm.K2JVMCompiler @C:\Users\Dell 7710\Downloads\Documents\RovleApp\app\build\20240416_4946082912385972940.compiler.options
java_class_path (initial): C:\Users\Dell 7710\.gradle\caches\modules-2\files-2.1\org.jetbrains.kotlin\kotlin-compiler-embeddable\1.8.10\b0757fd774344d54ce93f5ad6c30ba1c1731c8ff\kotlin-compiler-embeddable-1.8.10.jar;C:\Users\Dell 7710\.gradle\caches\modules-2\files-2.1\org.jetbrains.kotlin\kotlin-stdlib\1.8.10\6d5560a229477df9406943d5feda5618e98eb64c\kotlin-stdlib-1.8.10.jar;C:\Users\Dell 7710\.gradle\caches\modules-2\files-2.1\org.jetbrains.kotlin\kotlin-script-runtime\1.8.10\b13ea9c7e46d589139e56086a878763290e20bd5\kotlin-script-runtime-1.8.10.jar;C:\Users\Dell 7710\.gradle\caches\modules-2\files-2.1\org.jetbrains.kotlin\kotlin-reflect\1.6.10\1cbe9c92c12a94eea200d23c2bbaedaf3daf5132\kotlin-reflect-1.6.10.jar;C:\Users\Dell 7710\.gradle\caches\modules-2\files-2.1\org.jetbrains.kotlin\kotlin-daemon-embeddable\1.8.10\ad8541d9bc1cf9e52c3204161247910c2cf601d4\kotlin-daemon-embeddable-1.8.10.jar;C:\Users\Dell 7710\.gradle\caches\modules-2\files-2.1\org.jetbrains.intellij.deps\trove4j\1.0.20200330\3afb14d5f9ceb459d724e907a21145e8ff394f02\trove4j-1.0.20200330.jar;C:\Users\Dell 7710\.gradle\caches\modules-2\files-2.1\net.java.dev.jna\jna\5.6.0\330f2244e9030119ab3030fc3fededc86713d9cc\jna-5.6.0.jar;C:\Users\Dell 7710\.gradle\caches\modules-2\files-2.1\org.jetbrains.kotlin\kotlin-stdlib-common\1.8.10\a61b182458550492c12aee66157d7b524a63a5ec\kotlin-stdlib-common-1.8.10.jar;C:\Users\Dell 7710\.gradle\caches\modules-2\files-2.1\org.jetbrains\annotations\13.0\919f0dfe192fb4e063e7dacadee7f8bb9a2672a9\annotations-13.0.jar
Launcher Type: SUN_STANDARD

[Global flags]
     intx CICompilerCount                          = 4                                         {product} {ergonomic}
     uint ConcGCThreads                            = 2                                         {product} {ergonomic}
     uint G1ConcRefinementThreads                  = 8                                         {product} {ergonomic}
   size_t G1HeapRegionSize                         = 2097152                                   {product} {ergonomic}
    uintx GCDrainStackTargetSize                   = 64                                        {product} {ergonomic}
   size_t InitialHeapSize                          = 268435456                                 {product} {ergonomic}
   size_t MarkStackSize                            = 4194304                                   {product} {ergonomic}
   size_t MaxHeapSize                              = 4276092928                                {product} {ergonomic}
   size_t MaxNewSize                               = 2564816896                                {product} {ergonomic}
   size_t MinHeapDeltaBytes                        = 2097152                                   {product} {ergonomic}
   size_t MinHeapSize                              = 8388608                                   {product} {ergonomic}
    uintx NonNMethodCodeHeapSize                   = 5839372                                {pd product} {ergonomic}
    uintx NonProfiledCodeHeapSize                  = 122909434                              {pd product} {ergonomic}
    uintx ProfiledCodeHeapSize                     = 122909434                              {pd product} {ergonomic}
    uintx ReservedCodeCacheSize                    = 251658240                              {pd product} {ergonomic}
     bool SegmentedCodeCache                       = true                                      {product} {ergonomic}
   size_t SoftMaxHeapSize                          = 4276092928                             {manageable} {ergonomic}
     bool UseCompressedClassPointers               = true                           {product lp64_product} {ergonomic}
     bool UseCompressedOops                        = true                           {product lp64_product} {ergonomic}
     bool UseG1GC                                  = true                                      {product} {ergonomic}
     bool UseLargePagesIndividualAllocation        = false                                  {pd product} {ergonomic}

Logging:
Log output configuration:
 #0: stdout all=warning uptime,level,tags
 #1: stderr all=off uptime,level,tags

Environment Variables:
PATH=C:\Program Files (x86)\VMware\VMware Workstation\bin\;C:\Program Files (x86)\Common Files\Oracle\Java\javapath;C:\Windows\system32;C:\Windows;C:\Windows\System32\Wbem;C:\Windows\System32\WindowsPowerShell\v1.0\;C:\Windows\System32\OpenSSH\;C:\Program Files (x86)\NVIDIA Corporation\PhysX\Common;C:\WINDOWS\system32;C:\WINDOWS;C:\WINDOWS\System32\Wbem;C:\WINDOWS\System32\WindowsPowerShell\v1.0\;C:\WINDOWS\System32\OpenSSH\;C:\Program Files\NVIDIA Corporation\NVIDIA NvDLISR;C:\Program Files (x86)\dotnet\;C:\Program Files\dotnet\;C:\Program Files\Git\cmd;C:\Users\Dell 7710\AppData\Local\Programs\Python\Python312\Scripts\;C:\Users\Dell 7710\AppData\Local\Programs\Python\Python312\;C:\Users\Dell 7710\AppData\Local\Programs\Python\Launcher\;C:\Users\Dell 7710\AppData\Local\Microsoft\WindowsApps;;E:\Microsoft VS Code\bin
USERNAME=Dell 7710
OS=Windows_NT
PROCESSOR_IDENTIFIER=Intel64 Family 6 Model 94 Stepping 3, GenuineIntel
TMP=C:\Users\Dell 7710\AppData\Local\Temp
TEMP=C:\Users\Dell 7710\AppData\Local\Temp


JNI global refs:
JNI global refs: 13, weak refs: 23

JNI global refs memory usage: 843, weak refs: 1473

OOME stack traces (most recent first):
Classloader memory used:
Loader jdk.internal.loader.ClassLoaders$AppClassLoader                                 : 9186K
Loader bootstrap                                                                       : 1733K
Loader java.net.URLClassLoader                                                         : 381K
Loader jdk.internal.reflect.DelegatingClassLoader                                      : 111K
Loader jdk.internal.loader.ClassLoaders$PlatformClassLoader                            : 36641B


---------------  S Y S T E M  ---------------

OS:
 Windows 10 , 64 bit Build 19041 (10.0.19041.3031)
OS uptime: 1 days 9:56 hours

CPU: total 8 (initial active 8) (4 cores per cpu, 2 threads per core) family 6 model 94 stepping 3 microcode 0xcc, cx8, cmov, fxsr, ht, mmx, 3dnowpref, sse, sse2, sse3, ssse3, sse4.1, sse4.2, popcnt, lzcnt, tsc, tscinvbit, avx, avx2, aes, erms, clmul, bmi1, bmi2, rtm, adx, fma, vzeroupper, clflush, clflushopt

Memory: 4k page, system-wide physical 16308M (2956M free)
TotalPageFile size 18356M (AvailPageFile size 178M)
current process WorkingSet (physical memory assigned to process): 850M, peak: 855M
current process commit charge ("private bytes"): 891M, peak: 1106M

vm_info: OpenJDK 64-Bit Server VM (17.0.7+0-b2043.56-10550314) for windows-amd64 JRE (17.0.7+0-b2043.56-10550314), built on Jul 24 2023 18:27:45 by "androidbuild" with MS VC++ 16.10 / 16.11 (VS2019)

END.
