#
# There is insufficient memory for the Java Runtime Environment to continue.
# Native memory allocation (mmap) failed to map 113246208 bytes for G1 virtual space
# Possible reasons:
#   The system is out of physical RAM or swap space
#   The process is running with CompressedOops enabled, and the Java Heap may be blocking the growth of the native heap
# Possible solutions:
#   Reduce memory load on the system
#   Increase physical memory or swap space
#   Check if swap backing store is full
#   Decrease Java heap size (-Xmx/-Xms)
#   Decrease number of Java threads
#   Decrease Java thread stack sizes (-Xss)
#   Set larger code cache with -XX:ReservedCodeCacheSize=
#   JVM is running with Zero Based Compressed Oops mode in which the Java heap is
#     placed in the first 32GB address space. The Java Heap base address is the
#     maximum limit for the native heap growth. Please use -XX:HeapBaseMinAddress
#     to set the Java Heap base and to place the Java Heap above 32GB virtual address.
# This output file may be truncated or incomplete.
#
#  Out of Memory Error (os_windows.cpp:3771), pid=11016, tid=14600
#
# JRE version: OpenJDK Runtime Environment (17.0.7) (build 17.0.7+0-b2043.56-10550314)
# Java VM: OpenJDK 64-Bit Server VM (17.0.7+0-b2043.56-10550314, mixed mode, tiered, compressed oops, compressed class ptrs, g1 gc, windows-amd64)
# No core dump will be written. Minidumps are not enabled by default on client versions of Windows
#

---------------  S U M M A R Y ------------

Command Line: org.jetbrains.kotlin.cli.jvm.K2JVMCompiler @C:\Users\Dell 7710\Downloads\Documents\RovleApp\app\build\20240416_8226298848697676866.compiler.options

Host: Intel(R) Xeon(R) CPU E3-1535M v5 @ 2.90GHz, 8 cores, 15G,  Windows 10 , 64 bit Build 19041 (10.0.19041.3031)
Time: Tue Apr 16 19:21:42 2024 Egypt Standard Time elapsed time: 64.732622 seconds (0d 0h 1m 4s)

---------------  T H R E A D  ---------------

Current thread (0x0000021b0480c400):  VMThread "VM Thread" [stack: 0x0000004ba6a00000,0x0000004ba6b00000] [id=14600]

Stack: [0x0000004ba6a00000,0x0000004ba6b00000]
Native frames: (J=compiled Java code, j=interpreted, Vv=VM code, C=native code)
V  [jvm.dll+0x683bfa]
V  [jvm.dll+0x8430a4]
V  [jvm.dll+0x8449be]
V  [jvm.dll+0x845023]
V  [jvm.dll+0x24ad2f]
V  [jvm.dll+0x680ac9]
V  [jvm.dll+0x67519a]
V  [jvm.dll+0x30b3cb]
V  [jvm.dll+0x312876]
V  [jvm.dll+0x36221e]
V  [jvm.dll+0x36244f]
V  [jvm.dll+0x2e14a8]
V  [jvm.dll+0x2e4596]
V  [jvm.dll+0x2eed58]
V  [jvm.dll+0x323a40]
V  [jvm.dll+0x8496eb]
V  [jvm.dll+0x84a424]
V  [jvm.dll+0x84a93d]
V  [jvm.dll+0x84ad14]
V  [jvm.dll+0x84ade0]
V  [jvm.dll+0x7f2aea]
V  [jvm.dll+0x682a35]
C  [ucrtbase.dll+0x21bb2]
C  [KERNEL32.DLL+0x17614]
C  [ntdll.dll+0x526f1]

VM_Operation (0x0000004ba66ff900): G1Concurrent, mode: safepoint, requested by thread 0x0000021b65e90250


---------------  P R O C E S S  ---------------

Threads class SMR info:
_java_thread_list=0x0000021b0c87bed0, length=14, elements={
0x0000021b65e12260, 0x0000021b049883e0, 0x0000021b04989b10, 0x0000021b049bd6a0,
0x0000021b049be160, 0x0000021b049c17a0, 0x0000021b049c2130, 0x0000021b049e3530,
0x0000021b049e4c90, 0x0000021b049e5590, 0x0000021b04b44030, 0x0000021b04b4d7c0,
0x0000021b0ecbb350, 0x0000021b0ecbb860
}

Java Threads: ( => current thread )
  0x0000021b65e12260 JavaThread "main" [_thread_blocked, id=21472, stack(0x0000004ba6400000,0x0000004ba6500000)]
  0x0000021b049883e0 JavaThread "Reference Handler" daemon [_thread_blocked, id=13920, stack(0x0000004ba6b00000,0x0000004ba6c00000)]
  0x0000021b04989b10 JavaThread "Finalizer" daemon [_thread_blocked, id=1500, stack(0x0000004ba6c00000,0x0000004ba6d00000)]
  0x0000021b049bd6a0 JavaThread "Signal Dispatcher" daemon [_thread_blocked, id=1196, stack(0x0000004ba6d00000,0x0000004ba6e00000)]
  0x0000021b049be160 JavaThread "Attach Listener" daemon [_thread_blocked, id=7292, stack(0x0000004ba6e00000,0x0000004ba6f00000)]
  0x0000021b049c17a0 JavaThread "Service Thread" daemon [_thread_blocked, id=9632, stack(0x0000004ba6f00000,0x0000004ba7000000)]
  0x0000021b049c2130 JavaThread "Monitor Deflation Thread" daemon [_thread_blocked, id=16784, stack(0x0000004ba7000000,0x0000004ba7100000)]
  0x0000021b049e3530 JavaThread "C2 CompilerThread0" daemon [_thread_blocked, id=6468, stack(0x0000004ba7100000,0x0000004ba7200000)]
  0x0000021b049e4c90 JavaThread "C1 CompilerThread0" daemon [_thread_blocked, id=2192, stack(0x0000004ba7200000,0x0000004ba7300000)]
  0x0000021b049e5590 JavaThread "Sweeper thread" daemon [_thread_blocked, id=1244, stack(0x0000004ba7300000,0x0000004ba7400000)]
  0x0000021b04b44030 JavaThread "Notification Thread" daemon [_thread_blocked, id=3076, stack(0x0000004ba7400000,0x0000004ba7500000)]
  0x0000021b04b4d7c0 JavaThread "Common-Cleaner" daemon [_thread_blocked, id=13796, stack(0x0000004ba7600000,0x0000004ba7700000)]
  0x0000021b0ecbb350 JavaThread "C2 CompilerThread1" daemon [_thread_in_native, id=21868, stack(0x0000004ba7700000,0x0000004ba7800000)]
  0x0000021b0ecbb860 JavaThread "C2 CompilerThread2" daemon [_thread_blocked, id=17916, stack(0x0000004ba8000000,0x0000004ba8100000)]

Other Threads:
=>0x0000021b0480c400 VMThread "VM Thread" [stack: 0x0000004ba6a00000,0x0000004ba6b00000] [id=14600]
  0x0000021b04b46910 WatcherThread [stack: 0x0000004ba7500000,0x0000004ba7600000] [id=21744]
  0x0000021b65e7df60 GCTaskThread "GC Thread#0" [stack: 0x0000004ba6500000,0x0000004ba6600000] [id=22160]
  0x0000021b09378b80 GCTaskThread "GC Thread#1" [stack: 0x0000004ba7800000,0x0000004ba7900000] [id=15560]
  0x0000021b09378e30 GCTaskThread "GC Thread#2" [stack: 0x0000004ba7900000,0x0000004ba7a00000] [id=22196]
  0x0000021b093790e0 GCTaskThread "GC Thread#3" [stack: 0x0000004ba7a00000,0x0000004ba7b00000] [id=7712]
  0x0000021b0938ab80 GCTaskThread "GC Thread#4" [stack: 0x0000004ba7b00000,0x0000004ba7c00000] [id=19188]
  0x0000021b093b88e0 GCTaskThread "GC Thread#5" [stack: 0x0000004ba7c00000,0x0000004ba7d00000] [id=8796]
  0x0000021b098de860 GCTaskThread "GC Thread#6" [stack: 0x0000004ba7d00000,0x0000004ba7e00000] [id=1232]
  0x0000021b098df5d0 GCTaskThread "GC Thread#7" [stack: 0x0000004ba7e00000,0x0000004ba7f00000] [id=19508]
  0x0000021b65e90250 ConcurrentGCThread "G1 Main Marker" [stack: 0x0000004ba6600000,0x0000004ba6700000] [id=18204]
  0x0000021b65e92410 ConcurrentGCThread "G1 Conc#0" [stack: 0x0000004ba6700000,0x0000004ba6800000] [id=19828]
  0x0000021b098de300 ConcurrentGCThread "G1 Conc#1" [stack: 0x0000004ba7f00000,0x0000004ba8000000] [id=4452]
  0x0000021b046a8100 ConcurrentGCThread "G1 Refine#0" [stack: 0x0000004ba6800000,0x0000004ba6900000] [id=2492]
  0x0000021b0b742180 ConcurrentGCThread "G1 Refine#1" [stack: 0x0000004ba8100000,0x0000004ba8200000] [id=5288]
  0x0000021b0b740a80 ConcurrentGCThread "G1 Refine#2" [stack: 0x0000004ba8200000,0x0000004ba8300000] [id=20296]
  0x0000021b0b742460 ConcurrentGCThread "G1 Refine#3" [stack: 0x0000004ba8300000,0x0000004ba8400000] [id=17496]
  0x0000021b0b742740 ConcurrentGCThread "G1 Refine#4" [stack: 0x0000004ba8400000,0x0000004ba8500000] [id=10484]
  0x0000021b0d9a18e0 ConcurrentGCThread "G1 Refine#5" [stack: 0x0000004ba8500000,0x0000004ba8600000] [id=15192]
  0x0000021b0d9a2460 ConcurrentGCThread "G1 Refine#6" [stack: 0x0000004ba8600000,0x0000004ba8700000] [id=12444]
  0x0000021b046a8a30 ConcurrentGCThread "G1 Service" [stack: 0x0000004ba6900000,0x0000004ba6a00000] [id=21580]

Threads with active compile tasks:
C2 CompilerThread0    64771 27964       4       org.jetbrains.kotlin.types.checker.SimpleClassicTypeSystemContext::getPrimitiveType (6 bytes)
C2 CompilerThread1    64771 27072       4       org.jetbrains.kotlin.ir.visitors.IrElementTransformerVoid::visitCall (16 bytes)
C2 CompilerThread2    64771 27936       4       org.jetbrains.kotlin.ir.util.IrUtilsKt::hasAnnotation (118 bytes)

VM state: at safepoint (normal execution)

VM Mutex/Monitor currently owned by a thread:  ([mutex/lock_event])
[0x0000021b65e0c480] Threads_lock - owner thread: 0x0000021b0480c400
[0x0000021b65e0c870] Heap_lock - owner thread: 0x0000021b65e90250

Heap address: 0x0000000701200000, size: 4078 MB, Compressed Oops mode: Zero based, Oop shift amount: 3

CDS archive(s) not mapped
Compressed class space mapped at: 0x0000000800000000-0x0000000840000000, reserved size: 1073741824
Narrow klass base: 0x0000000800000000, Narrow klass shift: 0, Narrow klass range: 0x40000000

GC Precious Log:
 CPUs: 8 total, 8 available
 Memory: 16308M
 Large Page Support: Disabled
 NUMA Support: Disabled
 Compressed Oops: Enabled (Zero based)
 Heap Region Size: 2M
 Heap Min Capacity: 8M
 Heap Initial Capacity: 256M
 Heap Max Capacity: 4078M
 Pre-touch: Disabled
 Parallel Workers: 8
 Concurrent Workers: 2
 Concurrent Refinement Workers: 8
 Periodic GC: Disabled

Heap:
 garbage-first heap   total 645120K, used 450543K [0x0000000701200000, 0x0000000800000000)
  region size 2048K, 43 young (88064K), 13 survivors (26624K)
 Metaspace       used 91238K, committed 91712K, reserved 1179648K
  class space    used 9803K, committed 10048K, reserved 1048576K

Heap Regions: E=young(eden), S=young(survivor), O=old, HS=humongous(starts), HC=humongous(continues), CS=collection set, F=free, OA=open archive, CA=closed archive, TAMS=top-at-mark-start (previous, next)
|   0|0x0000000701200000, 0x0000000701400000, 0x0000000701400000|100%|HS|  |TAMS 0x0000000701400000, 0x0000000701200000| Complete 
|   1|0x0000000701400000, 0x0000000701600000, 0x0000000701600000|100%|HC|  |TAMS 0x0000000701600000, 0x0000000701400000| Complete 
|   2|0x0000000701600000, 0x0000000701800000, 0x0000000701800000|100%|HS|  |TAMS 0x0000000701800000, 0x0000000701600000| Complete 
|   3|0x0000000701800000, 0x0000000701a00000, 0x0000000701a00000|100%|HC|  |TAMS 0x0000000701a00000, 0x0000000701800000| Complete 
|   4|0x0000000701a00000, 0x0000000701c00000, 0x0000000701c00000|100%| O|  |TAMS 0x0000000701c00000, 0x0000000701a00000| Updating 
|   5|0x0000000701c00000, 0x0000000701e00000, 0x0000000701e00000|100%| O|  |TAMS 0x0000000701e00000, 0x0000000701c00000| Untracked 
|   6|0x0000000701e00000, 0x0000000702000000, 0x0000000702000000|100%| O|  |TAMS 0x0000000702000000, 0x0000000701e00000| Untracked 
|   7|0x0000000702000000, 0x0000000702200000, 0x0000000702200000|100%| O|  |TAMS 0x0000000702200000, 0x0000000702000000| Untracked 
|   8|0x0000000702200000, 0x0000000702400000, 0x0000000702400000|100%| O|  |TAMS 0x0000000702400000, 0x0000000702200000| Untracked 
|   9|0x0000000702400000, 0x0000000702600000, 0x0000000702600000|100%| O|  |TAMS 0x0000000702600000, 0x0000000702400000| Untracked 
|  10|0x0000000702600000, 0x0000000702800000, 0x0000000702800000|100%| O|  |TAMS 0x0000000702800000, 0x0000000702600000| Untracked 
|  11|0x0000000702800000, 0x0000000702a00000, 0x0000000702a00000|100%| O|  |TAMS 0x0000000702a00000, 0x0000000702800000| Untracked 
|  12|0x0000000702a00000, 0x0000000702c00000, 0x0000000702c00000|100%| O|  |TAMS 0x0000000702c00000, 0x0000000702a00000| Untracked 
|  13|0x0000000702c00000, 0x0000000702e00000, 0x0000000702e00000|100%| O|  |TAMS 0x0000000702e00000, 0x0000000702c00000| Untracked 
|  14|0x0000000702e00000, 0x0000000703000000, 0x0000000703000000|100%| O|  |TAMS 0x0000000703000000, 0x0000000702e00000| Untracked 
|  15|0x0000000703000000, 0x0000000703200000, 0x0000000703200000|100%| O|  |TAMS 0x0000000703200000, 0x0000000703000000| Untracked 
|  16|0x0000000703200000, 0x0000000703400000, 0x0000000703400000|100%| O|  |TAMS 0x0000000703400000, 0x0000000703200000| Untracked 
|  17|0x0000000703400000, 0x0000000703600000, 0x0000000703600000|100%| O|  |TAMS 0x0000000703600000, 0x0000000703400000| Untracked 
|  18|0x0000000703600000, 0x0000000703800000, 0x0000000703800000|100%| O|  |TAMS 0x0000000703800000, 0x0000000703600000| Untracked 
|  19|0x0000000703800000, 0x0000000703a00000, 0x0000000703a00000|100%| O|  |TAMS 0x0000000703a00000, 0x0000000703800000| Untracked 
|  20|0x0000000703a00000, 0x0000000703c00000, 0x0000000703c00000|100%|HS|  |TAMS 0x0000000703c00000, 0x0000000703a00000| Complete 
|  21|0x0000000703c00000, 0x0000000703e00000, 0x0000000703e00000|100%| O|  |TAMS 0x0000000703e00000, 0x0000000703c00000| Untracked 
|  22|0x0000000703e00000, 0x0000000704000000, 0x0000000704000000|100%| O|  |TAMS 0x0000000704000000, 0x0000000703e00000| Untracked 
|  23|0x0000000704000000, 0x0000000704200000, 0x0000000704200000|100%| O|  |TAMS 0x0000000704200000, 0x0000000704000000| Untracked 
|  24|0x0000000704200000, 0x0000000704400000, 0x0000000704400000|100%| O|  |TAMS 0x0000000704400000, 0x0000000704200000| Untracked 
|  25|0x0000000704400000, 0x0000000704600000, 0x0000000704600000|100%| O|  |TAMS 0x0000000704600000, 0x0000000704400000| Untracked 
|  26|0x0000000704600000, 0x0000000704800000, 0x0000000704800000|100%| O|  |TAMS 0x0000000704800000, 0x0000000704600000| Untracked 
|  27|0x0000000704800000, 0x0000000704a00000, 0x0000000704a00000|100%| O|  |TAMS 0x0000000704a00000, 0x0000000704800000| Untracked 
|  28|0x0000000704a00000, 0x0000000704c00000, 0x0000000704c00000|100%| O|  |TAMS 0x0000000704c00000, 0x0000000704a00000| Untracked 
|  29|0x0000000704c00000, 0x0000000704e00000, 0x0000000704e00000|100%| O|  |TAMS 0x0000000704e00000, 0x0000000704c00000| Untracked 
|  30|0x0000000704e00000, 0x0000000705000000, 0x0000000705000000|100%| O|  |TAMS 0x0000000705000000, 0x0000000704e00000| Updating 
|  31|0x0000000705000000, 0x0000000705200000, 0x0000000705200000|100%| O|  |TAMS 0x0000000705200000, 0x0000000705000000| Updating 
|  32|0x0000000705200000, 0x0000000705400000, 0x0000000705400000|100%| O|  |TAMS 0x0000000705400000, 0x0000000705200000| Untracked 
|  33|0x0000000705400000, 0x0000000705600000, 0x0000000705600000|100%| O|  |TAMS 0x0000000705600000, 0x0000000705400000| Updating 
|  34|0x0000000705600000, 0x0000000705800000, 0x0000000705800000|100%| O|  |TAMS 0x0000000705800000, 0x0000000705600000| Untracked 
|  35|0x0000000705800000, 0x0000000705a00000, 0x0000000705a00000|100%| O|  |TAMS 0x0000000705a00000, 0x0000000705800000| Untracked 
|  36|0x0000000705a00000, 0x0000000705c00000, 0x0000000705c00000|100%| O|  |TAMS 0x0000000705c00000, 0x0000000705a00000| Untracked 
|  37|0x0000000705c00000, 0x0000000705e00000, 0x0000000705e00000|100%| O|  |TAMS 0x0000000705e00000, 0x0000000705c00000| Untracked 
|  38|0x0000000705e00000, 0x0000000706000000, 0x0000000706000000|100%| O|  |TAMS 0x0000000706000000, 0x0000000705e00000| Untracked 
|  39|0x0000000706000000, 0x0000000706200000, 0x0000000706200000|100%| O|  |TAMS 0x0000000706200000, 0x0000000706000000| Untracked 
|  40|0x0000000706200000, 0x0000000706400000, 0x0000000706400000|100%| O|  |TAMS 0x0000000706400000, 0x0000000706200000| Untracked 
|  41|0x0000000706400000, 0x0000000706600000, 0x0000000706600000|100%| O|  |TAMS 0x0000000706600000, 0x0000000706400000| Untracked 
|  42|0x0000000706600000, 0x0000000706800000, 0x0000000706800000|100%| O|  |TAMS 0x0000000706800000, 0x0000000706600000| Untracked 
|  43|0x0000000706800000, 0x0000000706a00000, 0x0000000706a00000|100%| O|  |TAMS 0x0000000706a00000, 0x0000000706800000| Untracked 
|  44|0x0000000706a00000, 0x0000000706c00000, 0x0000000706c00000|100%| O|  |TAMS 0x0000000706c00000, 0x0000000706a00000| Untracked 
|  45|0x0000000706c00000, 0x0000000706e00000, 0x0000000706e00000|100%| O|  |TAMS 0x0000000706e00000, 0x0000000706c00000| Untracked 
|  46|0x0000000706e00000, 0x0000000707000000, 0x0000000707000000|100%| O|  |TAMS 0x0000000707000000, 0x0000000706e00000| Untracked 
|  47|0x0000000707000000, 0x0000000707200000, 0x0000000707200000|100%| O|  |TAMS 0x0000000707200000, 0x0000000707000000| Updating 
|  48|0x0000000707200000, 0x0000000707400000, 0x0000000707400000|100%| O|  |TAMS 0x0000000707400000, 0x0000000707200000| Untracked 
|  49|0x0000000707400000, 0x0000000707600000, 0x0000000707600000|100%| O|  |TAMS 0x0000000707600000, 0x0000000707400000| Untracked 
|  50|0x0000000707600000, 0x0000000707800000, 0x0000000707800000|100%| O|  |TAMS 0x0000000707800000, 0x0000000707600000| Untracked 
|  51|0x0000000707800000, 0x0000000707a00000, 0x0000000707a00000|100%| O|  |TAMS 0x0000000707a00000, 0x0000000707800000| Untracked 
|  52|0x0000000707a00000, 0x0000000707c00000, 0x0000000707c00000|100%| O|  |TAMS 0x0000000707c00000, 0x0000000707a00000| Untracked 
|  53|0x0000000707c00000, 0x0000000707e00000, 0x0000000707e00000|100%| O|  |TAMS 0x0000000707e00000, 0x0000000707c00000| Untracked 
|  54|0x0000000707e00000, 0x0000000708000000, 0x0000000708000000|100%| O|  |TAMS 0x0000000708000000, 0x0000000707e00000| Untracked 
|  55|0x0000000708000000, 0x0000000708200000, 0x0000000708200000|100%| O|  |TAMS 0x0000000708200000, 0x0000000708000000| Untracked 
|  56|0x0000000708200000, 0x0000000708400000, 0x0000000708400000|100%| O|  |TAMS 0x0000000708400000, 0x0000000708200000| Updating 
|  57|0x0000000708400000, 0x0000000708600000, 0x0000000708600000|100%| O|  |TAMS 0x0000000708600000, 0x0000000708400000| Untracked 
|  58|0x0000000708600000, 0x0000000708800000, 0x0000000708800000|100%| O|  |TAMS 0x0000000708800000, 0x0000000708600000| Untracked 
|  59|0x0000000708800000, 0x0000000708a00000, 0x0000000708a00000|100%| O|  |TAMS 0x0000000708a00000, 0x0000000708800000| Untracked 
|  60|0x0000000708a00000, 0x0000000708c00000, 0x0000000708c00000|100%| O|  |TAMS 0x0000000708c00000, 0x0000000708a00000| Untracked 
|  61|0x0000000708c00000, 0x0000000708e00000, 0x0000000708e00000|100%| O|  |TAMS 0x0000000708e00000, 0x0000000708c00000| Untracked 
|  62|0x0000000708e00000, 0x0000000709000000, 0x0000000709000000|100%| O|  |TAMS 0x0000000709000000, 0x0000000708e00000| Updating 
|  63|0x0000000709000000, 0x0000000709200000, 0x0000000709200000|100%| O|  |TAMS 0x0000000709200000, 0x0000000709000000| Untracked 
|  64|0x0000000709200000, 0x0000000709400000, 0x0000000709400000|100%| O|  |TAMS 0x0000000709400000, 0x0000000709200000| Untracked 
|  65|0x0000000709400000, 0x0000000709600000, 0x0000000709600000|100%| O|  |TAMS 0x0000000709600000, 0x0000000709400000| Untracked 
|  66|0x0000000709600000, 0x0000000709800000, 0x0000000709800000|100%| O|  |TAMS 0x0000000709800000, 0x0000000709600000| Updating 
|  67|0x0000000709800000, 0x0000000709a00000, 0x0000000709a00000|100%| O|  |TAMS 0x0000000709a00000, 0x0000000709800000| Untracked 
|  68|0x0000000709a00000, 0x0000000709c00000, 0x0000000709c00000|100%| O|  |TAMS 0x0000000709c00000, 0x0000000709a00000| Untracked 
|  69|0x0000000709c00000, 0x0000000709e00000, 0x0000000709e00000|100%| O|  |TAMS 0x0000000709e00000, 0x0000000709c00000| Untracked 
|  70|0x0000000709e00000, 0x000000070a000000, 0x000000070a000000|100%| O|  |TAMS 0x000000070a000000, 0x0000000709e00000| Untracked 
|  71|0x000000070a000000, 0x000000070a200000, 0x000000070a200000|100%|HS|  |TAMS 0x000000070a200000, 0x000000070a000000| Complete 
|  72|0x000000070a200000, 0x000000070a400000, 0x000000070a400000|100%|HC|  |TAMS 0x000000070a400000, 0x000000070a200000| Complete 
|  73|0x000000070a400000, 0x000000070a600000, 0x000000070a600000|100%|HC|  |TAMS 0x000000070a600000, 0x000000070a400000| Complete 
|  74|0x000000070a600000, 0x000000070a800000, 0x000000070a800000|100%|HC|  |TAMS 0x000000070a800000, 0x000000070a600000| Complete 
|  75|0x000000070a800000, 0x000000070aa00000, 0x000000070aa00000|100%|HC|  |TAMS 0x000000070aa00000, 0x000000070a800000| Complete 
|  76|0x000000070aa00000, 0x000000070ac00000, 0x000000070ac00000|100%| O|  |TAMS 0x000000070ac00000, 0x000000070aa00000| Untracked 
|  77|0x000000070ac00000, 0x000000070ae00000, 0x000000070ae00000|100%| O|  |TAMS 0x000000070ae00000, 0x000000070ac00000| Untracked 
|  78|0x000000070ae00000, 0x000000070b000000, 0x000000070b000000|100%| O|  |TAMS 0x000000070b000000, 0x000000070ae00000| Untracked 
|  79|0x000000070b000000, 0x000000070b200000, 0x000000070b200000|100%| O|  |TAMS 0x000000070b200000, 0x000000070b000000| Untracked 
|  80|0x000000070b200000, 0x000000070b400000, 0x000000070b400000|100%| O|  |TAMS 0x000000070b400000, 0x000000070b200000| Untracked 
|  81|0x000000070b400000, 0x000000070b600000, 0x000000070b600000|100%| O|  |TAMS 0x000000070b600000, 0x000000070b400000| Untracked 
|  82|0x000000070b600000, 0x000000070b800000, 0x000000070b800000|100%| O|  |TAMS 0x000000070b800000, 0x000000070b600000| Untracked 
|  83|0x000000070b800000, 0x000000070ba00000, 0x000000070ba00000|100%| O|  |TAMS 0x000000070ba00000, 0x000000070b800000| Untracked 
|  84|0x000000070ba00000, 0x000000070bc00000, 0x000000070bc00000|100%| O|  |TAMS 0x000000070bc00000, 0x000000070ba00000| Untracked 
|  85|0x000000070bc00000, 0x000000070be00000, 0x000000070be00000|100%| O|  |TAMS 0x000000070be00000, 0x000000070bc00000| Untracked 
|  86|0x000000070be00000, 0x000000070c000000, 0x000000070c000000|100%| O|  |TAMS 0x000000070c000000, 0x000000070be00000| Untracked 
|  87|0x000000070c000000, 0x000000070c200000, 0x000000070c200000|100%| O|  |TAMS 0x000000070c200000, 0x000000070c000000| Updating 
|  88|0x000000070c200000, 0x000000070c400000, 0x000000070c400000|100%| O|  |TAMS 0x000000070c400000, 0x000000070c200000| Updating 
|  89|0x000000070c400000, 0x000000070c600000, 0x000000070c600000|100%| O|  |TAMS 0x000000070c600000, 0x000000070c400000| Untracked 
|  90|0x000000070c600000, 0x000000070c800000, 0x000000070c800000|100%| O|  |TAMS 0x000000070c800000, 0x000000070c600000| Untracked 
|  91|0x000000070c800000, 0x000000070ca00000, 0x000000070ca00000|100%| O|  |TAMS 0x000000070ca00000, 0x000000070c800000| Updating 
|  92|0x000000070ca00000, 0x000000070cc00000, 0x000000070cc00000|100%| O|  |TAMS 0x000000070cc00000, 0x000000070ca00000| Updating 
|  93|0x000000070cc00000, 0x000000070ce00000, 0x000000070ce00000|100%| O|  |TAMS 0x000000070ce00000, 0x000000070cc00000| Untracked 
|  94|0x000000070ce00000, 0x000000070d000000, 0x000000070d000000|100%| O|  |TAMS 0x000000070d000000, 0x000000070ce00000| Untracked 
|  95|0x000000070d000000, 0x000000070d200000, 0x000000070d200000|100%| O|  |TAMS 0x000000070d200000, 0x000000070d000000| Untracked 
|  96|0x000000070d200000, 0x000000070d400000, 0x000000070d400000|100%| O|  |TAMS 0x000000070d400000, 0x000000070d200000| Untracked 
|  97|0x000000070d400000, 0x000000070d600000, 0x000000070d600000|100%| O|  |TAMS 0x000000070d600000, 0x000000070d400000| Untracked 
|  98|0x000000070d600000, 0x000000070d800000, 0x000000070d800000|100%| O|  |TAMS 0x000000070d800000, 0x000000070d600000| Untracked 
|  99|0x000000070d800000, 0x000000070da00000, 0x000000070da00000|100%| O|  |TAMS 0x000000070da00000, 0x000000070d800000| Untracked 
| 100|0x000000070da00000, 0x000000070dc00000, 0x000000070dc00000|100%| O|  |TAMS 0x000000070dc00000, 0x000000070da00000| Updating 
| 101|0x000000070dc00000, 0x000000070de00000, 0x000000070de00000|100%| O|  |TAMS 0x000000070de00000, 0x000000070dc00000| Untracked 
| 102|0x000000070de00000, 0x000000070e000000, 0x000000070e000000|100%| O|  |TAMS 0x000000070e000000, 0x000000070de00000| Untracked 
| 103|0x000000070e000000, 0x000000070e200000, 0x000000070e200000|100%| O|  |TAMS 0x000000070e200000, 0x000000070e000000| Untracked 
| 104|0x000000070e200000, 0x000000070e400000, 0x000000070e400000|100%| O|  |TAMS 0x000000070e400000, 0x000000070e200000| Untracked 
| 105|0x000000070e400000, 0x000000070e600000, 0x000000070e600000|100%| O|  |TAMS 0x000000070e600000, 0x000000070e400000| Updating 
| 106|0x000000070e600000, 0x000000070e800000, 0x000000070e800000|100%| O|  |TAMS 0x000000070e800000, 0x000000070e600000| Untracked 
| 107|0x000000070e800000, 0x000000070ea00000, 0x000000070ea00000|100%| O|  |TAMS 0x000000070ea00000, 0x000000070e800000| Untracked 
| 108|0x000000070ea00000, 0x000000070ec00000, 0x000000070ec00000|100%| O|  |TAMS 0x000000070ec00000, 0x000000070ea00000| Untracked 
| 109|0x000000070ec00000, 0x000000070ee00000, 0x000000070ee00000|100%| O|  |TAMS 0x000000070ee00000, 0x000000070ec00000| Untracked 
| 110|0x000000070ee00000, 0x000000070f000000, 0x000000070f000000|100%| O|  |TAMS 0x000000070f000000, 0x000000070ee00000| Untracked 
| 111|0x000000070f000000, 0x000000070f200000, 0x000000070f200000|100%| O|  |TAMS 0x000000070f200000, 0x000000070f000000| Untracked 
| 112|0x000000070f200000, 0x000000070f400000, 0x000000070f400000|100%| O|  |TAMS 0x000000070f400000, 0x000000070f200000| Untracked 
| 113|0x000000070f400000, 0x000000070f600000, 0x000000070f600000|100%| O|  |TAMS 0x000000070f600000, 0x000000070f400000| Untracked 
| 114|0x000000070f600000, 0x000000070f800000, 0x000000070f800000|100%| O|  |TAMS 0x000000070f800000, 0x000000070f600000| Untracked 
| 115|0x000000070f800000, 0x000000070fa00000, 0x000000070fa00000|100%| O|  |TAMS 0x000000070fa00000, 0x000000070f800000| Untracked 
| 116|0x000000070fa00000, 0x000000070fc00000, 0x000000070fc00000|100%| O|  |TAMS 0x000000070fc00000, 0x000000070fa00000| Updating 
| 117|0x000000070fc00000, 0x000000070fe00000, 0x000000070fe00000|100%| O|  |TAMS 0x000000070fe00000, 0x000000070fc00000| Untracked 
| 118|0x000000070fe00000, 0x0000000710000000, 0x0000000710000000|100%| O|  |TAMS 0x0000000710000000, 0x000000070fe00000| Untracked 
| 119|0x0000000710000000, 0x0000000710200000, 0x0000000710200000|100%| O|  |TAMS 0x0000000710200000, 0x0000000710000000| Untracked 
| 120|0x0000000710200000, 0x0000000710400000, 0x0000000710400000|100%| O|  |TAMS 0x0000000710400000, 0x0000000710200000| Untracked 
| 121|0x0000000710400000, 0x0000000710600000, 0x0000000710600000|100%| O|  |TAMS 0x0000000710600000, 0x0000000710400000| Untracked 
| 122|0x0000000710600000, 0x0000000710800000, 0x0000000710800000|100%| O|  |TAMS 0x0000000710800000, 0x0000000710600000| Untracked 
| 123|0x0000000710800000, 0x0000000710a00000, 0x0000000710a00000|100%| O|  |TAMS 0x0000000710a00000, 0x0000000710800000| Untracked 
| 124|0x0000000710a00000, 0x0000000710c00000, 0x0000000710c00000|100%| O|  |TAMS 0x0000000710c00000, 0x0000000710a00000| Untracked 
| 125|0x0000000710c00000, 0x0000000710e00000, 0x0000000710e00000|100%| O|  |TAMS 0x0000000710e00000, 0x0000000710c00000| Untracked 
| 126|0x0000000710e00000, 0x0000000711000000, 0x0000000711000000|100%| O|  |TAMS 0x0000000711000000, 0x0000000710e00000| Untracked 
| 127|0x0000000711000000, 0x0000000711200000, 0x0000000711200000|100%| O|  |TAMS 0x0000000711200000, 0x0000000711000000| Untracked 
| 128|0x0000000711200000, 0x0000000711400000, 0x0000000711400000|100%| O|  |TAMS 0x0000000711400000, 0x0000000711200000| Untracked 
| 129|0x0000000711400000, 0x0000000711600000, 0x0000000711600000|100%| O|  |TAMS 0x0000000711600000, 0x0000000711400000| Untracked 
| 130|0x0000000711600000, 0x0000000711800000, 0x0000000711800000|100%| O|  |TAMS 0x0000000711800000, 0x0000000711600000| Updating 
| 131|0x0000000711800000, 0x0000000711a00000, 0x0000000711a00000|100%| O|  |TAMS 0x0000000711a00000, 0x0000000711800000| Untracked 
| 132|0x0000000711a00000, 0x0000000711c00000, 0x0000000711c00000|100%| O|  |TAMS 0x0000000711c00000, 0x0000000711a00000| Untracked 
| 133|0x0000000711c00000, 0x0000000711e00000, 0x0000000711e00000|100%| O|  |TAMS 0x0000000711e00000, 0x0000000711c00000| Untracked 
| 134|0x0000000711e00000, 0x0000000712000000, 0x0000000712000000|100%| O|  |TAMS 0x0000000712000000, 0x0000000711e00000| Updating 
| 135|0x0000000712000000, 0x0000000712200000, 0x0000000712200000|100%| O|  |TAMS 0x0000000712200000, 0x0000000712000000| Untracked 
| 136|0x0000000712200000, 0x0000000712400000, 0x0000000712400000|100%| O|  |TAMS 0x0000000712400000, 0x0000000712200000| Untracked 
| 137|0x0000000712400000, 0x0000000712600000, 0x0000000712600000|100%| O|  |TAMS 0x0000000712600000, 0x0000000712400000| Untracked 
| 138|0x0000000712600000, 0x0000000712800000, 0x0000000712800000|100%| O|  |TAMS 0x0000000712800000, 0x0000000712600000| Untracked 
| 139|0x0000000712800000, 0x0000000712a00000, 0x0000000712a00000|100%| O|  |TAMS 0x0000000712a00000, 0x0000000712800000| Untracked 
| 140|0x0000000712a00000, 0x0000000712c00000, 0x0000000712c00000|100%| O|  |TAMS 0x0000000712c00000, 0x0000000712a00000| Untracked 
| 141|0x0000000712c00000, 0x0000000712e00000, 0x0000000712e00000|100%| O|  |TAMS 0x0000000712e00000, 0x0000000712c00000| Untracked 
| 142|0x0000000712e00000, 0x0000000713000000, 0x0000000713000000|100%| O|  |TAMS 0x0000000713000000, 0x0000000712e00000| Untracked 
| 143|0x0000000713000000, 0x0000000713200000, 0x0000000713200000|100%| O|  |TAMS 0x0000000713200000, 0x0000000713000000| Untracked 
| 144|0x0000000713200000, 0x0000000713400000, 0x0000000713400000|100%| O|  |TAMS 0x0000000713400000, 0x0000000713200000| Untracked 
| 145|0x0000000713400000, 0x0000000713600000, 0x0000000713600000|100%| O|  |TAMS 0x0000000713600000, 0x0000000713400000| Untracked 
| 146|0x0000000713600000, 0x0000000713800000, 0x0000000713800000|100%| O|  |TAMS 0x0000000713800000, 0x0000000713600000| Untracked 
| 147|0x0000000713800000, 0x0000000713a00000, 0x0000000713a00000|100%| O|  |TAMS 0x0000000713a00000, 0x0000000713800000| Untracked 
| 148|0x0000000713a00000, 0x0000000713c00000, 0x0000000713c00000|100%| O|  |TAMS 0x0000000713c00000, 0x0000000713a00000| Untracked 
| 149|0x0000000713c00000, 0x0000000713e00000, 0x0000000713e00000|100%| O|  |TAMS 0x0000000713e00000, 0x0000000713c00000| Untracked 
| 150|0x0000000713e00000, 0x0000000714000000, 0x0000000714000000|100%| O|  |TAMS 0x0000000714000000, 0x0000000713e00000| Untracked 
| 151|0x0000000714000000, 0x0000000714200000, 0x0000000714200000|100%| O|  |TAMS 0x000000071400bc00, 0x0000000714000000| Untracked 
| 152|0x0000000714200000, 0x0000000714400000, 0x0000000714400000|100%| O|  |TAMS 0x0000000714200000, 0x0000000714200000| Untracked 
| 153|0x0000000714400000, 0x0000000714600000, 0x0000000714600000|100%| O|  |TAMS 0x0000000714400000, 0x0000000714400000| Untracked 
| 154|0x0000000714600000, 0x0000000714800000, 0x0000000714800000|100%| O|  |TAMS 0x0000000714600000, 0x0000000714600000| Untracked 
| 155|0x0000000714800000, 0x0000000714a00000, 0x0000000714a00000|100%| O|  |TAMS 0x0000000714800000, 0x0000000714800000| Untracked 
| 156|0x0000000714a00000, 0x0000000714c00000, 0x0000000714c00000|100%| O|  |TAMS 0x0000000714a00000, 0x0000000714a00000| Untracked 
| 157|0x0000000714c00000, 0x0000000714e00000, 0x0000000714e00000|100%| O|  |TAMS 0x0000000714c00000, 0x0000000714c00000| Untracked 
| 158|0x0000000714e00000, 0x0000000715000000, 0x0000000715000000|100%| O|  |TAMS 0x0000000714e00000, 0x0000000714e00000| Untracked 
| 159|0x0000000715000000, 0x0000000715200000, 0x0000000715200000|100%| O|  |TAMS 0x0000000715000000, 0x0000000715000000| Untracked 
| 160|0x0000000715200000, 0x0000000715400000, 0x0000000715400000|100%| O|  |TAMS 0x0000000715200000, 0x0000000715200000| Untracked 
| 161|0x0000000715400000, 0x0000000715600000, 0x0000000715600000|100%| O|  |TAMS 0x0000000715400000, 0x0000000715400000| Untracked 
| 162|0x0000000715600000, 0x0000000715800000, 0x0000000715800000|100%| O|  |TAMS 0x0000000715600000, 0x0000000715600000| Untracked 
| 163|0x0000000715800000, 0x0000000715a00000, 0x0000000715a00000|100%| O|  |TAMS 0x0000000715800000, 0x0000000715800000| Untracked 
| 164|0x0000000715a00000, 0x0000000715c00000, 0x0000000715c00000|100%| O|  |TAMS 0x0000000715a00000, 0x0000000715a00000| Untracked 
| 165|0x0000000715c00000, 0x0000000715e00000, 0x0000000715e00000|100%| O|  |TAMS 0x0000000715c00000, 0x0000000715c00000| Untracked 
| 166|0x0000000715e00000, 0x0000000716000000, 0x0000000716000000|100%| O|  |TAMS 0x0000000715e00000, 0x0000000715e00000| Untracked 
| 167|0x0000000716000000, 0x0000000716200000, 0x0000000716200000|100%| O|  |TAMS 0x0000000716000000, 0x0000000716000000| Untracked 
| 168|0x0000000716200000, 0x0000000716400000, 0x0000000716400000|100%| O|  |TAMS 0x0000000716200000, 0x0000000716200000| Untracked 
| 169|0x0000000716400000, 0x0000000716600000, 0x0000000716600000|100%| O|  |TAMS 0x0000000716400000, 0x0000000716400000| Untracked 
| 170|0x0000000716600000, 0x0000000716800000, 0x0000000716800000|100%| O|  |TAMS 0x0000000716600000, 0x0000000716600000| Untracked 
| 171|0x0000000716800000, 0x0000000716a00000, 0x0000000716a00000|100%| O|  |TAMS 0x0000000716800000, 0x0000000716800000| Untracked 
| 172|0x0000000716a00000, 0x0000000716c00000, 0x0000000716c00000|100%| O|  |TAMS 0x0000000716a00000, 0x0000000716a00000| Untracked 
| 173|0x0000000716c00000, 0x0000000716e00000, 0x0000000716e00000|100%| O|  |TAMS 0x0000000716c00000, 0x0000000716c00000| Untracked 
| 174|0x0000000716e00000, 0x0000000716e00000, 0x0000000717000000|  0%| F|  |TAMS 0x0000000716e00000, 0x0000000716e00000| Untracked 
| 175|0x0000000717000000, 0x0000000717000000, 0x0000000717200000|  0%| F|  |TAMS 0x0000000717000000, 0x0000000717000000| Untracked 
| 176|0x0000000717200000, 0x0000000717400000, 0x0000000717400000|100%| O|  |TAMS 0x0000000717200000, 0x0000000717200000| Untracked 
| 177|0x0000000717400000, 0x0000000717600000, 0x0000000717600000|100%| O|  |TAMS 0x0000000717400000, 0x0000000717400000| Untracked 
| 178|0x0000000717600000, 0x0000000717800000, 0x0000000717800000|100%| O|  |TAMS 0x0000000717600000, 0x0000000717600000| Untracked 
| 179|0x0000000717800000, 0x00000007179fbc00, 0x0000000717a00000| 99%| O|  |TAMS 0x0000000717800000, 0x0000000717800000| Untracked 
| 180|0x0000000717a00000, 0x0000000717a00000, 0x0000000717c00000|  0%| F|  |TAMS 0x0000000717a00000, 0x0000000717a00000| Untracked 
| 181|0x0000000717c00000, 0x0000000717c00000, 0x0000000717e00000|  0%| F|  |TAMS 0x0000000717c00000, 0x0000000717c00000| Untracked 
| 182|0x0000000717e00000, 0x0000000717e00000, 0x0000000718000000|  0%| F|  |TAMS 0x0000000717e00000, 0x0000000717e00000| Untracked 
| 183|0x0000000718000000, 0x0000000718000000, 0x0000000718200000|  0%| F|  |TAMS 0x0000000718000000, 0x0000000718000000| Untracked 
| 184|0x0000000718200000, 0x0000000718200000, 0x0000000718400000|  0%| F|  |TAMS 0x0000000718200000, 0x0000000718200000| Untracked 
| 185|0x0000000718400000, 0x0000000718400000, 0x0000000718600000|  0%| F|  |TAMS 0x0000000718400000, 0x0000000718400000| Untracked 
| 186|0x0000000718600000, 0x0000000718600000, 0x0000000718800000|  0%| F|  |TAMS 0x0000000718600000, 0x0000000718600000| Untracked 
| 187|0x0000000718800000, 0x0000000718800000, 0x0000000718a00000|  0%| F|  |TAMS 0x0000000718800000, 0x0000000718800000| Untracked 
| 188|0x0000000718a00000, 0x0000000718a00000, 0x0000000718c00000|  0%| F|  |TAMS 0x0000000718a00000, 0x0000000718a00000| Untracked 
| 189|0x0000000718c00000, 0x0000000718c00000, 0x0000000718e00000|  0%| F|  |TAMS 0x0000000718c00000, 0x0000000718c00000| Untracked 
| 190|0x0000000718e00000, 0x0000000718e00000, 0x0000000719000000|  0%| F|  |TAMS 0x0000000718e00000, 0x0000000718e00000| Untracked 
| 191|0x0000000719000000, 0x0000000719000000, 0x0000000719200000|  0%| F|  |TAMS 0x0000000719000000, 0x0000000719000000| Untracked 
| 192|0x0000000719200000, 0x0000000719200000, 0x0000000719400000|  0%| F|  |TAMS 0x0000000719200000, 0x0000000719200000| Untracked 
| 193|0x0000000719400000, 0x0000000719400000, 0x0000000719600000|  0%| F|  |TAMS 0x0000000719400000, 0x0000000719400000| Untracked 
| 194|0x0000000719600000, 0x0000000719600000, 0x0000000719800000|  0%| F|  |TAMS 0x0000000719600000, 0x0000000719600000| Untracked 
| 195|0x0000000719800000, 0x0000000719800000, 0x0000000719a00000|  0%| F|  |TAMS 0x0000000719800000, 0x0000000719800000| Untracked 
| 196|0x0000000719a00000, 0x0000000719a00000, 0x0000000719c00000|  0%| F|  |TAMS 0x0000000719a00000, 0x0000000719a00000| Untracked 
| 197|0x0000000719c00000, 0x0000000719c00000, 0x0000000719e00000|  0%| F|  |TAMS 0x0000000719c00000, 0x0000000719c00000| Untracked 
| 198|0x0000000719e00000, 0x0000000719e00000, 0x000000071a000000|  0%| F|  |TAMS 0x0000000719e00000, 0x0000000719e00000| Untracked 
| 199|0x000000071a000000, 0x000000071a000000, 0x000000071a200000|  0%| F|  |TAMS 0x000000071a000000, 0x000000071a000000| Untracked 
| 200|0x000000071a200000, 0x000000071a200000, 0x000000071a400000|  0%| F|  |TAMS 0x000000071a200000, 0x000000071a200000| Untracked 
| 201|0x000000071a400000, 0x000000071a400000, 0x000000071a600000|  0%| F|  |TAMS 0x000000071a400000, 0x000000071a400000| Untracked 
| 202|0x000000071a600000, 0x000000071a600000, 0x000000071a800000|  0%| F|  |TAMS 0x000000071a600000, 0x000000071a600000| Untracked 
| 203|0x000000071a800000, 0x000000071a800000, 0x000000071aa00000|  0%| F|  |TAMS 0x000000071a800000, 0x000000071a800000| Untracked 
| 204|0x000000071aa00000, 0x000000071aa00000, 0x000000071ac00000|  0%| F|  |TAMS 0x000000071aa00000, 0x000000071aa00000| Untracked 
| 205|0x000000071ac00000, 0x000000071ac00000, 0x000000071ae00000|  0%| F|  |TAMS 0x000000071ac00000, 0x000000071ac00000| Untracked 
| 206|0x000000071ae00000, 0x000000071ae00000, 0x000000071b000000|  0%| F|  |TAMS 0x000000071ae00000, 0x000000071ae00000| Untracked 
| 207|0x000000071b000000, 0x000000071b000000, 0x000000071b200000|  0%| F|  |TAMS 0x000000071b000000, 0x000000071b000000| Untracked 
| 208|0x000000071b200000, 0x000000071b200000, 0x000000071b400000|  0%| F|  |TAMS 0x000000071b200000, 0x000000071b200000| Untracked 
| 209|0x000000071b400000, 0x000000071b400000, 0x000000071b600000|  0%| F|  |TAMS 0x000000071b400000, 0x000000071b400000| Untracked 
| 210|0x000000071b600000, 0x000000071b600000, 0x000000071b800000|  0%| F|  |TAMS 0x000000071b600000, 0x000000071b600000| Untracked 
| 211|0x000000071b800000, 0x000000071b800000, 0x000000071ba00000|  0%| F|  |TAMS 0x000000071b800000, 0x000000071b800000| Untracked 
| 212|0x000000071ba00000, 0x000000071ba00000, 0x000000071bc00000|  0%| F|  |TAMS 0x000000071ba00000, 0x000000071ba00000| Untracked 
| 213|0x000000071bc00000, 0x000000071bc00000, 0x000000071be00000|  0%| F|  |TAMS 0x000000071bc00000, 0x000000071bc00000| Untracked 
| 214|0x000000071be00000, 0x000000071be00000, 0x000000071c000000|  0%| F|  |TAMS 0x000000071be00000, 0x000000071be00000| Untracked 
| 215|0x000000071c000000, 0x000000071c000000, 0x000000071c200000|  0%| F|  |TAMS 0x000000071c000000, 0x000000071c000000| Untracked 
| 216|0x000000071c200000, 0x000000071c400000, 0x000000071c400000|100%| S|CS|TAMS 0x000000071c200000, 0x000000071c200000| Complete 
| 217|0x000000071c400000, 0x000000071c600000, 0x000000071c600000|100%| S|CS|TAMS 0x000000071c400000, 0x000000071c400000| Complete 
| 218|0x000000071c600000, 0x000000071c800000, 0x000000071c800000|100%| S|CS|TAMS 0x000000071c600000, 0x000000071c600000| Complete 
| 219|0x000000071c800000, 0x000000071ca00000, 0x000000071ca00000|100%| S|CS|TAMS 0x000000071c800000, 0x000000071c800000| Complete 
| 220|0x000000071ca00000, 0x000000071cc00000, 0x000000071cc00000|100%| S|CS|TAMS 0x000000071ca00000, 0x000000071ca00000| Complete 
| 221|0x000000071cc00000, 0x000000071ce00000, 0x000000071ce00000|100%| S|CS|TAMS 0x000000071cc00000, 0x000000071cc00000| Complete 
| 222|0x000000071ce00000, 0x000000071d000000, 0x000000071d000000|100%| S|CS|TAMS 0x000000071ce00000, 0x000000071ce00000| Complete 
| 223|0x000000071d000000, 0x000000071d200000, 0x000000071d200000|100%| S|CS|TAMS 0x000000071d000000, 0x000000071d000000| Complete 
| 224|0x000000071d200000, 0x000000071d400000, 0x000000071d400000|100%| S|CS|TAMS 0x000000071d200000, 0x000000071d200000| Complete 
| 225|0x000000071d400000, 0x000000071d600000, 0x000000071d600000|100%| S|CS|TAMS 0x000000071d400000, 0x000000071d400000| Complete 
| 226|0x000000071d600000, 0x000000071d800000, 0x000000071d800000|100%| S|CS|TAMS 0x000000071d600000, 0x000000071d600000| Complete 
| 227|0x000000071d800000, 0x000000071da00000, 0x000000071da00000|100%| S|CS|TAMS 0x000000071d800000, 0x000000071d800000| Complete 
| 228|0x000000071da00000, 0x000000071dc00000, 0x000000071dc00000|100%| S|CS|TAMS 0x000000071da00000, 0x000000071da00000| Complete 
| 229|0x000000071dc00000, 0x000000071dc00000, 0x000000071de00000|  0%| F|  |TAMS 0x000000071dc00000, 0x000000071dc00000| Untracked 
| 230|0x000000071de00000, 0x000000071de00000, 0x000000071e000000|  0%| F|  |TAMS 0x000000071de00000, 0x000000071de00000| Untracked 
| 231|0x000000071e000000, 0x000000071e000000, 0x000000071e200000|  0%| F|  |TAMS 0x000000071e000000, 0x000000071e000000| Untracked 
| 232|0x000000071e200000, 0x000000071e200000, 0x000000071e400000|  0%| F|  |TAMS 0x000000071e200000, 0x000000071e200000| Untracked 
| 233|0x000000071e400000, 0x000000071e400000, 0x000000071e600000|  0%| F|  |TAMS 0x000000071e400000, 0x000000071e400000| Untracked 
| 234|0x000000071e600000, 0x000000071e600000, 0x000000071e800000|  0%| F|  |TAMS 0x000000071e600000, 0x000000071e600000| Untracked 
| 235|0x000000071e800000, 0x000000071e800000, 0x000000071ea00000|  0%| F|  |TAMS 0x000000071e800000, 0x000000071e800000| Untracked 
| 236|0x000000071ea00000, 0x000000071ea00000, 0x000000071ec00000|  0%| F|  |TAMS 0x000000071ea00000, 0x000000071ea00000| Untracked 
| 237|0x000000071ec00000, 0x000000071ec00000, 0x000000071ee00000|  0%| F|  |TAMS 0x000000071ec00000, 0x000000071ec00000| Untracked 
| 238|0x000000071ee00000, 0x000000071ee00000, 0x000000071f000000|  0%| F|  |TAMS 0x000000071ee00000, 0x000000071ee00000| Untracked 
| 239|0x000000071f000000, 0x000000071f000000, 0x000000071f200000|  0%| F|  |TAMS 0x000000071f000000, 0x000000071f000000| Untracked 
| 240|0x000000071f200000, 0x000000071f200000, 0x000000071f400000|  0%| F|  |TAMS 0x000000071f200000, 0x000000071f200000| Untracked 
| 241|0x000000071f400000, 0x000000071f400000, 0x000000071f600000|  0%| F|  |TAMS 0x000000071f400000, 0x000000071f400000| Untracked 
| 242|0x000000071f600000, 0x000000071f600000, 0x000000071f800000|  0%| F|  |TAMS 0x000000071f600000, 0x000000071f600000| Untracked 
| 243|0x000000071f800000, 0x000000071f800000, 0x000000071fa00000|  0%| F|  |TAMS 0x000000071f800000, 0x000000071f800000| Untracked 
| 244|0x000000071fa00000, 0x000000071fa00000, 0x000000071fc00000|  0%| F|  |TAMS 0x000000071fa00000, 0x000000071fa00000| Untracked 
| 245|0x000000071fc00000, 0x000000071fc00000, 0x000000071fe00000|  0%| F|  |TAMS 0x000000071fc00000, 0x000000071fc00000| Untracked 
| 246|0x000000071fe00000, 0x000000071fe00000, 0x0000000720000000|  0%| F|  |TAMS 0x000000071fe00000, 0x000000071fe00000| Untracked 
| 247|0x0000000720000000, 0x0000000720000000, 0x0000000720200000|  0%| F|  |TAMS 0x0000000720000000, 0x0000000720000000| Untracked 
| 248|0x0000000720200000, 0x0000000720200000, 0x0000000720400000|  0%| F|  |TAMS 0x0000000720200000, 0x0000000720200000| Untracked 
| 249|0x0000000720400000, 0x0000000720400000, 0x0000000720600000|  0%| F|  |TAMS 0x0000000720400000, 0x0000000720400000| Untracked 
| 250|0x0000000720600000, 0x0000000720600000, 0x0000000720800000|  0%| F|  |TAMS 0x0000000720600000, 0x0000000720600000| Untracked 
| 251|0x0000000720800000, 0x0000000720800000, 0x0000000720a00000|  0%| F|  |TAMS 0x0000000720800000, 0x0000000720800000| Untracked 
| 252|0x0000000720a00000, 0x0000000720a00000, 0x0000000720c00000|  0%| F|  |TAMS 0x0000000720a00000, 0x0000000720a00000| Untracked 
| 253|0x0000000720c00000, 0x0000000720c00000, 0x0000000720e00000|  0%| F|  |TAMS 0x0000000720c00000, 0x0000000720c00000| Untracked 
| 254|0x0000000720e00000, 0x0000000720e00000, 0x0000000721000000|  0%| F|  |TAMS 0x0000000720e00000, 0x0000000720e00000| Untracked 
| 255|0x0000000721000000, 0x0000000721000000, 0x0000000721200000|  0%| F|  |TAMS 0x0000000721000000, 0x0000000721000000| Untracked 
| 256|0x0000000721200000, 0x0000000721200000, 0x0000000721400000|  0%| F|  |TAMS 0x0000000721200000, 0x0000000721200000| Untracked 
| 257|0x0000000721400000, 0x0000000721400000, 0x0000000721600000|  0%| F|  |TAMS 0x0000000721400000, 0x0000000721400000| Untracked 
| 258|0x0000000721600000, 0x0000000721600000, 0x0000000721800000|  0%| F|  |TAMS 0x0000000721600000, 0x0000000721600000| Untracked 
| 259|0x0000000721800000, 0x0000000721800000, 0x0000000721a00000|  0%| F|  |TAMS 0x0000000721800000, 0x0000000721800000| Untracked 
| 260|0x0000000721a00000, 0x0000000721a00000, 0x0000000721c00000|  0%| F|  |TAMS 0x0000000721a00000, 0x0000000721a00000| Untracked 
| 261|0x0000000721c00000, 0x0000000721c00000, 0x0000000721e00000|  0%| F|  |TAMS 0x0000000721c00000, 0x0000000721c00000| Untracked 
| 262|0x0000000721e00000, 0x0000000721e00000, 0x0000000722000000|  0%| F|  |TAMS 0x0000000721e00000, 0x0000000721e00000| Untracked 
| 263|0x0000000722000000, 0x0000000722000000, 0x0000000722200000|  0%| F|  |TAMS 0x0000000722000000, 0x0000000722000000| Untracked 
| 264|0x0000000722200000, 0x0000000722200000, 0x0000000722400000|  0%| F|  |TAMS 0x0000000722200000, 0x0000000722200000| Untracked 
| 265|0x0000000722400000, 0x0000000722400000, 0x0000000722600000|  0%| F|  |TAMS 0x0000000722400000, 0x0000000722400000| Untracked 
| 266|0x0000000722600000, 0x0000000722600000, 0x0000000722800000|  0%| F|  |TAMS 0x0000000722600000, 0x0000000722600000| Untracked 
| 267|0x0000000722800000, 0x0000000722800000, 0x0000000722a00000|  0%| F|  |TAMS 0x0000000722800000, 0x0000000722800000| Untracked 
| 268|0x0000000722a00000, 0x0000000722a00000, 0x0000000722c00000|  0%| F|  |TAMS 0x0000000722a00000, 0x0000000722a00000| Untracked 
| 269|0x0000000722c00000, 0x0000000722c00000, 0x0000000722e00000|  0%| F|  |TAMS 0x0000000722c00000, 0x0000000722c00000| Untracked 
| 270|0x0000000722e00000, 0x0000000722e00000, 0x0000000723000000|  0%| F|  |TAMS 0x0000000722e00000, 0x0000000722e00000| Untracked 
| 271|0x0000000723000000, 0x0000000723000000, 0x0000000723200000|  0%| F|  |TAMS 0x0000000723000000, 0x0000000723000000| Untracked 
| 272|0x0000000723200000, 0x0000000723200000, 0x0000000723400000|  0%| F|  |TAMS 0x0000000723200000, 0x0000000723200000| Untracked 
| 273|0x0000000723400000, 0x0000000723400000, 0x0000000723600000|  0%| F|  |TAMS 0x0000000723400000, 0x0000000723400000| Untracked 
| 274|0x0000000723600000, 0x0000000723600000, 0x0000000723800000|  0%| F|  |TAMS 0x0000000723600000, 0x0000000723600000| Untracked 
| 275|0x0000000723800000, 0x0000000723800000, 0x0000000723a00000|  0%| F|  |TAMS 0x0000000723800000, 0x0000000723800000| Untracked 
| 276|0x0000000723a00000, 0x0000000723a00000, 0x0000000723c00000|  0%| F|  |TAMS 0x0000000723a00000, 0x0000000723a00000| Untracked 
| 277|0x0000000723c00000, 0x0000000723c00000, 0x0000000723e00000|  0%| F|  |TAMS 0x0000000723c00000, 0x0000000723c00000| Untracked 
| 278|0x0000000723e00000, 0x0000000723e00000, 0x0000000724000000|  0%| F|  |TAMS 0x0000000723e00000, 0x0000000723e00000| Untracked 
| 279|0x0000000724000000, 0x0000000724000000, 0x0000000724200000|  0%| F|  |TAMS 0x0000000724000000, 0x0000000724000000| Untracked 
| 280|0x0000000724200000, 0x0000000724200000, 0x0000000724400000|  0%| F|  |TAMS 0x0000000724200000, 0x0000000724200000| Untracked 
| 281|0x0000000724400000, 0x0000000724400000, 0x0000000724600000|  0%| F|  |TAMS 0x0000000724400000, 0x0000000724400000| Untracked 
| 282|0x0000000724600000, 0x0000000724600000, 0x0000000724800000|  0%| F|  |TAMS 0x0000000724600000, 0x0000000724600000| Untracked 
| 283|0x0000000724800000, 0x0000000724800000, 0x0000000724a00000|  0%| F|  |TAMS 0x0000000724800000, 0x0000000724800000| Untracked 
| 284|0x0000000724a00000, 0x0000000724a00000, 0x0000000724c00000|  0%| F|  |TAMS 0x0000000724a00000, 0x0000000724a00000| Untracked 
| 285|0x0000000724c00000, 0x0000000724d01010, 0x0000000724e00000| 50%| E|  |TAMS 0x0000000724c00000, 0x0000000724c00000| Complete 
| 286|0x0000000724e00000, 0x0000000725000000, 0x0000000725000000|100%| E|CS|TAMS 0x0000000724e00000, 0x0000000724e00000| Complete 
| 287|0x0000000725000000, 0x0000000725200000, 0x0000000725200000|100%| E|CS|TAMS 0x0000000725000000, 0x0000000725000000| Complete 
| 288|0x0000000725200000, 0x0000000725400000, 0x0000000725400000|100%| E|CS|TAMS 0x0000000725200000, 0x0000000725200000| Complete 
| 289|0x0000000725400000, 0x0000000725600000, 0x0000000725600000|100%| E|CS|TAMS 0x0000000725400000, 0x0000000725400000| Complete 
| 290|0x0000000725600000, 0x0000000725800000, 0x0000000725800000|100%| E|CS|TAMS 0x0000000725600000, 0x0000000725600000| Complete 
| 291|0x0000000725800000, 0x0000000725a00000, 0x0000000725a00000|100%| E|CS|TAMS 0x0000000725800000, 0x0000000725800000| Complete 
| 292|0x0000000725a00000, 0x0000000725c00000, 0x0000000725c00000|100%| E|CS|TAMS 0x0000000725a00000, 0x0000000725a00000| Complete 
| 293|0x0000000725c00000, 0x0000000725e00000, 0x0000000725e00000|100%| E|CS|TAMS 0x0000000725c00000, 0x0000000725c00000| Complete 
| 294|0x0000000725e00000, 0x0000000726000000, 0x0000000726000000|100%| E|CS|TAMS 0x0000000725e00000, 0x0000000725e00000| Complete 
| 295|0x0000000726000000, 0x0000000726200000, 0x0000000726200000|100%| E|CS|TAMS 0x0000000726000000, 0x0000000726000000| Complete 
| 296|0x0000000726200000, 0x0000000726400000, 0x0000000726400000|100%| E|CS|TAMS 0x0000000726200000, 0x0000000726200000| Complete 
| 297|0x0000000726400000, 0x0000000726600000, 0x0000000726600000|100%| E|CS|TAMS 0x0000000726400000, 0x0000000726400000| Complete 
| 298|0x0000000726600000, 0x0000000726800000, 0x0000000726800000|100%| E|CS|TAMS 0x0000000726600000, 0x0000000726600000| Complete 
| 299|0x0000000726800000, 0x0000000726a00000, 0x0000000726a00000|100%| E|CS|TAMS 0x0000000726800000, 0x0000000726800000| Complete 
| 300|0x0000000726a00000, 0x0000000726c00000, 0x0000000726c00000|100%| E|CS|TAMS 0x0000000726a00000, 0x0000000726a00000| Complete 
| 301|0x0000000726c00000, 0x0000000726e00000, 0x0000000726e00000|100%| E|CS|TAMS 0x0000000726c00000, 0x0000000726c00000| Complete 
| 302|0x0000000726e00000, 0x0000000727000000, 0x0000000727000000|100%| E|CS|TAMS 0x0000000726e00000, 0x0000000726e00000| Complete 
| 303|0x0000000727000000, 0x0000000727200000, 0x0000000727200000|100%| E|CS|TAMS 0x0000000727000000, 0x0000000727000000| Complete 
| 304|0x0000000727200000, 0x0000000727400000, 0x0000000727400000|100%| E|CS|TAMS 0x0000000727200000, 0x0000000727200000| Complete 
| 305|0x0000000727400000, 0x0000000727600000, 0x0000000727600000|100%| E|CS|TAMS 0x0000000727400000, 0x0000000727400000| Complete 
| 306|0x0000000727600000, 0x0000000727800000, 0x0000000727800000|100%| E|CS|TAMS 0x0000000727600000, 0x0000000727600000| Complete 
| 307|0x0000000727800000, 0x0000000727a00000, 0x0000000727a00000|100%| E|CS|TAMS 0x0000000727800000, 0x0000000727800000| Complete 
| 308|0x0000000727a00000, 0x0000000727c00000, 0x0000000727c00000|100%| E|CS|TAMS 0x0000000727a00000, 0x0000000727a00000| Complete 
| 309|0x0000000727c00000, 0x0000000727e00000, 0x0000000727e00000|100%| E|CS|TAMS 0x0000000727c00000, 0x0000000727c00000| Complete 
| 310|0x0000000727e00000, 0x0000000728000000, 0x0000000728000000|100%| E|CS|TAMS 0x0000000727e00000, 0x0000000727e00000| Complete 
| 311|0x0000000728000000, 0x0000000728200000, 0x0000000728200000|100%| E|CS|TAMS 0x0000000728000000, 0x0000000728000000| Complete 
| 312|0x0000000728200000, 0x0000000728400000, 0x0000000728400000|100%| E|CS|TAMS 0x0000000728200000, 0x0000000728200000| Complete 
| 313|0x0000000728400000, 0x0000000728600000, 0x0000000728600000|100%| E|CS|TAMS 0x0000000728400000, 0x0000000728400000| Complete 
| 314|0x0000000728600000, 0x0000000728800000, 0x0000000728800000|100%| E|CS|TAMS 0x0000000728600000, 0x0000000728600000| Complete 

Card table byte_map: [0x0000021b78e20000,0x0000021b79620000] _byte_map_base: 0x0000021b75617000

Marking Bits (Prev, Next): (CMBitMap*) 0x0000021b65e7e570, (CMBitMap*) 0x0000021b65e7e5b0
 Prev Bits: [0x0000021b79e20000, 0x0000021b7ddd8000)
 Next Bits: [0x0000021b00000000, 0x0000021b03fb8000)

Polling page: 0x0000021b63ce0000

Metaspace:

Usage:
  Non-class:     79.53 MB used.
      Class:      9.57 MB used.
       Both:     89.10 MB used.

Virtual space:
  Non-class space:      128.00 MB reserved,      79.75 MB ( 62%) committed,  2 nodes.
      Class space:        1.00 GB reserved,       9.81 MB ( <1%) committed,  1 nodes.
             Both:        1.12 GB reserved,      89.56 MB (  8%) committed. 

Chunk freelists:
   Non-Class:  15.84 MB
       Class:  6.17 MB
        Both:  22.02 MB

MaxMetaspaceSize: unlimited
CompressedClassSpaceSize: 1.00 GB
Initial GC threshold: 21.00 MB
Current GC threshold: 131.56 MB
CDS: off
MetaspaceReclaimPolicy: balanced
 - commit_granule_bytes: 65536.
 - commit_granule_words: 8192.
 - virtual_space_node_default_size: 8388608.
 - enlarge_chunks_in_place: 1.
 - new_chunks_are_fully_committed: 0.
 - uncommit_free_chunks: 1.
 - use_allocation_guard: 0.
 - handle_deallocations: 1.


Internal statistics:

num_allocs_failed_limit: 12.
num_arena_births: 838.
num_arena_deaths: 0.
num_vsnodes_births: 3.
num_vsnodes_deaths: 0.
num_space_committed: 1431.
num_space_uncommitted: 0.
num_chunks_returned_to_freelist: 12.
num_chunks_taken_from_freelist: 4223.
num_chunk_merges: 12.
num_chunk_splits: 3031.
num_chunks_enlarged: 2286.
num_inconsistent_stats: 0.

CodeHeap 'non-profiled nmethods': size=120000Kb used=20032Kb max_used=20032Kb free=99967Kb
 bounds [0x0000021b70dc0000, 0x0000021b72170000, 0x0000021b782f0000]
CodeHeap 'profiled nmethods': size=120000Kb used=51076Kb max_used=51076Kb free=68923Kb
 bounds [0x0000021b692f0000, 0x0000021b6c4e0000, 0x0000021b70820000]
CodeHeap 'non-nmethods': size=5760Kb used=1415Kb max_used=1537Kb free=4344Kb
 bounds [0x0000021b70820000, 0x0000021b70a90000, 0x0000021b70dc0000]
 total_blobs=20873 nmethods=20131 adapters=649
 compilation: enabled
              stopped_count=0, restarted_count=0
 full_count=0

Compilation events (20 events):
Event: 64.696 Thread 0x0000021b049e4c90 27958       3       androidx.compose.compiler.plugins.kotlin.lower.InferenceFunctionDeclarationNode::getElement (8 bytes)
Event: 64.696 Thread 0x0000021b049e4c90 nmethod 27958 0x0000021b6c4d2d90 code [0x0000021b6c4d2f20, 0x0000021b6c4d3038]
Event: 64.696 Thread 0x0000021b049e4c90 27954       3       androidx.compose.compiler.plugins.kotlin.lower.ComposableTargetAnnotationsTransformer$infer$3::getLazyScheme (20 bytes)
Event: 64.696 Thread 0x0000021b049e4c90 nmethod 27954 0x0000021b6c4d3110 code [0x0000021b6c4d3340, 0x0000021b6c4d3ac8]
Event: 64.696 Thread 0x0000021b049e4c90 27959       3       androidx.compose.compiler.plugins.kotlin.lower.InferenceCallExpression::getElement (8 bytes)
Event: 64.697 Thread 0x0000021b049e4c90 nmethod 27959 0x0000021b6c4d3d90 code [0x0000021b6c4d3f20, 0x0000021b6c4d4038]
Event: 64.697 Thread 0x0000021b049e4c90 27957       3       androidx.compose.compiler.plugins.kotlin.lower.ComposableTargetAnnotationsTransformerKt::access$isComposableTarget (5 bytes)
Event: 64.697 Thread 0x0000021b049e4c90 nmethod 27957 0x0000021b6c4d4110 code [0x0000021b6c4d42a0, 0x0000021b6c4d43a8]
Event: 64.697 Thread 0x0000021b049e4c90 27960       3       java.lang.StringConcatHelper::prepend (22 bytes)
Event: 64.697 Thread 0x0000021b049e3530 nmethod 27815 0x0000021b7161e190 code [0x0000021b7161e300, 0x0000021b7161e478]
Event: 64.697 Thread 0x0000021b049e3530 27810       4       androidx.compose.compiler.plugins.kotlin.lower.ComposerTypeRemapper::enterScope (18 bytes)
Event: 64.697 Thread 0x0000021b049e4c90 nmethod 27960 0x0000021b6c4d4490 code [0x0000021b6c4d4640, 0x0000021b6c4d47d8]
Event: 64.698 Thread 0x0000021b049e4c90 27961       3       org.jetbrains.kotlin.serialization.deserialization.TypeDeserializer::loadTypeParameter (39 bytes)
Event: 64.698 Thread 0x0000021b049e4c90 nmethod 27961 0x0000021b6c4d4890 code [0x0000021b6c4d4a80, 0x0000021b6c4d50d8]
Event: 64.699 Thread 0x0000021b049e4c90 27962       3       org.jetbrains.kotlin.codegen.signature.AsmTypeFactory::createObjectType (6 bytes)
Event: 64.700 Thread 0x0000021b049e4c90 nmethod 27962 0x0000021b6c4d5310 code [0x0000021b6c4d5540, 0x0000021b6c4d5bd8]
Event: 64.706 Thread 0x0000021b049e3530 nmethod 27810 0x0000021b71f55110 code [0x0000021b71f552c0, 0x0000021b71f55b58]
Event: 64.706 Thread 0x0000021b049e3530 27811       4       androidx.compose.compiler.plugins.kotlin.lower.ComposerTypeRemapper::leaveScope (9 bytes)
Event: 64.708 Thread 0x0000021b049e3530 nmethod 27811 0x0000021b7161dc10 code [0x0000021b7161dda0, 0x0000021b7161df78]
Event: 64.708 Thread 0x0000021b049e3530 27964       4       org.jetbrains.kotlin.types.checker.SimpleClassicTypeSystemContext::getPrimitiveType (6 bytes)

GC Heap History (20 events):
Event: 45.375 GC heap before
{Heap before GC invocations=45 (full 0):
 garbage-first heap   total 448512K, used 351760K [0x0000000701200000, 0x0000000800000000)
  region size 2048K, 57 young (116736K), 5 survivors (10240K)
 Metaspace       used 79373K, committed 79808K, reserved 1179648K
  class space    used 8744K, committed 8960K, reserved 1048576K
}
Event: 45.389 GC heap after
{Heap after GC invocations=46 (full 0):
 garbage-first heap   total 448512K, used 252271K [0x0000000701200000, 0x0000000800000000)
  region size 2048K, 8 young (16384K), 8 survivors (16384K)
 Metaspace       used 79373K, committed 79808K, reserved 1179648K
  class space    used 8744K, committed 8960K, reserved 1048576K
}
Event: 45.453 GC heap before
{Heap before GC invocations=46 (full 0):
 garbage-first heap   total 448512K, used 256367K [0x0000000701200000, 0x0000000800000000)
  region size 2048K, 10 young (20480K), 8 survivors (16384K)
 Metaspace       used 79382K, committed 79808K, reserved 1179648K
  class space    used 8744K, committed 8960K, reserved 1048576K
}
Event: 45.467 GC heap after
{Heap after GC invocations=47 (full 0):
 garbage-first heap   total 448512K, used 253133K [0x0000000701200000, 0x0000000800000000)
  region size 2048K, 1 young (2048K), 1 survivors (2048K)
 Metaspace       used 79382K, committed 79808K, reserved 1179648K
  class space    used 8744K, committed 8960K, reserved 1048576K
}
Event: 47.490 GC heap before
{Heap before GC invocations=47 (full 0):
 garbage-first heap   total 448512K, used 380109K [0x0000000701200000, 0x0000000800000000)
  region size 2048K, 63 young (129024K), 1 survivors (2048K)
 Metaspace       used 79567K, committed 80000K, reserved 1179648K
  class space    used 8746K, committed 8960K, reserved 1048576K
}
Event: 47.498 GC heap after
{Heap after GC invocations=48 (full 0):
 garbage-first heap   total 448512K, used 259433K [0x0000000701200000, 0x0000000800000000)
  region size 2048K, 5 young (10240K), 5 survivors (10240K)
 Metaspace       used 79567K, committed 80000K, reserved 1179648K
  class space    used 8746K, committed 8960K, reserved 1048576K
}
Event: 49.369 GC heap before
{Heap before GC invocations=48 (full 0):
 garbage-first heap   total 448512K, used 380265K [0x0000000701200000, 0x0000000800000000)
  region size 2048K, 64 young (131072K), 5 survivors (10240K)
 Metaspace       used 79694K, committed 80128K, reserved 1179648K
  class space    used 8753K, committed 8960K, reserved 1048576K
}
Event: 49.382 GC heap after
{Heap after GC invocations=49 (full 0):
 garbage-first heap   total 448512K, used 266730K [0x0000000701200000, 0x0000000800000000)
  region size 2048K, 8 young (16384K), 8 survivors (16384K)
 Metaspace       used 79694K, committed 80128K, reserved 1179648K
  class space    used 8753K, committed 8960K, reserved 1048576K
}
Event: 50.621 GC heap before
{Heap before GC invocations=49 (full 0):
 garbage-first heap   total 448512K, used 381418K [0x0000000701200000, 0x0000000800000000)
  region size 2048K, 64 young (131072K), 8 survivors (16384K)
 Metaspace       used 80296K, committed 80768K, reserved 1179648K
  class space    used 8789K, committed 9024K, reserved 1048576K
}
Event: 50.636 GC heap after
{Heap after GC invocations=50 (full 0):
 garbage-first heap   total 448512K, used 271410K [0x0000000701200000, 0x0000000800000000)
  region size 2048K, 6 young (12288K), 6 survivors (12288K)
 Metaspace       used 80296K, committed 80768K, reserved 1179648K
  class space    used 8789K, committed 9024K, reserved 1048576K
}
Event: 51.584 GC heap before
{Heap before GC invocations=51 (full 0):
 garbage-first heap   total 536576K, used 375858K [0x0000000701200000, 0x0000000800000000)
  region size 2048K, 57 young (116736K), 6 survivors (12288K)
 Metaspace       used 80391K, committed 80832K, reserved 1179648K
  class space    used 8790K, committed 9024K, reserved 1048576K
}
Event: 51.596 GC heap after
{Heap after GC invocations=52 (full 0):
 garbage-first heap   total 536576K, used 274718K [0x0000000701200000, 0x0000000800000000)
  region size 2048K, 4 young (8192K), 4 survivors (8192K)
 Metaspace       used 80391K, committed 80832K, reserved 1179648K
  class space    used 8790K, committed 9024K, reserved 1048576K
}
Event: 51.708 GC heap before
{Heap before GC invocations=52 (full 0):
 garbage-first heap   total 536576K, used 293150K [0x0000000701200000, 0x0000000800000000)
  region size 2048K, 13 young (26624K), 4 survivors (8192K)
 Metaspace       used 80404K, committed 80832K, reserved 1179648K
  class space    used 8791K, committed 9024K, reserved 1048576K
}
Event: 51.718 GC heap after
{Heap after GC invocations=53 (full 0):
 garbage-first heap   total 645120K, used 274927K [0x0000000701200000, 0x0000000800000000)
  region size 2048K, 1 young (2048K), 1 survivors (2048K)
 Metaspace       used 80404K, committed 80832K, reserved 1179648K
  class space    used 8791K, committed 9024K, reserved 1048576K
}
Event: 59.439 GC heap before
{Heap before GC invocations=53 (full 0):
 garbage-first heap   total 645120K, used 526831K [0x0000000701200000, 0x0000000800000000)
  region size 2048K, 124 young (253952K), 1 survivors (2048K)
 Metaspace       used 87876K, committed 88320K, reserved 1179648K
  class space    used 9468K, committed 9664K, reserved 1048576K
}
Event: 59.465 GC heap after
{Heap after GC invocations=54 (full 0):
 garbage-first heap   total 645120K, used 303588K [0x0000000701200000, 0x0000000800000000)
  region size 2048K, 15 young (30720K), 15 survivors (30720K)
 Metaspace       used 87876K, committed 88320K, reserved 1179648K
  class space    used 9468K, committed 9664K, reserved 1048576K
}
Event: 62.507 GC heap before
{Heap before GC invocations=54 (full 0):
 garbage-first heap   total 645120K, used 528868K [0x0000000701200000, 0x0000000800000000)
  region size 2048K, 125 young (256000K), 15 survivors (30720K)
 Metaspace       used 90020K, committed 90432K, reserved 1179648K
  class space    used 9717K, committed 9920K, reserved 1048576K
}
Event: 62.555 GC heap after
{Heap after GC invocations=55 (full 0):
 garbage-first heap   total 645120K, used 342063K [0x0000000701200000, 0x0000000800000000)
  region size 2048K, 16 young (32768K), 16 survivors (32768K)
 Metaspace       used 90020K, committed 90432K, reserved 1179648K
  class space    used 9717K, committed 9920K, reserved 1048576K
}
Event: 64.081 GC heap before
{Heap before GC invocations=55 (full 0):
 garbage-first heap   total 645120K, used 518191K [0x0000000701200000, 0x0000000800000000)
  region size 2048K, 102 young (208896K), 16 survivors (32768K)
 Metaspace       used 90984K, committed 91392K, reserved 1179648K
  class space    used 9788K, committed 9984K, reserved 1048576K
}
Event: 64.128 GC heap after
{Heap after GC invocations=56 (full 0):
 garbage-first heap   total 645120K, used 391151K [0x0000000701200000, 0x0000000800000000)
  region size 2048K, 13 young (26624K), 13 survivors (26624K)
 Metaspace       used 90984K, committed 91392K, reserved 1179648K
  class space    used 9788K, committed 9984K, reserved 1048576K
}

Dll operation events (2 events):
Event: 0.009 Loaded shared library C:\Program Files\Android\Android Studio2\jbr\bin\java.dll
Event: 1.256 Loaded shared library C:\Program Files\Android\Android Studio2\jbr\bin\verify.dll

Deoptimization events (20 events):
Event: 64.544 Thread 0x0000021b65e12260 Uncommon trap: trap_request=0xffffff45 fr.pc=0x0000021b71d4c2e4 relative=0x00000000000000c4
Event: 64.544 Thread 0x0000021b65e12260 Uncommon trap: reason=unstable_if action=reinterpret pc=0x0000021b71d4c2e4 method=org.jetbrains.kotlin.load.java.typeEnhancement.AbstractSignatureParts$computeIndexedQualifiers$1.invoke(I)Lorg/jetbrains/kotlin/load/java/typeEnhancement/JavaTypeQualifiers;
Event: 64.544 Thread 0x0000021b65e12260 DEOPT PACKING pc=0x0000021b71d4c2e4 sp=0x0000004ba64fb0b0
Event: 64.544 Thread 0x0000021b65e12260 DEOPT UNPACKING pc=0x0000021b708769a3 sp=0x0000004ba64fb020 mode 2
Event: 64.606 Thread 0x0000021b65e12260 Uncommon trap: trap_request=0xffffffde fr.pc=0x0000021b71f74a84 relative=0x0000000000000064
Event: 64.606 Thread 0x0000021b65e12260 Uncommon trap: reason=class_check action=maybe_recompile pc=0x0000021b71f74a84 method=java.lang.invoke.Invokers$Holder.linkToTargetMethod(Ljava/lang/Object;Ljava/lang/Object;Ljava/lang/Object;Ljava/lang/Object;)Ljava/lang/Object; @ 1 c2
Event: 64.606 Thread 0x0000021b65e12260 DEOPT PACKING pc=0x0000021b71f74a84 sp=0x0000004ba64fc8c0
Event: 64.606 Thread 0x0000021b65e12260 DEOPT UNPACKING pc=0x0000021b708769a3 sp=0x0000004ba64fc850 mode 2
Event: 64.606 Thread 0x0000021b65e12260 Uncommon trap: trap_request=0xffffffde fr.pc=0x0000021b71f74a84 relative=0x0000000000000064
Event: 64.606 Thread 0x0000021b65e12260 Uncommon trap: reason=class_check action=maybe_recompile pc=0x0000021b71f74a84 method=java.lang.invoke.Invokers$Holder.linkToTargetMethod(Ljava/lang/Object;Ljava/lang/Object;Ljava/lang/Object;Ljava/lang/Object;)Ljava/lang/Object; @ 1 c2
Event: 64.606 Thread 0x0000021b65e12260 DEOPT PACKING pc=0x0000021b71f74a84 sp=0x0000004ba64fcc20
Event: 64.606 Thread 0x0000021b65e12260 DEOPT UNPACKING pc=0x0000021b708769a3 sp=0x0000004ba64fcbb0 mode 2
Event: 64.607 Thread 0x0000021b65e12260 Uncommon trap: trap_request=0xffffffde fr.pc=0x0000021b71f74a84 relative=0x0000000000000064
Event: 64.607 Thread 0x0000021b65e12260 Uncommon trap: reason=class_check action=maybe_recompile pc=0x0000021b71f74a84 method=java.lang.invoke.Invokers$Holder.linkToTargetMethod(Ljava/lang/Object;Ljava/lang/Object;Ljava/lang/Object;Ljava/lang/Object;)Ljava/lang/Object; @ 1 c2
Event: 64.607 Thread 0x0000021b65e12260 DEOPT PACKING pc=0x0000021b71f74a84 sp=0x0000004ba64fc860
Event: 64.607 Thread 0x0000021b65e12260 DEOPT UNPACKING pc=0x0000021b708769a3 sp=0x0000004ba64fc7f0 mode 2
Event: 64.607 Thread 0x0000021b65e12260 Uncommon trap: trap_request=0xffffffde fr.pc=0x0000021b71f74a84 relative=0x0000000000000064
Event: 64.607 Thread 0x0000021b65e12260 Uncommon trap: reason=class_check action=maybe_recompile pc=0x0000021b71f74a84 method=java.lang.invoke.Invokers$Holder.linkToTargetMethod(Ljava/lang/Object;Ljava/lang/Object;Ljava/lang/Object;Ljava/lang/Object;)Ljava/lang/Object; @ 1 c2
Event: 64.607 Thread 0x0000021b65e12260 DEOPT PACKING pc=0x0000021b71f74a84 sp=0x0000004ba64fcbc0
Event: 64.607 Thread 0x0000021b65e12260 DEOPT UNPACKING pc=0x0000021b708769a3 sp=0x0000004ba64fcb50 mode 2

Classes unloaded (0 events):
No events

Classes redefined (0 events):
No events

Internal exceptions (20 events):
Event: 33.227 Thread 0x0000021b65e12260 Implicit null exception at 0x0000021b716de183 to 0x0000021b716ded64
Event: 34.947 Thread 0x0000021b65e12260 Implicit null exception at 0x0000021b7182a573 to 0x0000021b7182a814
Event: 37.559 Thread 0x0000021b65e12260 Implicit null exception at 0x0000021b70fdc8f2 to 0x0000021b70fdd298
Event: 37.560 Thread 0x0000021b65e12260 Implicit null exception at 0x0000021b7118dfcc to 0x0000021b7118e86c
Event: 37.560 Thread 0x0000021b65e12260 Implicit null exception at 0x0000021b70fda9c0 to 0x0000021b70fdb0c8
Event: 41.076 Thread 0x0000021b65e12260 Implicit null exception at 0x0000021b71a8aec0 to 0x0000021b71a8f5c0
Event: 48.487 Thread 0x0000021b65e12260 Implicit null exception at 0x0000021b71c55e4f to 0x0000021b71c57f10
Event: 49.973 Thread 0x0000021b65e12260 Implicit null exception at 0x0000021b71b879c7 to 0x0000021b71b89f24
Event: 53.114 Thread 0x0000021b65e12260 Implicit null exception at 0x0000021b71e344cc to 0x0000021b71e34535
Event: 53.772 Thread 0x0000021b65e12260 Exception <a 'java/lang/NoSuchMethodError'{0x00000007228d9330}: 'java.lang.Object java.lang.invoke.DirectMethodHandle$Holder.invokeStaticInit(java.lang.Object, java.lang.Object, java.lang.Object, java.lang.Object)'> (0x00000007228d9330) 
thrown [s\src\hotspot\share\interpreter\linkResolver.cpp, line 771]
Event: 54.480 Thread 0x0000021b65e12260 Exception <a 'java/lang/NoSuchMethodError'{0x0000000721900e10}: 'java.lang.Object java.lang.invoke.DirectMethodHandle$Holder.invokeSpecial(java.lang.Object, java.lang.Object, int, int, java.lang.Object, java.lang.Object, java.lang.Object, java.lang.Object, java.lang.Object)'> (0x0000000721900e10) 
thrown [s\src\hotspot\share\interpreter\linkResolver.cpp, line 771]
Event: 55.069 Thread 0x0000021b65e12260 Exception <a 'java/lang/NoSuchMethodError'{0x0000000720d95ee8}: 'java.lang.Object java.lang.invoke.DirectMethodHandle$Holder.newInvokeSpecial(java.lang.Object, java.lang.Object, java.lang.Object, int, int)'> (0x0000000720d95ee8) 
thrown [s\src\hotspot\share\interpreter\linkResolver.cpp, line 771]
Event: 55.070 Thread 0x0000021b65e12260 Exception <a 'java/lang/NoSuchMethodError'{0x0000000720d99d28}: 'java.lang.Object java.lang.invoke.DirectMethodHandle$Holder.invokeSpecial(java.lang.Object, java.lang.Object, java.lang.Object, java.lang.Object, int, int)'> (0x0000000720d99d28) 
thrown [s\src\hotspot\share\interpreter\linkResolver.cpp, line 771]
Event: 55.338 Thread 0x0000021b65e12260 Implicit null exception at 0x0000021b71e01560 to 0x0000021b71e03dd8
Event: 55.887 Thread 0x0000021b65e12260 Exception <a 'java/lang/NoSuchMethodError'{0x000000071fb01510}: 'java.lang.Object java.lang.invoke.DirectMethodHandle$Holder.newInvokeSpecial(java.lang.Object, java.lang.Object, int, int, java.lang.Object, java.lang.Object, java.lang.Object)'> (0x000000071fb01510) 
thrown [s\src\hotspot\share\interpreter\linkResolver.cpp, line 771]
Event: 55.890 Thread 0x0000021b65e12260 Exception <a 'java/lang/NoSuchMethodError'{0x000000071fb06060}: 'java.lang.Object java.lang.invoke.DirectMethodHandle$Holder.invokeSpecial(java.lang.Object, java.lang.Object, java.lang.Object, int, int, java.lang.Object, java.lang.Object, java.lang.Object)'> (0x000000071fb06060) 
thrown [s\src\hotspot\share\interpreter\linkResolver.cpp, line 771]
Event: 56.768 Thread 0x0000021b65e12260 Implicit null exception at 0x0000021b71f60dc9 to 0x0000021b71f61758
Event: 60.916 Thread 0x0000021b65e12260 Exception <a 'java/lang/NoSuchMethodError'{0x0000000724507ad0}: 'java.lang.Object java.lang.invoke.DirectMethodHandle$Holder.invokeStatic(java.lang.Object, java.lang.Object, java.lang.Object, int, int, java.lang.Object, java.lang.Object, java.lang.Object, java.lang.Object)'> (0x0000000724507ad0) 
thrown [s\src\hotspot\share\interpreter\linkResolver.cpp, line 771]
Event: 60.917 Thread 0x0000021b65e12260 Exception <a 'java/lang/NoSuchMethodError'{0x0000000724511d98}: 'java.lang.Object java.lang.invoke.DirectMethodHandle$Holder.newInvokeSpecial(java.lang.Object, java.lang.Object, java.lang.Object, int, int, java.lang.Object)'> (0x0000000724511d98) 
thrown [s\src\hotspot\share\interpreter\linkResolver.cpp, line 771]
Event: 60.917 Thread 0x0000021b65e12260 Exception <a 'java/lang/NoSuchMethodError'{0x0000000724519738}: 'java.lang.Object java.lang.invoke.Invokers$Holder.linkToTargetMethod(java.lang.Object, java.lang.Object, int, int, java.lang.Object, java.lang.Object)'> (0x0000000724519738) 
thrown [s\src\hotspot\share\interpreter\linkResolver.cpp, line 771]

VM Operations (20 events):
Event: 63.239 Executing VM operation: ICBufferFull done
Event: 63.445 Executing VM operation: ICBufferFull
Event: 63.446 Executing VM operation: ICBufferFull done
Event: 63.654 Executing VM operation: HandshakeAllThreads
Event: 63.654 Executing VM operation: HandshakeAllThreads done
Event: 63.726 Executing VM operation: ICBufferFull
Event: 63.727 Executing VM operation: ICBufferFull done
Event: 64.080 Executing VM operation: G1CollectForAllocation
Event: 64.128 Executing VM operation: G1CollectForAllocation done
Event: 64.234 Executing VM operation: ICBufferFull
Event: 64.234 Executing VM operation: ICBufferFull done
Event: 64.317 Executing VM operation: ICBufferFull
Event: 64.317 Executing VM operation: ICBufferFull done
Event: 64.319 Executing VM operation: HandshakeAllThreads
Event: 64.319 Executing VM operation: HandshakeAllThreads done
Event: 64.434 Executing VM operation: ICBufferFull
Event: 64.434 Executing VM operation: ICBufferFull done
Event: 64.561 Executing VM operation: ICBufferFull
Event: 64.562 Executing VM operation: ICBufferFull done
Event: 64.709 Executing VM operation: G1Concurrent

Events (20 events):
Event: 64.372 Thread 0x0000021b049e5590 flushing nmethod 0x0000021b6bda9810
Event: 64.372 Thread 0x0000021b049e5590 flushing nmethod 0x0000021b6bdf7b90
Event: 64.373 Thread 0x0000021b049e5590 flushing nmethod 0x0000021b6bf24890
Event: 64.373 Thread 0x0000021b049e5590 flushing nmethod 0x0000021b6bf25510
Event: 64.374 Thread 0x0000021b049e5590 flushing nmethod 0x0000021b6bff1210
Event: 64.374 Thread 0x0000021b049e5590 flushing nmethod 0x0000021b6c004790
Event: 64.374 Thread 0x0000021b049e5590 flushing nmethod 0x0000021b6c005b90
Event: 64.374 Thread 0x0000021b049e5590 flushing nmethod 0x0000021b6c006e10
Event: 64.374 Thread 0x0000021b049e5590 flushing nmethod 0x0000021b6c073e90
Event: 64.374 Thread 0x0000021b049e5590 flushing nmethod 0x0000021b6c075910
Event: 64.374 Thread 0x0000021b049e5590 flushing nmethod 0x0000021b6c077290
Event: 64.375 Thread 0x0000021b049e5590 flushing nmethod 0x0000021b6c0aab90
Event: 64.375 Thread 0x0000021b049e5590 flushing nmethod 0x0000021b6c0ab810
Event: 64.375 Thread 0x0000021b049e5590 flushing nmethod 0x0000021b6c166290
Event: 64.375 Thread 0x0000021b049e5590 flushing nmethod 0x0000021b6c166f10
Event: 64.375 Thread 0x0000021b049e5590 flushing nmethod 0x0000021b6c175d10
Event: 64.376 Thread 0x0000021b049e5590 flushing nmethod 0x0000021b6c1eb190
Event: 64.376 Thread 0x0000021b049e5590 flushing nmethod 0x0000021b6c1ec590
Event: 64.376 Thread 0x0000021b049e5590 flushing nmethod 0x0000021b6c1ed810
Event: 64.376 Thread 0x0000021b049e5590 flushing nmethod 0x0000021b6c260110


Dynamic libraries:
0x00007ff76bca0000 - 0x00007ff76bcaa000 	C:\Program Files\Android\Android Studio2\jbr\bin\java.exe
0x00007ffe561d0000 - 0x00007ffe563c8000 	C:\WINDOWS\SYSTEM32\ntdll.dll
0x00007ffe242d0000 - 0x00007ffe242e9000 	C:\Program Files\Avast Software\Avast\aswhook.dll
0x00007ffe559e0000 - 0x00007ffe55a9f000 	C:\WINDOWS\System32\KERNEL32.DLL
0x00007ffe53a10000 - 0x00007ffe53d06000 	C:\WINDOWS\System32\KERNELBASE.dll
0x00007ffe54010000 - 0x00007ffe54110000 	C:\WINDOWS\System32\ucrtbase.dll
0x00007ffe471d0000 - 0x00007ffe471eb000 	C:\Program Files\Android\Android Studio2\jbr\bin\VCRUNTIME140.dll
0x00007ffe27280000 - 0x00007ffe27297000 	C:\Program Files\Android\Android Studio2\jbr\bin\jli.dll
0x00007ffe542d0000 - 0x00007ffe5446d000 	C:\WINDOWS\System32\USER32.dll
0x00007ffe53db0000 - 0x00007ffe53dd2000 	C:\WINDOWS\System32\win32u.dll
0x00007ffe41860000 - 0x00007ffe41afa000 	C:\WINDOWS\WinSxS\amd64_microsoft.windows.common-controls_6595b64144ccf1df_6.0.19041.1110_none_60b5254171f9507e\COMCTL32.dll
0x00007ffe544a0000 - 0x00007ffe544cc000 	C:\WINDOWS\System32\GDI32.dll
0x00007ffe54230000 - 0x00007ffe542ce000 	C:\WINDOWS\System32\msvcrt.dll
0x00007ffe54110000 - 0x00007ffe54225000 	C:\WINDOWS\System32\gdi32full.dll
0x00007ffe53d10000 - 0x00007ffe53dad000 	C:\WINDOWS\System32\msvcp_win.dll
0x00007ffe54470000 - 0x00007ffe544a0000 	C:\WINDOWS\System32\IMM32.DLL
0x00007ffe4c490000 - 0x00007ffe4c49c000 	C:\Program Files\Android\Android Studio2\jbr\bin\vcruntime140_1.dll
0x00007ffe20bd0000 - 0x00007ffe20c5d000 	C:\Program Files\Android\Android Studio2\jbr\bin\msvcp140.dll
0x00007ffdcd1d0000 - 0x00007ffdcde50000 	C:\Program Files\Android\Android Studio2\jbr\bin\server\jvm.dll
0x00007ffe556d0000 - 0x00007ffe5577f000 	C:\WINDOWS\System32\ADVAPI32.dll
0x00007ffe55aa0000 - 0x00007ffe55b3c000 	C:\WINDOWS\System32\sechost.dll
0x00007ffe54530000 - 0x00007ffe54656000 	C:\WINDOWS\System32\RPCRT4.dll
0x00007ffe3eeb0000 - 0x00007ffe3eeb9000 	C:\WINDOWS\SYSTEM32\WSOCK32.dll
0x00007ffe43850000 - 0x00007ffe43877000 	C:\WINDOWS\SYSTEM32\WINMM.dll
0x00007ffe55250000 - 0x00007ffe552bb000 	C:\WINDOWS\System32\WS2_32.dll
0x00007ffe4c670000 - 0x00007ffe4c67a000 	C:\WINDOWS\SYSTEM32\VERSION.dll
0x00007ffe520f0000 - 0x00007ffe52102000 	C:\WINDOWS\SYSTEM32\kernel.appcore.dll
0x00007ffe4cdc0000 - 0x00007ffe4cdca000 	C:\Program Files\Android\Android Studio2\jbr\bin\jimage.dll
0x00007ffe50f40000 - 0x00007ffe51124000 	C:\WINDOWS\SYSTEM32\DBGHELP.DLL
0x00007ffe49e80000 - 0x00007ffe49eb4000 	C:\WINDOWS\SYSTEM32\dbgcore.DLL
0x00007ffe53f00000 - 0x00007ffe53f82000 	C:\WINDOWS\System32\bcryptPrimitives.dll
0x00007ffe2f840000 - 0x00007ffe2f865000 	C:\Program Files\Android\Android Studio2\jbr\bin\java.dll
0x00007ffe4cda0000 - 0x00007ffe4cdb8000 	C:\Program Files\Android\Android Studio2\jbr\bin\zip.dll
0x00007ffe546c0000 - 0x00007ffe54e04000 	C:\WINDOWS\System32\SHELL32.dll
0x00007ffe51940000 - 0x00007ffe520d3000 	C:\WINDOWS\SYSTEM32\windows.storage.dll
0x00007ffe54e10000 - 0x00007ffe55164000 	C:\WINDOWS\System32\combase.dll
0x00007ffe53300000 - 0x00007ffe5332e000 	C:\WINDOWS\SYSTEM32\Wldp.dll
0x00007ffe55930000 - 0x00007ffe559dd000 	C:\WINDOWS\System32\SHCORE.dll
0x00007ffe544d0000 - 0x00007ffe54525000 	C:\WINDOWS\System32\shlwapi.dll
0x00007ffe537f0000 - 0x00007ffe5380f000 	C:\WINDOWS\SYSTEM32\profapi.dll
0x00007ffe2de60000 - 0x00007ffe2de79000 	C:\Program Files\Android\Android Studio2\jbr\bin\net.dll
0x00007ffe4ca80000 - 0x00007ffe4cb8a000 	C:\WINDOWS\SYSTEM32\WINHTTP.dll
0x00007ffe53060000 - 0x00007ffe530ca000 	C:\WINDOWS\system32\mswsock.dll
0x00007ffe2cde0000 - 0x00007ffe2cdf6000 	C:\Program Files\Android\Android Studio2\jbr\bin\nio.dll
0x00007ffe42ac0000 - 0x00007ffe42ad0000 	C:\Program Files\Android\Android Studio2\jbr\bin\verify.dll

dbghelp: loaded successfully - version: 4.0.5 - missing functions: none
symbol engine: initialized successfully - sym options: 0x614 - pdb path: .;C:\Program Files\Android\Android Studio2\jbr\bin;C:\WINDOWS\SYSTEM32;C:\Program Files\Avast Software\Avast;C:\WINDOWS\WinSxS\amd64_microsoft.windows.common-controls_6595b64144ccf1df_6.0.19041.1110_none_60b5254171f9507e;C:\Program Files\Android\Android Studio2\jbr\bin\server

VM Arguments:
java_command: org.jetbrains.kotlin.cli.jvm.K2JVMCompiler @C:\Users\Dell 7710\Downloads\Documents\RovleApp\app\build\20240416_8226298848697676866.compiler.options
java_class_path (initial): C:\Users\Dell 7710\.gradle\caches\modules-2\files-2.1\org.jetbrains.kotlin\kotlin-compiler-embeddable\1.8.10\b0757fd774344d54ce93f5ad6c30ba1c1731c8ff\kotlin-compiler-embeddable-1.8.10.jar;C:\Users\Dell 7710\.gradle\caches\modules-2\files-2.1\org.jetbrains.kotlin\kotlin-stdlib\1.8.10\6d5560a229477df9406943d5feda5618e98eb64c\kotlin-stdlib-1.8.10.jar;C:\Users\Dell 7710\.gradle\caches\modules-2\files-2.1\org.jetbrains.kotlin\kotlin-script-runtime\1.8.10\b13ea9c7e46d589139e56086a878763290e20bd5\kotlin-script-runtime-1.8.10.jar;C:\Users\Dell 7710\.gradle\caches\modules-2\files-2.1\org.jetbrains.kotlin\kotlin-reflect\1.6.10\1cbe9c92c12a94eea200d23c2bbaedaf3daf5132\kotlin-reflect-1.6.10.jar;C:\Users\Dell 7710\.gradle\caches\modules-2\files-2.1\org.jetbrains.kotlin\kotlin-daemon-embeddable\1.8.10\ad8541d9bc1cf9e52c3204161247910c2cf601d4\kotlin-daemon-embeddable-1.8.10.jar;C:\Users\Dell 7710\.gradle\caches\modules-2\files-2.1\org.jetbrains.intellij.deps\trove4j\1.0.20200330\3afb14d5f9ceb459d724e907a21145e8ff394f02\trove4j-1.0.20200330.jar;C:\Users\Dell 7710\.gradle\caches\modules-2\files-2.1\net.java.dev.jna\jna\5.6.0\330f2244e9030119ab3030fc3fededc86713d9cc\jna-5.6.0.jar;C:\Users\Dell 7710\.gradle\caches\modules-2\files-2.1\org.jetbrains.kotlin\kotlin-stdlib-common\1.8.10\a61b182458550492c12aee66157d7b524a63a5ec\kotlin-stdlib-common-1.8.10.jar;C:\Users\Dell 7710\.gradle\caches\modules-2\files-2.1\org.jetbrains\annotations\13.0\919f0dfe192fb4e063e7dacadee7f8bb9a2672a9\annotations-13.0.jar
Launcher Type: SUN_STANDARD

[Global flags]
     intx CICompilerCount                          = 4                                         {product} {ergonomic}
     uint ConcGCThreads                            = 2                                         {product} {ergonomic}
     uint G1ConcRefinementThreads                  = 8                                         {product} {ergonomic}
   size_t G1HeapRegionSize                         = 2097152                                   {product} {ergonomic}
    uintx GCDrainStackTargetSize                   = 64                                        {product} {ergonomic}
   size_t InitialHeapSize                          = 268435456                                 {product} {ergonomic}
   size_t MarkStackSize                            = 4194304                                   {product} {ergonomic}
   size_t MaxHeapSize                              = 4276092928                                {product} {ergonomic}
   size_t MaxNewSize                               = 2564816896                                {product} {ergonomic}
   size_t MinHeapDeltaBytes                        = 2097152                                   {product} {ergonomic}
   size_t MinHeapSize                              = 8388608                                   {product} {ergonomic}
    uintx NonNMethodCodeHeapSize                   = 5839372                                {pd product} {ergonomic}
    uintx NonProfiledCodeHeapSize                  = 122909434                              {pd product} {ergonomic}
    uintx ProfiledCodeHeapSize                     = 122909434                              {pd product} {ergonomic}
    uintx ReservedCodeCacheSize                    = 251658240                              {pd product} {ergonomic}
     bool SegmentedCodeCache                       = true                                      {product} {ergonomic}
   size_t SoftMaxHeapSize                          = 4276092928                             {manageable} {ergonomic}
     bool UseCompressedClassPointers               = true                           {product lp64_product} {ergonomic}
     bool UseCompressedOops                        = true                           {product lp64_product} {ergonomic}
     bool UseG1GC                                  = true                                      {product} {ergonomic}
     bool UseLargePagesIndividualAllocation        = false                                  {pd product} {ergonomic}

Logging:
Log output configuration:
 #0: stdout all=warning uptime,level,tags
 #1: stderr all=off uptime,level,tags

Environment Variables:
PATH=C:\Program Files (x86)\VMware\VMware Workstation\bin\;C:\Program Files (x86)\Common Files\Oracle\Java\javapath;C:\Windows\system32;C:\Windows;C:\Windows\System32\Wbem;C:\Windows\System32\WindowsPowerShell\v1.0\;C:\Windows\System32\OpenSSH\;C:\Program Files (x86)\NVIDIA Corporation\PhysX\Common;C:\WINDOWS\system32;C:\WINDOWS;C:\WINDOWS\System32\Wbem;C:\WINDOWS\System32\WindowsPowerShell\v1.0\;C:\WINDOWS\System32\OpenSSH\;C:\Program Files\NVIDIA Corporation\NVIDIA NvDLISR;C:\Program Files (x86)\dotnet\;C:\Program Files\dotnet\;C:\Program Files\Git\cmd;C:\Users\Dell 7710\AppData\Local\Programs\Python\Python312\Scripts\;C:\Users\Dell 7710\AppData\Local\Programs\Python\Python312\;C:\Users\Dell 7710\AppData\Local\Programs\Python\Launcher\;C:\Users\Dell 7710\AppData\Local\Microsoft\WindowsApps;;E:\Microsoft VS Code\bin
USERNAME=Dell 7710
OS=Windows_NT
PROCESSOR_IDENTIFIER=Intel64 Family 6 Model 94 Stepping 3, GenuineIntel
TMP=C:\Users\Dell 7710\AppData\Local\Temp
TEMP=C:\Users\Dell 7710\AppData\Local\Temp


JNI global refs:
JNI global refs: 13, weak refs: 12

JNI global refs memory usage: 843, weak refs: 841

OOME stack traces (most recent first):
Classloader memory used:
Loader jdk.internal.loader.ClassLoaders$AppClassLoader                                 : 9177K
Loader bootstrap                                                                       : 1731K
Loader java.net.URLClassLoader                                                         : 348K
Loader jdk.internal.reflect.DelegatingClassLoader                                      : 111K
Loader jdk.internal.loader.ClassLoaders$PlatformClassLoader                            : 36638B


---------------  S Y S T E M  ---------------

OS:
 Windows 10 , 64 bit Build 19041 (10.0.19041.3031)
OS uptime: 1 days 9:48 hours

CPU: total 8 (initial active 8) (4 cores per cpu, 2 threads per core) family 6 model 94 stepping 3 microcode 0xcc, cx8, cmov, fxsr, ht, mmx, 3dnowpref, sse, sse2, sse3, ssse3, sse4.1, sse4.2, popcnt, lzcnt, tsc, tscinvbit, avx, avx2, aes, erms, clmul, bmi1, bmi2, rtm, adx, fma, vzeroupper, clflush, clflushopt

Memory: 4k page, system-wide physical 16308M (2608M free)
TotalPageFile size 18356M (AvailPageFile size 61M)
current process WorkingSet (physical memory assigned to process): 954M, peak: 962M
current process commit charge ("private bytes"): 997M, peak: 1106M

vm_info: OpenJDK 64-Bit Server VM (17.0.7+0-b2043.56-10550314) for windows-amd64 JRE (17.0.7+0-b2043.56-10550314), built on Jul 24 2023 18:27:45 by "androidbuild" with MS VC++ 16.10 / 16.11 (VS2019)

END.
